{Anser_sphenocercus, Eublepharis_aegagrus} {Apus_zonata, Podoces_alpestris}
{Anser_sphenocercus, Lepidobatrachus_salei} {Apus_zonata, Podoces_alpestris}
{Anser_sphenocercus, Liasis_homeana} {Apus_zonata, Podoces_alpestris}
{Anser_sphenocercus, Limnodromus_smithi} {Apus_zonata, Podoces_alpestris}
{Anser_sphenocercus, Sterna_bewickii} {Apus_zonata, Podoces_alpestris}
{Eublepharis_aegagrus, Lepidobatrachus_salei} {Apus_zonata, Podoces_alpestris}
{Eublepharis_aegagrus, Liasis_homeana} {Apus_zonata, Podoces_alpestris}
{Eublepharis_aegagrus, Limnodromus_smithi} {Apus_zonata, Podoces_alpestris}
{Eublepharis_aegagrus, Sterna_bewickii} {Apus_zonata, Podoces_alpestris}
{Lepidobatrachus_salei, Liasis_homeana} {Apus_zonata, Podoces_alpestris}
{Lepidobatrachus_salei, Limnodromus_smithi} {Apus_zonata, Podoces_alpestris}
{Lepidobatrachus_salei, Sterna_bewickii} {Apus_zonata, Podoces_alpestris}
{Liasis_homeana, Limnodromus_smithi} {Apus_zonata, Podoces_alpestris}
{Liasis_homeana, Sterna_bewickii} {Apus_zonata, Podoces_alpestris}
{Limnodromus_smithi, Sterna_bewickii} {Apus_zonata, Podoces_alpestris}
{Balaenoptera_dives, Procellaria_pyromelana} {Anser_sphenocercus, Cygnus_torquatus}
{Eublepharis_aegagrus, Iomachus_teniotis} {Cygnus_torquatus, Ethmostigmus_platycephala}
{Eublepharis_aegagrus, Iomachus_teniotis} {Cygnus_torquatus, Liasis_homeana}
{Eublepharis_aegagrus, Iomachus_teniotis} {Cygnus_torquatus, Limnodromus_smithi}
{Eublepharis_aegagrus, Iomachus_teniotis} {Cygnus_torquatus, Numenius_aceras}
{Eublepharis_aegagrus, Iomachus_teniotis} {Cygnus_torquatus, Pratincola_vulgaris}
{Eublepharis_aegagrus, Iomachus_teniotis} {Cygnus_torquatus, Sorex_unicolor}
{Eublepharis_aegagrus, Iomachus_teniotis} {Cygnus_torquatus, Sterna_bewickii}
{Eublepharis_aegagrus, Iomachus_teniotis} {Ethmostigmus_platycephala, Liasis_homeana}
{Eublepharis_aegagrus, Iomachus_teniotis} {Ethmostigmus_platycephala, Limnodromus_smithi}
{Eublepharis_aegagrus, Iomachus_teniotis} {Ethmostigmus_platycephala, Numenius_aceras}
{Eublepharis_aegagrus, Iomachus_teniotis} {Ethmostigmus_platycephala, Pratincola_vulgaris}
{Eublepharis_aegagrus, Iomachus_teniotis} {Ethmostigmus_platycephala, Sorex_unicolor}
{Eublepharis_aegagrus, Iomachus_teniotis} {Ethmostigmus_platycephala, Sterna_bewickii}
{Eublepharis_aegagrus, Iomachus_teniotis} {Liasis_homeana, Limnodromus_smithi}
{Eublepharis_aegagrus, Iomachus_teniotis} {Liasis_homeana, Numenius_aceras}
{Eublepharis_aegagrus, Iomachus_teniotis} {Liasis_homeana, Pratincola_vulgaris}
{Eublepharis_aegagrus, Iomachus_teniotis} {Liasis_homeana, Sorex_unicolor}
{Eublepharis_aegagrus, Iomachus_teniotis} {Liasis_homeana, Sterna_bewickii}
{Eublepharis_aegagrus, Iomachus_teniotis} {Limnodromus_smithi, Numenius_aceras}
{Eublepharis_aegagrus, Iomachus_teniotis} {Limnodromus_smithi, Pratincola_vulgaris}
{Eublepharis_aegagrus, Iomachus_teniotis} {Limnodromus_smithi, Sorex_unicolor}
{Eublepharis_aegagrus, Iomachus_teniotis} {Limnodromus_smithi, Sterna_bewickii}
{Eublepharis_aegagrus, Iomachus_teniotis} {Numenius_aceras, Pratincola_vulgaris}
{Eublepharis_aegagrus, Iomachus_teniotis} {Numenius_aceras, Sorex_unicolor}
{Eublepharis_aegagrus, Iomachus_teniotis} {Numenius_aceras, Sterna_bewickii}
{Eublepharis_aegagrus, Iomachus_teniotis} {Pratincola_vulgaris, Sorex_unicolor}
{Eublepharis_aegagrus, Iomachus_teniotis} {Pratincola_vulgaris, Sterna_bewickii}
{Eublepharis_aegagrus, Iomachus_teniotis} {Sorex_unicolor, Sterna_bewickii}
{Anser_sphenocercus, Cygnus_torquatus} {Alpes_lavaretus, Apus_zonata}
{Anser_sphenocercus, Cygnus_torquatus} {Alpes_lavaretus, Boa_altaicus}
{Anser_sphenocercus, Cygnus_torquatus} {Alpes_lavaretus, Eublepharis_aegagrus}
{Anser_sphenocercus, Cygnus_torquatus} {Alpes_lavaretus, Iomachus_teniotis}
{Anser_sphenocercus, Cygnus_torquatus} {Alpes_lavaretus, Lepidobatrachus_salei}
{Anser_sphenocercus, Cygnus_torquatus} {Alpes_lavaretus, Limnodromus_smithi}
{Anser_sphenocercus, Cygnus_torquatus} {Alpes_lavaretus, Numenius_aceras}
{Anser_sphenocercus, Cygnus_torquatus} {Alpes_lavaretus, Podoces_alpestris}
{Anser_sphenocercus, Cygnus_torquatus} {Alpes_lavaretus, Pratincola_vulgaris}
{Anser_sphenocercus, Cygnus_torquatus} {Alpes_lavaretus, Procellaria_pyromelana}
{Anser_sphenocercus, Cygnus_torquatus} {Alpes_lavaretus, Sterna_bewickii}
{Anser_sphenocercus, Cygnus_torquatus} {Alpes_lavaretus, Trachemys_tatarica}
{Anser_sphenocercus, Cygnus_torquatus} {Apus_zonata, Boa_altaicus}
{Anser_sphenocercus, Cygnus_torquatus} {Apus_zonata, Eublepharis_aegagrus}
{Anser_sphenocercus, Cygnus_torquatus} {Apus_zonata, Iomachus_teniotis}
{Anser_sphenocercus, Cygnus_torquatus} {Apus_zonata, Lepidobatrachus_salei}
{Anser_sphenocercus, Cygnus_torquatus} {Apus_zonata, Limnodromus_smithi}
{Anser_sphenocercus, Cygnus_torquatus} {Apus_zonata, Numenius_aceras}
{Anser_sphenocercus, Cygnus_torquatus} {Apus_zonata, Podoces_alpestris}
{Anser_sphenocercus, Cygnus_torquatus} {Apus_zonata, Pratincola_vulgaris}
{Anser_sphenocercus, Cygnus_torquatus} {Apus_zonata, Procellaria_pyromelana}
{Anser_sphenocercus, Cygnus_torquatus} {Apus_zonata, Sterna_bewickii}
{Anser_sphenocercus, Cygnus_torquatus} {Apus_zonata, Trachemys_tatarica}
{Anser_sphenocercus, Cygnus_torquatus} {Boa_altaicus, Eublepharis_aegagrus}
{Anser_sphenocercus, Cygnus_torquatus} {Boa_altaicus, Iomachus_teniotis}
{Anser_sphenocercus, Cygnus_torquatus} {Boa_altaicus, Lepidobatrachus_salei}
{Anser_sphenocercus, Cygnus_torquatus} {Boa_altaicus, Limnodromus_smithi}
{Anser_sphenocercus, Cygnus_torquatus} {Boa_altaicus, Numenius_aceras}
{Anser_sphenocercus, Cygnus_torquatus} {Boa_altaicus, Podoces_alpestris}
{Anser_sphenocercus, Cygnus_torquatus} {Boa_altaicus, Pratincola_vulgaris}
{Anser_sphenocercus, Cygnus_torquatus} {Boa_altaicus, Procellaria_pyromelana}
{Anser_sphenocercus, Cygnus_torquatus} {Boa_altaicus, Sterna_bewickii}
{Anser_sphenocercus, Cygnus_torquatus} {Boa_altaicus, Trachemys_tatarica}
{Anser_sphenocercus, Cygnus_torquatus} {Eublepharis_aegagrus, Iomachus_teniotis}
{Anser_sphenocercus, Cygnus_torquatus} {Eublepharis_aegagrus, Lepidobatrachus_salei}
{Anser_sphenocercus, Cygnus_torquatus} {Eublepharis_aegagrus, Limnodromus_smithi}
{Anser_sphenocercus, Cygnus_torquatus} {Eublepharis_aegagrus, Numenius_aceras}
{Anser_sphenocercus, Cygnus_torquatus} {Eublepharis_aegagrus, Podoces_alpestris}
{Anser_sphenocercus, Cygnus_torquatus} {Eublepharis_aegagrus, Pratincola_vulgaris}
{Anser_sphenocercus, Cygnus_torquatus} {Eublepharis_aegagrus, Procellaria_pyromelana}
{Anser_sphenocercus, Cygnus_torquatus} {Eublepharis_aegagrus, Sterna_bewickii}
{Anser_sphenocercus, Cygnus_torquatus} {Eublepharis_aegagrus, Trachemys_tatarica}
{Anser_sphenocercus, Cygnus_torquatus} {Iomachus_teniotis, Lepidobatrachus_salei}
{Anser_sphenocercus, Cygnus_torquatus} {Iomachus_teniotis, Limnodromus_smithi}
{Anser_sphenocercus, Cygnus_torquatus} {Iomachus_teniotis, Numenius_aceras}
{Anser_sphenocercus, Cygnus_torquatus} {Iomachus_teniotis, Podoces_alpestris}
{Anser_sphenocercus, Cygnus_torquatus} {Iomachus_teniotis, Pratincola_vulgaris}
{Anser_sphenocercus, Cygnus_torquatus} {Iomachus_teniotis, Procellaria_pyromelana}
{Anser_sphenocercus, Cygnus_torquatus} {Iomachus_teniotis, Sterna_bewickii}
{Anser_sphenocercus, Cygnus_torquatus} {Iomachus_teniotis, Trachemys_tatarica}
{Anser_sphenocercus, Cygnus_torquatus} {Lepidobatrachus_salei, Limnodromus_smithi}
{Anser_sphenocercus, Cygnus_torquatus} {Lepidobatrachus_salei, Numenius_aceras}
{Anser_sphenocercus, Cygnus_torquatus} {Lepidobatrachus_salei, Podoces_alpestris}
{Anser_sphenocercus, Cygnus_torquatus} {Lepidobatrachus_salei, Pratincola_vulgaris}
{Anser_sphenocercus, Cygnus_torquatus} {Lepidobatrachus_salei, Procellaria_pyromelana}
{Anser_sphenocercus, Cygnus_torquatus} {Lepidobatrachus_salei, Sterna_bewickii}
{Anser_sphenocercus, Cygnus_torquatus} {Lepidobatrachus_salei, Trachemys_tatarica}
{Anser_sphenocercus, Cygnus_torquatus} {Limnodromus_smithi, Numenius_aceras}
{Anser_sphenocercus, Cygnus_torquatus} {Limnodromus_smithi, Podoces_alpestris}
{Anser_sphenocercus, Cygnus_torquatus} {Limnodromus_smithi, Pratincola_vulgaris}
{Anser_sphenocercus, Cygnus_torquatus} {Limnodromus_smithi, Procellaria_pyromelana}
{Anser_sphenocercus, Cygnus_torquatus} {Limnodromus_smithi, Sterna_bewickii}
{Anser_sphenocercus, Cygnus_torquatus} {Limnodromus_smithi, Trachemys_tatarica}
{Anser_sphenocercus, Cygnus_torquatus} {Numenius_aceras, Podoces_alpestris}
{Anser_sphenocercus, Cygnus_torquatus} {Numenius_aceras, Pratincola_vulgaris}
{Anser_sphenocercus, Cygnus_torquatus} {Numenius_aceras, Procellaria_pyromelana}
{Anser_sphenocercus, Cygnus_torquatus} {Numenius_aceras, Sterna_bewickii}
{Anser_sphenocercus, Cygnus_torquatus} {Numenius_aceras, Trachemys_tatarica}
{Anser_sphenocercus, Cygnus_torquatus} {Podoces_alpestris, Pratincola_vulgaris}
{Anser_sphenocercus, Cygnus_torquatus} {Podoces_alpestris, Procellaria_pyromelana}
{Anser_sphenocercus, Cygnus_torquatus} {Podoces_alpestris, Sterna_bewickii}
{Anser_sphenocercus, Cygnus_torquatus} {Podoces_alpestris, Trachemys_tatarica}
{Anser_sphenocercus, Cygnus_torquatus} {Pratincola_vulgaris, Procellaria_pyromelana}
{Anser_sphenocercus, Cygnus_torquatus} {Pratincola_vulgaris, Sterna_bewickii}
{Anser_sphenocercus, Cygnus_torquatus} {Pratincola_vulgaris, Trachemys_tatarica}
{Anser_sphenocercus, Cygnus_torquatus} {Procellaria_pyromelana, Sterna_bewickii}
{Anser_sphenocercus, Cygnus_torquatus} {Procellaria_pyromelana, Trachemys_tatarica}
{Anser_sphenocercus, Cygnus_torquatus} {Sterna_bewickii, Trachemys_tatarica}
{Anser_sphenocercus, Ethmostigmus_platycephala} {Alpes_lavaretus, Apus_zonata}
{Anser_sphenocercus, Ethmostigmus_platycephala} {Alpes_lavaretus, Boa_altaicus}
{Anser_sphenocercus, Ethmostigmus_platycephala} {Alpes_lavaretus, Eublepharis_aegagrus}
{Anser_sphenocercus, Ethmostigmus_platycephala} {Alpes_lavaretus, Iomachus_teniotis}
{Anser_sphenocercus, Ethmostigmus_platycephala} {Alpes_lavaretus, Lepidobatrachus_salei}
{Anser_sphenocercus, Ethmostigmus_platycephala} {Alpes_lavaretus, Limnodromus_smithi}
{Anser_sphenocercus, Ethmostigmus_platycephala} {Alpes_lavaretus, Numenius_aceras}
{Anser_sphenocercus, Ethmostigmus_platycephala} {Alpes_lavaretus, Podoces_alpestris}
{Anser_sphenocercus, Ethmostigmus_platycephala} {Alpes_lavaretus, Pratincola_vulgaris}
{Anser_sphenocercus, Ethmostigmus_platycephala} {Alpes_lavaretus, Procellaria_pyromelana}
{Anser_sphenocercus, Ethmostigmus_platycephala} {Alpes_lavaretus, Sterna_bewickii}
{Anser_sphenocercus, Ethmostigmus_platycephala} {Alpes_lavaretus, Trachemys_tatarica}
{Anser_sphenocercus, Ethmostigmus_platycephala} {Apus_zonata, Boa_altaicus}
{Anser_sphenocercus, Ethmostigmus_platycephala} {Apus_zonata, Eublepharis_aegagrus}
{Anser_sphenocercus, Ethmostigmus_platycephala} {Apus_zonata, Iomachus_teniotis}
{Anser_sphenocercus, Ethmostigmus_platycephala} {Apus_zonata, Lepidobatrachus_salei}
{Anser_sphenocercus, Ethmostigmus_platycephala} {Apus_zonata, Limnodromus_smithi}
{Anser_sphenocercus, Ethmostigmus_platycephala} {Apus_zonata, Numenius_aceras}
{Anser_sphenocercus, Ethmostigmus_platycephala} {Apus_zonata, Podoces_alpestris}
{Anser_sphenocercus, Ethmostigmus_platycephala} {Apus_zonata, Pratincola_vulgaris}
{Anser_sphenocercus, Ethmostigmus_platycephala} {Apus_zonata, Procellaria_pyromelana}
{Anser_sphenocercus, Ethmostigmus_platycephala} {Apus_zonata, Sterna_bewickii}
{Anser_sphenocercus, Ethmostigmus_platycephala} {Apus_zonata, Trachemys_tatarica}
{Anser_sphenocercus, Ethmostigmus_platycephala} {Boa_altaicus, Eublepharis_aegagrus}
{Anser_sphenocercus, Ethmostigmus_platycephala} {Boa_altaicus, Iomachus_teniotis}
{Anser_sphenocercus, Ethmostigmus_platycephala} {Boa_altaicus, Lepidobatrachus_salei}
{Anser_sphenocercus, Ethmostigmus_platycephala} {Boa_altaicus, Limnodromus_smithi}
{Anser_sphenocercus, Ethmostigmus_platycephala} {Boa_altaicus, Numenius_aceras}
{Anser_sphenocercus, Ethmostigmus_platycephala} {Boa_altaicus, Podoces_alpestris}
{Anser_sphenocercus, Ethmostigmus_platycephala} {Boa_altaicus, Pratincola_vulgaris}
{Anser_sphenocercus, Ethmostigmus_platycephala} {Boa_altaicus, Procellaria_pyromelana}
{Anser_sphenocercus, Ethmostigmus_platycephala} {Boa_altaicus, Sterna_bewickii}
{Anser_sphenocercus, Ethmostigmus_platycephala} {Boa_altaicus, Trachemys_tatarica}
{Anser_sphenocercus, Ethmostigmus_platycephala} {Eublepharis_aegagrus, Iomachus_teniotis}
{Anser_sphenocercus, Ethmostigmus_platycephala} {Eublepharis_aegagrus, Lepidobatrachus_salei}
{Anser_sphenocercus, Ethmostigmus_platycephala} {Eublepharis_aegagrus, Limnodromus_smithi}
{Anser_sphenocercus, Ethmostigmus_platycephala} {Eublepharis_aegagrus, Numenius_aceras}
{Anser_sphenocercus, Ethmostigmus_platycephala} {Eublepharis_aegagrus, Podoces_alpestris}
{Anser_sphenocercus, Ethmostigmus_platycephala} {Eublepharis_aegagrus, Pratincola_vulgaris}
{Anser_sphenocercus, Ethmostigmus_platycephala} {Eublepharis_aegagrus, Procellaria_pyromelana}
{Anser_sphenocercus, Ethmostigmus_platycephala} {Eublepharis_aegagrus, Sterna_bewickii}
{Anser_sphenocercus, Ethmostigmus_platycephala} {Eublepharis_aegagrus, Trachemys_tatarica}
{Anser_sphenocercus, Ethmostigmus_platycephala} {Iomachus_teniotis, Lepidobatrachus_salei}
{Anser_sphenocercus, Ethmostigmus_platycephala} {Iomachus_teniotis, Limnodromus_smithi}
{Anser_sphenocercus, Ethmostigmus_platycephala} {Iomachus_teniotis, Numenius_aceras}
{Anser_sphenocercus, Ethmostigmus_platycephala} {Iomachus_teniotis, Podoces_alpestris}
{Anser_sphenocercus, Ethmostigmus_platycephala} {Iomachus_teniotis, Pratincola_vulgaris}
{Anser_sphenocercus, Ethmostigmus_platycephala} {Iomachus_teniotis, Procellaria_pyromelana}
{Anser_sphenocercus, Ethmostigmus_platycephala} {Iomachus_teniotis, Sterna_bewickii}
{Anser_sphenocercus, Ethmostigmus_platycephala} {Iomachus_teniotis, Trachemys_tatarica}
{Anser_sphenocercus, Ethmostigmus_platycephala} {Lepidobatrachus_salei, Limnodromus_smithi}
{Anser_sphenocercus, Ethmostigmus_platycephala} {Lepidobatrachus_salei, Numenius_aceras}
{Anser_sphenocercus, Ethmostigmus_platycephala} {Lepidobatrachus_salei, Podoces_alpestris}
{Anser_sphenocercus, Ethmostigmus_platycephala} {Lepidobatrachus_salei, Pratincola_vulgaris}
{Anser_sphenocercus, Ethmostigmus_platycephala} {Lepidobatrachus_salei, Procellaria_pyromelana}
{Anser_sphenocercus, Ethmostigmus_platycephala} {Lepidobatrachus_salei, Sterna_bewickii}
{Anser_sphenocercus, Ethmostigmus_platycephala} {Lepidobatrachus_salei, Trachemys_tatarica}
{Anser_sphenocercus, Ethmostigmus_platycephala} {Limnodromus_smithi, Numenius_aceras}
{Anser_sphenocercus, Ethmostigmus_platycephala} {Limnodromus_smithi, Podoces_alpestris}
{Anser_sphenocercus, Ethmostigmus_platycephala} {Limnodromus_smithi, Pratincola_vulgaris}
{Anser_sphenocercus, Ethmostigmus_platycephala} {Limnodromus_smithi, Procellaria_pyromelana}
{Anser_sphenocercus, Ethmostigmus_platycephala} {Limnodromus_smithi, Sterna_bewickii}
{Anser_sphenocercus, Ethmostigmus_platycephala} {Limnodromus_smithi, Trachemys_tatarica}
{Anser_sphenocercus, Ethmostigmus_platycephala} {Numenius_aceras, Podoces_alpestris}
{Anser_sphenocercus, Ethmostigmus_platycephala} {Numenius_aceras, Pratincola_vulgaris}
{Anser_sphenocercus, Ethmostigmus_platycephala} {Numenius_aceras, Procellaria_pyromelana}
{Anser_sphenocercus, Ethmostigmus_platycephala} {Numenius_aceras, Sterna_bewickii}
{Anser_sphenocercus, Ethmostigmus_platycephala} {Numenius_aceras, Trachemys_tatarica}
{Anser_sphenocercus, Ethmostigmus_platycephala} {Podoces_alpestris, Pratincola_vulgaris}
{Anser_sphenocercus, Ethmostigmus_platycephala} {Podoces_alpestris, Procellaria_pyromelana}
{Anser_sphenocercus, Ethmostigmus_platycephala} {Podoces_alpestris, Sterna_bewickii}
{Anser_sphenocercus, Ethmostigmus_platycephala} {Podoces_alpestris, Trachemys_tatarica}
{Anser_sphenocercus, Ethmostigmus_platycephala} {Pratincola_vulgaris, Procellaria_pyromelana}
{Anser_sphenocercus, Ethmostigmus_platycephala} {Pratincola_vulgaris, Sterna_bewickii}
{Anser_sphenocercus, Ethmostigmus_platycephala} {Pratincola_vulgaris, Trachemys_tatarica}
{Anser_sphenocercus, Ethmostigmus_platycephala} {Procellaria_pyromelana, Sterna_bewickii}
{Anser_sphenocercus, Ethmostigmus_platycephala} {Procellaria_pyromelana, Trachemys_tatarica}
{Anser_sphenocercus, Ethmostigmus_platycephala} {Sterna_bewickii, Trachemys_tatarica}
{Cygnus_torquatus, Ethmostigmus_platycephala} {Alpes_lavaretus, Apus_zonata}
{Cygnus_torquatus, Ethmostigmus_platycephala} {Alpes_lavaretus, Boa_altaicus}
{Cygnus_torquatus, Ethmostigmus_platycephala} {Alpes_lavaretus, Eublepharis_aegagrus}
{Cygnus_torquatus, Ethmostigmus_platycephala} {Alpes_lavaretus, Iomachus_teniotis}
{Cygnus_torquatus, Ethmostigmus_platycephala} {Alpes_lavaretus, Lepidobatrachus_salei}
{Cygnus_torquatus, Ethmostigmus_platycephala} {Alpes_lavaretus, Limnodromus_smithi}
{Cygnus_torquatus, Ethmostigmus_platycephala} {Alpes_lavaretus, Numenius_aceras}
{Cygnus_torquatus, Ethmostigmus_platycephala} {Alpes_lavaretus, Podoces_alpestris}
{Cygnus_torquatus, Ethmostigmus_platycephala} {Alpes_lavaretus, Pratincola_vulgaris}
{Cygnus_torquatus, Ethmostigmus_platycephala} {Alpes_lavaretus, Procellaria_pyromelana}
{Cygnus_torquatus, Ethmostigmus_platycephala} {Alpes_lavaretus, Sterna_bewickii}
{Cygnus_torquatus, Ethmostigmus_platycephala} {Alpes_lavaretus, Trachemys_tatarica}
{Cygnus_torquatus, Ethmostigmus_platycephala} {Apus_zonata, Boa_altaicus}
{Cygnus_torquatus, Ethmostigmus_platycephala} {Apus_zonata, Eublepharis_aegagrus}
{Cygnus_torquatus, Ethmostigmus_platycephala} {Apus_zonata, Iomachus_teniotis}
{Cygnus_torquatus, Ethmostigmus_platycephala} {Apus_zonata, Lepidobatrachus_salei}
{Cygnus_torquatus, Ethmostigmus_platycephala} {Apus_zonata, Limnodromus_smithi}
{Cygnus_torquatus, Ethmostigmus_platycephala} {Apus_zonata, Numenius_aceras}
{Cygnus_torquatus, Ethmostigmus_platycephala} {Apus_zonata, Podoces_alpestris}
{Cygnus_torquatus, Ethmostigmus_platycephala} {Apus_zonata, Pratincola_vulgaris}
{Cygnus_torquatus, Ethmostigmus_platycephala} {Apus_zonata, Procellaria_pyromelana}
{Cygnus_torquatus, Ethmostigmus_platycephala} {Apus_zonata, Sterna_bewickii}
{Cygnus_torquatus, Ethmostigmus_platycephala} {Apus_zonata, Trachemys_tatarica}
{Cygnus_torquatus, Ethmostigmus_platycephala} {Boa_altaicus, Eublepharis_aegagrus}
{Cygnus_torquatus, Ethmostigmus_platycephala} {Boa_altaicus, Iomachus_teniotis}
{Cygnus_torquatus, Ethmostigmus_platycephala} {Boa_altaicus, Lepidobatrachus_salei}
{Cygnus_torquatus, Ethmostigmus_platycephala} {Boa_altaicus, Limnodromus_smithi}
{Cygnus_torquatus, Ethmostigmus_platycephala} {Boa_altaicus, Numenius_aceras}
{Cygnus_torquatus, Ethmostigmus_platycephala} {Boa_altaicus, Podoces_alpestris}
{Cygnus_torquatus, Ethmostigmus_platycephala} {Boa_altaicus, Pratincola_vulgaris}
{Cygnus_torquatus, Ethmostigmus_platycephala} {Boa_altaicus, Procellaria_pyromelana}
{Cygnus_torquatus, Ethmostigmus_platycephala} {Boa_altaicus, Sterna_bewickii}
{Cygnus_torquatus, Ethmostigmus_platycephala} {Boa_altaicus, Trachemys_tatarica}
{Cygnus_torquatus, Ethmostigmus_platycephala} {Eublepharis_aegagrus, Lepidobatrachus_salei}
{Cygnus_torquatus, Ethmostigmus_platycephala} {Eublepharis_aegagrus, Limnodromus_smithi}
{Cygnus_torquatus, Ethmostigmus_platycephala} {Eublepharis_aegagrus, Numenius_aceras}
{Cygnus_torquatus, Ethmostigmus_platycephala} {Eublepharis_aegagrus, Podoces_alpestris}
{Cygnus_torquatus, Ethmostigmus_platycephala} {Eublepharis_aegagrus, Pratincola_vulgaris}
{Cygnus_torquatus, Ethmostigmus_platycephala} {Eublepharis_aegagrus, Procellaria_pyromelana}
{Cygnus_torquatus, Ethmostigmus_platycephala} {Eublepharis_aegagrus, Sterna_bewickii}
{Cygnus_torquatus, Ethmostigmus_platycephala} {Eublepharis_aegagrus, Trachemys_tatarica}
{Cygnus_torquatus, Ethmostigmus_platycephala} {Iomachus_teniotis, Lepidobatrachus_salei}
{Cygnus_torquatus, Ethmostigmus_platycephala} {Iomachus_teniotis, Limnodromus_smithi}
{Cygnus_torquatus, Ethmostigmus_platycephala} {Iomachus_teniotis, Numenius_aceras}
{Cygnus_torquatus, Ethmostigmus_platycephala} {Iomachus_teniotis, Podoces_alpestris}
{Cygnus_torquatus, Ethmostigmus_platycephala} {Iomachus_teniotis, Pratincola_vulgaris}
{Cygnus_torquatus, Ethmostigmus_platycephala} {Iomachus_teniotis, Procellaria_pyromelana}
{Cygnus_torquatus, Ethmostigmus_platycephala} {Iomachus_teniotis, Sterna_bewickii}
{Cygnus_torquatus, Ethmostigmus_platycephala} {Iomachus_teniotis, Trachemys_tatarica}
{Cygnus_torquatus, Ethmostigmus_platycephala} {Lepidobatrachus_salei, Limnodromus_smithi}
{Cygnus_torquatus, Ethmostigmus_platycephala} {Lepidobatrachus_salei, Numenius_aceras}
{Cygnus_torquatus, Ethmostigmus_platycephala} {Lepidobatrachus_salei, Podoces_alpestris}
{Cygnus_torquatus, Ethmostigmus_platycephala} {Lepidobatrachus_salei, Pratincola_vulgaris}
{Cygnus_torquatus, Ethmostigmus_platycephala} {Lepidobatrachus_salei, Procellaria_pyromelana}
{Cygnus_torquatus, Ethmostigmus_platycephala} {Lepidobatrachus_salei, Sterna_bewickii}
{Cygnus_torquatus, Ethmostigmus_platycephala} {Lepidobatrachus_salei, Trachemys_tatarica}
{Cygnus_torquatus, Ethmostigmus_platycephala} {Limnodromus_smithi, Numenius_aceras}
{Cygnus_torquatus, Ethmostigmus_platycephala} {Limnodromus_smithi, Podoces_alpestris}
{Cygnus_torquatus, Ethmostigmus_platycephala} {Limnodromus_smithi, Pratincola_vulgaris}
{Cygnus_torquatus, Ethmostigmus_platycephala} {Limnodromus_smithi, Procellaria_pyromelana}
{Cygnus_torquatus, Ethmostigmus_platycephala} {Limnodromus_smithi, Sterna_bewickii}
{Cygnus_torquatus, Ethmostigmus_platycephala} {Limnodromus_smithi, Trachemys_tatarica}
{Cygnus_torquatus, Ethmostigmus_platycephala} {Numenius_aceras, Podoces_alpestris}
{Cygnus_torquatus, Ethmostigmus_platycephala} {Numenius_aceras, Pratincola_vulgaris}
{Cygnus_torquatus, Ethmostigmus_platycephala} {Numenius_aceras, Procellaria_pyromelana}
{Cygnus_torquatus, Ethmostigmus_platycephala} {Numenius_aceras, Sterna_bewickii}
{Cygnus_torquatus, Ethmostigmus_platycephala} {Numenius_aceras, Trachemys_tatarica}
{Cygnus_torquatus, Ethmostigmus_platycephala} {Podoces_alpestris, Pratincola_vulgaris}
{Cygnus_torquatus, Ethmostigmus_platycephala} {Podoces_alpestris, Procellaria_pyromelana}
{Cygnus_torquatus, Ethmostigmus_platycephala} {Podoces_alpestris, Sterna_bewickii}
{Cygnus_torquatus, Ethmostigmus_platycephala} {Podoces_alpestris, Trachemys_tatarica}
{Cygnus_torquatus, Ethmostigmus_platycephala} {Pratincola_vulgaris, Procellaria_pyromelana}
{Cygnus_torquatus, Ethmostigmus_platycephala} {Pratincola_vulgaris, Sterna_bewickii}
{Cygnus_torquatus, Ethmostigmus_platycephala} {Pratincola_vulgaris, Trachemys_tatarica}
{Cygnus_torquatus, Ethmostigmus_platycephala} {Procellaria_pyromelana, Sterna_bewickii}
{Cygnus_torquatus, Ethmostigmus_platycephala} {Procellaria_pyromelana, Trachemys_tatarica}
{Cygnus_torquatus, Ethmostigmus_platycephala} {Sterna_bewickii, Trachemys_tatarica}
{Balaenoptera_dives, Lepidobatrachus_salei} {Alpes_lavaretus, Apus_zonata}
{Balaenoptera_dives, Lepidobatrachus_salei} {Alpes_lavaretus, Ethmostigmus_platycephala}
{Balaenoptera_dives, Lepidobatrachus_salei} {Alpes_lavaretus, Eublepharis_aegagrus}
{Balaenoptera_dives, Lepidobatrachus_salei} {Alpes_lavaretus, Iomachus_teniotis}
{Balaenoptera_dives, Lepidobatrachus_salei} {Alpes_lavaretus, Liasis_homeana}
{Balaenoptera_dives, Lepidobatrachus_salei} {Alpes_lavaretus, Numenius_aceras}
{Balaenoptera_dives, Lepidobatrachus_salei} {Alpes_lavaretus, Podoces_alpestris}
{Balaenoptera_dives, Lepidobatrachus_salei} {Alpes_lavaretus, Pratincola_vulgaris}
{Balaenoptera_dives, Lepidobatrachus_salei} {Alpes_lavaretus, Procellaria_rubicola}
{Balaenoptera_dives, Lepidobatrachus_salei} {Alpes_lavaretus, Sorex_unicolor}
{Balaenoptera_dives, Lepidobatrachus_salei} {Alpes_lavaretus, Sterna_bewickii}
{Balaenoptera_dives, Lepidobatrachus_salei} {Alpes_lavaretus, Trachemys_tatarica}
{Balaenoptera_dives, Lepidobatrachus_salei} {Apus_zonata, Ethmostigmus_platycephala}
{Balaenoptera_dives, Lepidobatrachus_salei} {Apus_zonata, Eublepharis_aegagrus}
{Balaenoptera_dives, Lepidobatrachus_salei} {Apus_zonata, Iomachus_teniotis}
{Balaenoptera_dives, Lepidobatrachus_salei} {Apus_zonata, Liasis_homeana}
{Balaenoptera_dives, Lepidobatrachus_salei} {Apus_zonata, Numenius_aceras}
{Balaenoptera_dives, Lepidobatrachus_salei} {Apus_zonata, Podoces_alpestris}
{Balaenoptera_dives, Lepidobatrachus_salei} {Apus_zonata, Pratincola_vulgaris}
{Balaenoptera_dives, Lepidobatrachus_salei} {Apus_zonata, Procellaria_rubicola}
{Balaenoptera_dives, Lepidobatrachus_salei} {Apus_zonata, Sorex_unicolor}
{Balaenoptera_dives, Lepidobatrachus_salei} {Apus_zonata, Sterna_bewickii}
{Balaenoptera_dives, Lepidobatrachus_salei} {Apus_zonata, Trachemys_tatarica}
{Balaenoptera_dives, Lepidobatrachus_salei} {Ethmostigmus_platycephala, Eublepharis_aegagrus}
{Balaenoptera_dives, Lepidobatrachus_salei} {Ethmostigmus_platycephala, Iomachus_teniotis}
{Balaenoptera_dives, Lepidobatrachus_salei} {Ethmostigmus_platycephala, Liasis_homeana}
{Balaenoptera_dives, Lepidobatrachus_salei} {Ethmostigmus_platycephala, Numenius_aceras}
{Balaenoptera_dives, Lepidobatrachus_salei} {Ethmostigmus_platycephala, Podoces_alpestris}
{Balaenoptera_dives, Lepidobatrachus_salei} {Ethmostigmus_platycephala, Pratincola_vulgaris}
{Balaenoptera_dives, Lepidobatrachus_salei} {Ethmostigmus_platycephala, Procellaria_rubicola}
{Balaenoptera_dives, Lepidobatrachus_salei} {Ethmostigmus_platycephala, Sorex_unicolor}
{Balaenoptera_dives, Lepidobatrachus_salei} {Ethmostigmus_platycephala, Sterna_bewickii}
{Balaenoptera_dives, Lepidobatrachus_salei} {Ethmostigmus_platycephala, Trachemys_tatarica}
{Balaenoptera_dives, Lepidobatrachus_salei} {Eublepharis_aegagrus, Iomachus_teniotis}
{Balaenoptera_dives, Lepidobatrachus_salei} {Eublepharis_aegagrus, Liasis_homeana}
{Balaenoptera_dives, Lepidobatrachus_salei} {Eublepharis_aegagrus, Numenius_aceras}
{Balaenoptera_dives, Lepidobatrachus_salei} {Eublepharis_aegagrus, Podoces_alpestris}
{Balaenoptera_dives, Lepidobatrachus_salei} {Eublepharis_aegagrus, Pratincola_vulgaris}
{Balaenoptera_dives, Lepidobatrachus_salei} {Eublepharis_aegagrus, Procellaria_rubicola}
{Balaenoptera_dives, Lepidobatrachus_salei} {Eublepharis_aegagrus, Sorex_unicolor}
{Balaenoptera_dives, Lepidobatrachus_salei} {Eublepharis_aegagrus, Sterna_bewickii}
{Balaenoptera_dives, Lepidobatrachus_salei} {Eublepharis_aegagrus, Trachemys_tatarica}
{Balaenoptera_dives, Lepidobatrachus_salei} {Iomachus_teniotis, Liasis_homeana}
{Balaenoptera_dives, Lepidobatrachus_salei} {Iomachus_teniotis, Numenius_aceras}
{Balaenoptera_dives, Lepidobatrachus_salei} {Iomachus_teniotis, Podoces_alpestris}
{Balaenoptera_dives, Lepidobatrachus_salei} {Iomachus_teniotis, Pratincola_vulgaris}
{Balaenoptera_dives, Lepidobatrachus_salei} {Iomachus_teniotis, Procellaria_rubicola}
{Balaenoptera_dives, Lepidobatrachus_salei} {Iomachus_teniotis, Sorex_unicolor}
{Balaenoptera_dives, Lepidobatrachus_salei} {Iomachus_teniotis, Sterna_bewickii}
{Balaenoptera_dives, Lepidobatrachus_salei} {Iomachus_teniotis, Trachemys_tatarica}
{Balaenoptera_dives, Lepidobatrachus_salei} {Liasis_homeana, Numenius_aceras}
{Balaenoptera_dives, Lepidobatrachus_salei} {Liasis_homeana, Podoces_alpestris}
{Balaenoptera_dives, Lepidobatrachus_salei} {Liasis_homeana, Pratincola_vulgaris}
{Balaenoptera_dives, Lepidobatrachus_salei} {Liasis_homeana, Procellaria_rubicola}
{Balaenoptera_dives, Lepidobatrachus_salei} {Liasis_homeana, Sorex_unicolor}
{Balaenoptera_dives, Lepidobatrachus_salei} {Liasis_homeana, Sterna_bewickii}
{Balaenoptera_dives, Lepidobatrachus_salei} {Liasis_homeana, Trachemys_tatarica}
{Balaenoptera_dives, Lepidobatrachus_salei} {Numenius_aceras, Podoces_alpestris}
{Balaenoptera_dives, Lepidobatrachus_salei} {Numenius_aceras, Pratincola_vulgaris}
{Balaenoptera_dives, Lepidobatrachus_salei} {Numenius_aceras, Procellaria_rubicola}
{Balaenoptera_dives, Lepidobatrachus_salei} {Numenius_aceras, Sorex_unicolor}
{Balaenoptera_dives, Lepidobatrachus_salei} {Numenius_aceras, Sterna_bewickii}
{Balaenoptera_dives, Lepidobatrachus_salei} {Numenius_aceras, Trachemys_tatarica}
{Balaenoptera_dives, Lepidobatrachus_salei} {Podoces_alpestris, Pratincola_vulgaris}
{Balaenoptera_dives, Lepidobatrachus_salei} {Podoces_alpestris, Procellaria_rubicola}
{Balaenoptera_dives, Lepidobatrachus_salei} {Podoces_alpestris, Sorex_unicolor}
{Balaenoptera_dives, Lepidobatrachus_salei} {Podoces_alpestris, Sterna_bewickii}
{Balaenoptera_dives, Lepidobatrachus_salei} {Podoces_alpestris, Trachemys_tatarica}
{Balaenoptera_dives, Lepidobatrachus_salei} {Pratincola_vulgaris, Procellaria_rubicola}
{Balaenoptera_dives, Lepidobatrachus_salei} {Pratincola_vulgaris, Sorex_unicolor}
{Balaenoptera_dives, Lepidobatrachus_salei} {Pratincola_vulgaris, Sterna_bewickii}
{Balaenoptera_dives, Lepidobatrachus_salei} {Pratincola_vulgaris, Trachemys_tatarica}
{Balaenoptera_dives, Lepidobatrachus_salei} {Procellaria_rubicola, Sorex_unicolor}
{Balaenoptera_dives, Lepidobatrachus_salei} {Procellaria_rubicola, Sterna_bewickii}
{Balaenoptera_dives, Lepidobatrachus_salei} {Procellaria_rubicola, Trachemys_tatarica}
{Balaenoptera_dives, Lepidobatrachus_salei} {Sorex_unicolor, Sterna_bewickii}
{Balaenoptera_dives, Lepidobatrachus_salei} {Sorex_unicolor, Trachemys_tatarica}
{Balaenoptera_dives, Lepidobatrachus_salei} {Sterna_bewickii, Trachemys_tatarica}
{Eublepharis_aegagrus, Procellaria_pyromelana} {Anser_sphenocercus, Apus_zonata}
{Eublepharis_aegagrus, Procellaria_pyromelana} {Anser_sphenocercus, Boa_altaicus}
{Eublepharis_aegagrus, Procellaria_pyromelana} {Anser_sphenocercus, Liasis_homeana}
{Eublepharis_aegagrus, Procellaria_pyromelana} {Anser_sphenocercus, Limnodromus_smithi}
{Eublepharis_aegagrus, Procellaria_pyromelana} {Anser_sphenocercus, Podoces_alpestris}
{Eublepharis_aegagrus, Procellaria_pyromelana} {Anser_sphenocercus, Sterna_bewickii}
{Eublepharis_aegagrus, Procellaria_pyromelana} {Apus_zonata, Boa_altaicus}
{Eublepharis_aegagrus, Procellaria_pyromelana} {Apus_zonata, Ethmostigmus_platycephala}
{Eublepharis_aegagrus, Procellaria_pyromelana} {Apus_zonata, Liasis_homeana}
{Eublepharis_aegagrus, Procellaria_pyromelana} {Apus_zonata, Limnodromus_smithi}
{Eublepharis_aegagrus, Procellaria_pyromelana} {Apus_zonata, Podoces_alpestris}
{Eublepharis_aegagrus, Procellaria_pyromelana} {Apus_zonata, Sterna_bewickii}
{Eublepharis_aegagrus, Procellaria_pyromelana} {Boa_altaicus, Ethmostigmus_platycephala}
{Eublepharis_aegagrus, Procellaria_pyromelana} {Boa_altaicus, Liasis_homeana}
{Eublepharis_aegagrus, Procellaria_pyromelana} {Boa_altaicus, Limnodromus_smithi}
{Eublepharis_aegagrus, Procellaria_pyromelana} {Boa_altaicus, Podoces_alpestris}
{Eublepharis_aegagrus, Procellaria_pyromelana} {Boa_altaicus, Sterna_bewickii}
{Eublepharis_aegagrus, Procellaria_pyromelana} {Ethmostigmus_platycephala, Liasis_homeana}
{Eublepharis_aegagrus, Procellaria_pyromelana} {Ethmostigmus_platycephala, Limnodromus_smithi}
{Eublepharis_aegagrus, Procellaria_pyromelana} {Ethmostigmus_platycephala, Podoces_alpestris}
{Eublepharis_aegagrus, Procellaria_pyromelana} {Ethmostigmus_platycephala, Sterna_bewickii}
{Eublepharis_aegagrus, Procellaria_pyromelana} {Liasis_homeana, Limnodromus_smithi}
{Eublepharis_aegagrus, Procellaria_pyromelana} {Liasis_homeana, Podoces_alpestris}
{Eublepharis_aegagrus, Procellaria_pyromelana} {Liasis_homeana, Sterna_bewickii}
{Eublepharis_aegagrus, Procellaria_pyromelana} {Limnodromus_smithi, Podoces_alpestris}
{Eublepharis_aegagrus, Procellaria_pyromelana} {Limnodromus_smithi, Sterna_bewickii}
{Eublepharis_aegagrus, Procellaria_pyromelana} {Podoces_alpestris, Sterna_bewickii}
{Eublepharis_aegagrus, Sorex_unicolor} {Anser_sphenocercus, Apus_zonata}
{Eublepharis_aegagrus, Sorex_unicolor} {Anser_sphenocercus, Boa_altaicus}
{Eublepharis_aegagrus, Sorex_unicolor} {Anser_sphenocercus, Ethmostigmus_platycephala}
{Eublepharis_aegagrus, Sorex_unicolor} {Anser_sphenocercus, Liasis_homeana}
{Eublepharis_aegagrus, Sorex_unicolor} {Anser_sphenocercus, Limnodromus_smithi}
{Eublepharis_aegagrus, Sorex_unicolor} {Anser_sphenocercus, Podoces_alpestris}
{Eublepharis_aegagrus, Sorex_unicolor} {Anser_sphenocercus, Sterna_bewickii}
{Eublepharis_aegagrus, Sorex_unicolor} {Apus_zonata, Boa_altaicus}
{Eublepharis_aegagrus, Sorex_unicolor} {Apus_zonata, Ethmostigmus_platycephala}
{Eublepharis_aegagrus, Sorex_unicolor} {Apus_zonata, Liasis_homeana}
{Eublepharis_aegagrus, Sorex_unicolor} {Apus_zonata, Limnodromus_smithi}
{Eublepharis_aegagrus, Sorex_unicolor} {Apus_zonata, Podoces_alpestris}
{Eublepharis_aegagrus, Sorex_unicolor} {Apus_zonata, Sterna_bewickii}
{Eublepharis_aegagrus, Sorex_unicolor} {Boa_altaicus, Ethmostigmus_platycephala}
{Eublepharis_aegagrus, Sorex_unicolor} {Boa_altaicus, Liasis_homeana}
{Eublepharis_aegagrus, Sorex_unicolor} {Boa_altaicus, Limnodromus_smithi}
{Eublepharis_aegagrus, Sorex_unicolor} {Boa_altaicus, Podoces_alpestris}
{Eublepharis_aegagrus, Sorex_unicolor} {Boa_altaicus, Sterna_bewickii}
{Eublepharis_aegagrus, Sorex_unicolor} {Ethmostigmus_platycephala, Liasis_homeana}
{Eublepharis_aegagrus, Sorex_unicolor} {Ethmostigmus_platycephala, Limnodromus_smithi}
{Eublepharis_aegagrus, Sorex_unicolor} {Ethmostigmus_platycephala, Podoces_alpestris}
{Eublepharis_aegagrus, Sorex_unicolor} {Ethmostigmus_platycephala, Sterna_bewickii}
{Eublepharis_aegagrus, Sorex_unicolor} {Liasis_homeana, Limnodromus_smithi}
{Eublepharis_aegagrus, Sorex_unicolor} {Liasis_homeana, Podoces_alpestris}
{Eublepharis_aegagrus, Sorex_unicolor} {Liasis_homeana, Sterna_bewickii}
{Eublepharis_aegagrus, Sorex_unicolor} {Limnodromus_smithi, Podoces_alpestris}
{Eublepharis_aegagrus, Sorex_unicolor} {Limnodromus_smithi, Sterna_bewickii}
{Eublepharis_aegagrus, Sorex_unicolor} {Podoces_alpestris, Sterna_bewickii}
{Eublepharis_aegagrus, Trachemys_tatarica} {Anser_sphenocercus, Apus_zonata}
{Eublepharis_aegagrus, Trachemys_tatarica} {Anser_sphenocercus, Boa_altaicus}
{Eublepharis_aegagrus, Trachemys_tatarica} {Anser_sphenocercus, Liasis_homeana}
{Eublepharis_aegagrus, Trachemys_tatarica} {Anser_sphenocercus, Limnodromus_smithi}
{Eublepharis_aegagrus, Trachemys_tatarica} {Anser_sphenocercus, Podoces_alpestris}
{Eublepharis_aegagrus, Trachemys_tatarica} {Anser_sphenocercus, Sterna_bewickii}
{Eublepharis_aegagrus, Trachemys_tatarica} {Apus_zonata, Boa_altaicus}
{Eublepharis_aegagrus, Trachemys_tatarica} {Apus_zonata, Ethmostigmus_platycephala}
{Eublepharis_aegagrus, Trachemys_tatarica} {Apus_zonata, Liasis_homeana}
{Eublepharis_aegagrus, Trachemys_tatarica} {Apus_zonata, Limnodromus_smithi}
{Eublepharis_aegagrus, Trachemys_tatarica} {Apus_zonata, Podoces_alpestris}
{Eublepharis_aegagrus, Trachemys_tatarica} {Apus_zonata, Sterna_bewickii}
{Eublepharis_aegagrus, Trachemys_tatarica} {Boa_altaicus, Ethmostigmus_platycephala}
{Eublepharis_aegagrus, Trachemys_tatarica} {Boa_altaicus, Liasis_homeana}
{Eublepharis_aegagrus, Trachemys_tatarica} {Boa_altaicus, Limnodromus_smithi}
{Eublepharis_aegagrus, Trachemys_tatarica} {Boa_altaicus, Podoces_alpestris}
{Eublepharis_aegagrus, Trachemys_tatarica} {Boa_altaicus, Sterna_bewickii}
{Eublepharis_aegagrus, Trachemys_tatarica} {Ethmostigmus_platycephala, Liasis_homeana}
{Eublepharis_aegagrus, Trachemys_tatarica} {Ethmostigmus_platycephala, Limnodromus_smithi}
{Eublepharis_aegagrus, Trachemys_tatarica} {Ethmostigmus_platycephala, Podoces_alpestris}
{Eublepharis_aegagrus, Trachemys_tatarica} {Ethmostigmus_platycephala, Sterna_bewickii}
{Eublepharis_aegagrus, Trachemys_tatarica} {Liasis_homeana, Limnodromus_smithi}
{Eublepharis_aegagrus, Trachemys_tatarica} {Liasis_homeana, Podoces_alpestris}
{Eublepharis_aegagrus, Trachemys_tatarica} {Liasis_homeana, Sterna_bewickii}
{Eublepharis_aegagrus, Trachemys_tatarica} {Limnodromus_smithi, Podoces_alpestris}
{Eublepharis_aegagrus, Trachemys_tatarica} {Limnodromus_smithi, Sterna_bewickii}
{Eublepharis_aegagrus, Trachemys_tatarica} {Podoces_alpestris, Sterna_bewickii}
{Procellaria_pyromelana, Sorex_unicolor} {Anser_sphenocercus, Apus_zonata}
{Procellaria_pyromelana, Sorex_unicolor} {Anser_sphenocercus, Boa_altaicus}
{Procellaria_pyromelana, Sorex_unicolor} {Anser_sphenocercus, Ethmostigmus_platycephala}
{Procellaria_pyromelana, Sorex_unicolor} {Anser_sphenocercus, Liasis_homeana}
{Procellaria_pyromelana, Sorex_unicolor} {Anser_sphenocercus, Limnodromus_smithi}
{Procellaria_pyromelana, Sorex_unicolor} {Anser_sphenocercus, Podoces_alpestris}
{Procellaria_pyromelana, Sorex_unicolor} {Anser_sphenocercus, Sterna_bewickii}
{Procellaria_pyromelana, Sorex_unicolor} {Apus_zonata, Boa_altaicus}
{Procellaria_pyromelana, Sorex_unicolor} {Apus_zonata, Ethmostigmus_platycephala}
{Procellaria_pyromelana, Sorex_unicolor} {Apus_zonata, Liasis_homeana}
{Procellaria_pyromelana, Sorex_unicolor} {Apus_zonata, Limnodromus_smithi}
{Procellaria_pyromelana, Sorex_unicolor} {Apus_zonata, Podoces_alpestris}
{Procellaria_pyromelana, Sorex_unicolor} {Apus_zonata, Sterna_bewickii}
{Procellaria_pyromelana, Sorex_unicolor} {Boa_altaicus, Ethmostigmus_platycephala}
{Procellaria_pyromelana, Sorex_unicolor} {Boa_altaicus, Liasis_homeana}
{Procellaria_pyromelana, Sorex_unicolor} {Boa_altaicus, Limnodromus_smithi}
{Procellaria_pyromelana, Sorex_unicolor} {Boa_altaicus, Podoces_alpestris}
{Procellaria_pyromelana, Sorex_unicolor} {Boa_altaicus, Sterna_bewickii}
{Procellaria_pyromelana, Sorex_unicolor} {Ethmostigmus_platycephala, Liasis_homeana}
{Procellaria_pyromelana, Sorex_unicolor} {Ethmostigmus_platycephala, Limnodromus_smithi}
{Procellaria_pyromelana, Sorex_unicolor} {Ethmostigmus_platycephala, Podoces_alpestris}
{Procellaria_pyromelana, Sorex_unicolor} {Ethmostigmus_platycephala, Sterna_bewickii}
{Procellaria_pyromelana, Sorex_unicolor} {Liasis_homeana, Limnodromus_smithi}
{Procellaria_pyromelana, Sorex_unicolor} {Liasis_homeana, Podoces_alpestris}
{Procellaria_pyromelana, Sorex_unicolor} {Liasis_homeana, Sterna_bewickii}
{Procellaria_pyromelana, Sorex_unicolor} {Limnodromus_smithi, Podoces_alpestris}
{Procellaria_pyromelana, Sorex_unicolor} {Limnodromus_smithi, Sterna_bewickii}
{Procellaria_pyromelana, Sorex_unicolor} {Podoces_alpestris, Sterna_bewickii}
{Procellaria_pyromelana, Trachemys_tatarica} {Anser_sphenocercus, Apus_zonata}
{Procellaria_pyromelana, Trachemys_tatarica} {Anser_sphenocercus, Boa_altaicus}
{Procellaria_pyromelana, Trachemys_tatarica} {Anser_sphenocercus, Liasis_homeana}
{Procellaria_pyromelana, Trachemys_tatarica} {Anser_sphenocercus, Limnodromus_smithi}
{Procellaria_pyromelana, Trachemys_tatarica} {Anser_sphenocercus, Podoces_alpestris}
{Procellaria_pyromelana, Trachemys_tatarica} {Anser_sphenocercus, Sterna_bewickii}
{Procellaria_pyromelana, Trachemys_tatarica} {Apus_zonata, Boa_altaicus}
{Procellaria_pyromelana, Trachemys_tatarica} {Apus_zonata, Ethmostigmus_platycephala}
{Procellaria_pyromelana, Trachemys_tatarica} {Apus_zonata, Liasis_homeana}
{Procellaria_pyromelana, Trachemys_tatarica} {Apus_zonata, Limnodromus_smithi}
{Procellaria_pyromelana, Trachemys_tatarica} {Apus_zonata, Podoces_alpestris}
{Procellaria_pyromelana, Trachemys_tatarica} {Apus_zonata, Sterna_bewickii}
{Procellaria_pyromelana, Trachemys_tatarica} {Boa_altaicus, Ethmostigmus_platycephala}
{Procellaria_pyromelana, Trachemys_tatarica} {Boa_altaicus, Liasis_homeana}
{Procellaria_pyromelana, Trachemys_tatarica} {Boa_altaicus, Limnodromus_smithi}
{Procellaria_pyromelana, Trachemys_tatarica} {Boa_altaicus, Podoces_alpestris}
{Procellaria_pyromelana, Trachemys_tatarica} {Boa_altaicus, Sterna_bewickii}
{Procellaria_pyromelana, Trachemys_tatarica} {Ethmostigmus_platycephala, Liasis_homeana}
{Procellaria_pyromelana, Trachemys_tatarica} {Ethmostigmus_platycephala, Limnodromus_smithi}
{Procellaria_pyromelana, Trachemys_tatarica} {Ethmostigmus_platycephala, Podoces_alpestris}
{Procellaria_pyromelana, Trachemys_tatarica} {Ethmostigmus_platycephala, Sterna_bewickii}
{Procellaria_pyromelana, Trachemys_tatarica} {Liasis_homeana, Limnodromus_smithi}
{Procellaria_pyromelana, Trachemys_tatarica} {Liasis_homeana, Podoces_alpestris}
{Procellaria_pyromelana, Trachemys_tatarica} {Liasis_homeana, Sterna_bewickii}
{Procellaria_pyromelana, Trachemys_tatarica} {Limnodromus_smithi, Podoces_alpestris}
{Procellaria_pyromelana, Trachemys_tatarica} {Limnodromus_smithi, Sterna_bewickii}
{Procellaria_pyromelana, Trachemys_tatarica} {Podoces_alpestris, Sterna_bewickii}
{Sorex_unicolor, Trachemys_tatarica} {Anser_sphenocercus, Apus_zonata}
{Sorex_unicolor, Trachemys_tatarica} {Anser_sphenocercus, Boa_altaicus}
{Sorex_unicolor, Trachemys_tatarica} {Anser_sphenocercus, Ethmostigmus_platycephala}
{Sorex_unicolor, Trachemys_tatarica} {Anser_sphenocercus, Liasis_homeana}
{Sorex_unicolor, Trachemys_tatarica} {Anser_sphenocercus, Limnodromus_smithi}
{Sorex_unicolor, Trachemys_tatarica} {Anser_sphenocercus, Podoces_alpestris}
{Sorex_unicolor, Trachemys_tatarica} {Anser_sphenocercus, Sterna_bewickii}
{Sorex_unicolor, Trachemys_tatarica} {Apus_zonata, Boa_altaicus}
{Sorex_unicolor, Trachemys_tatarica} {Apus_zonata, Ethmostigmus_platycephala}
{Sorex_unicolor, Trachemys_tatarica} {Apus_zonata, Liasis_homeana}
{Sorex_unicolor, Trachemys_tatarica} {Apus_zonata, Limnodromus_smithi}
{Sorex_unicolor, Trachemys_tatarica} {Apus_zonata, Podoces_alpestris}
{Sorex_unicolor, Trachemys_tatarica} {Apus_zonata, Sterna_bewickii}
{Sorex_unicolor, Trachemys_tatarica} {Boa_altaicus, Ethmostigmus_platycephala}
{Sorex_unicolor, Trachemys_tatarica} {Boa_altaicus, Liasis_homeana}
{Sorex_unicolor, Trachemys_tatarica} {Boa_altaicus, Limnodromus_smithi}
{Sorex_unicolor, Trachemys_tatarica} {Boa_altaicus, Podoces_alpestris}
{Sorex_unicolor, Trachemys_tatarica} {Boa_altaicus, Sterna_bewickii}
{Sorex_unicolor, Trachemys_tatarica} {Ethmostigmus_platycephala, Liasis_homeana}
{Sorex_unicolor, Trachemys_tatarica} {Ethmostigmus_platycephala, Limnodromus_smithi}
{Sorex_unicolor, Trachemys_tatarica} {Ethmostigmus_platycephala, Podoces_alpestris}
{Sorex_unicolor, Trachemys_tatarica} {Ethmostigmus_platycephala, Sterna_bewickii}
{Sorex_unicolor, Trachemys_tatarica} {Liasis_homeana, Limnodromus_smithi}
{Sorex_unicolor, Trachemys_tatarica} {Liasis_homeana, Podoces_alpestris}
{Sorex_unicolor, Trachemys_tatarica} {Liasis_homeana, Sterna_bewickii}
{Sorex_unicolor, Trachemys_tatarica} {Limnodromus_smithi, Podoces_alpestris}
{Sorex_unicolor, Trachemys_tatarica} {Limnodromus_smithi, Sterna_bewickii}
{Sorex_unicolor, Trachemys_tatarica} {Podoces_alpestris, Sterna_bewickii}
{Anser_sphenocercus, Eublepharis_aegagrus} {Alpes_lavaretus, Apus_zonata}
{Anser_sphenocercus, Eublepharis_aegagrus} {Alpes_lavaretus, Limnodromus_smithi}
{Anser_sphenocercus, Eublepharis_aegagrus} {Apus_zonata, Limnodromus_smithi}
{Anser_sphenocercus, Iomachus_teniotis} {Alpes_lavaretus, Apus_zonata}
{Anser_sphenocercus, Iomachus_teniotis} {Alpes_lavaretus, Limnodromus_smithi}
{Anser_sphenocercus, Iomachus_teniotis} {Apus_zonata, Limnodromus_smithi}
{Anser_sphenocercus, Liasis_homeana} {Alpes_lavaretus, Apus_zonata}
{Anser_sphenocercus, Liasis_homeana} {Alpes_lavaretus, Limnodromus_smithi}
{Anser_sphenocercus, Liasis_homeana} {Apus_zonata, Limnodromus_smithi}
{Anser_sphenocercus, Pratincola_vulgaris} {Alpes_lavaretus, Apus_zonata}
{Anser_sphenocercus, Pratincola_vulgaris} {Alpes_lavaretus, Limnodromus_smithi}
{Anser_sphenocercus, Pratincola_vulgaris} {Apus_zonata, Limnodromus_smithi}
{Anser_sphenocercus, Sorex_unicolor} {Alpes_lavaretus, Apus_zonata}
{Anser_sphenocercus, Sorex_unicolor} {Alpes_lavaretus, Limnodromus_smithi}
{Anser_sphenocercus, Sorex_unicolor} {Apus_zonata, Limnodromus_smithi}
{Ethmostigmus_platycephala, Eublepharis_aegagrus} {Alpes_lavaretus, Apus_zonata}
{Ethmostigmus_platycephala, Eublepharis_aegagrus} {Alpes_lavaretus, Limnodromus_smithi}
{Ethmostigmus_platycephala, Eublepharis_aegagrus} {Apus_zonata, Limnodromus_smithi}
{Ethmostigmus_platycephala, Iomachus_teniotis} {Alpes_lavaretus, Apus_zonata}
{Ethmostigmus_platycephala, Iomachus_teniotis} {Alpes_lavaretus, Limnodromus_smithi}
{Ethmostigmus_platycephala, Iomachus_teniotis} {Apus_zonata, Limnodromus_smithi}
{Ethmostigmus_platycephala, Liasis_homeana} {Alpes_lavaretus, Apus_zonata}
{Ethmostigmus_platycephala, Liasis_homeana} {Alpes_lavaretus, Limnodromus_smithi}
{Ethmostigmus_platycephala, Liasis_homeana} {Apus_zonata, Limnodromus_smithi}
{Ethmostigmus_platycephala, Pratincola_vulgaris} {Alpes_lavaretus, Apus_zonata}
{Ethmostigmus_platycephala, Pratincola_vulgaris} {Alpes_lavaretus, Limnodromus_smithi}
{Ethmostigmus_platycephala, Pratincola_vulgaris} {Apus_zonata, Limnodromus_smithi}
{Ethmostigmus_platycephala, Sorex_unicolor} {Alpes_lavaretus, Apus_zonata}
{Ethmostigmus_platycephala, Sorex_unicolor} {Alpes_lavaretus, Limnodromus_smithi}
{Ethmostigmus_platycephala, Sorex_unicolor} {Apus_zonata, Limnodromus_smithi}
{Eublepharis_aegagrus, Iomachus_teniotis} {Alpes_lavaretus, Apus_zonata}
{Eublepharis_aegagrus, Iomachus_teniotis} {Alpes_lavaretus, Limnodromus_smithi}
{Eublepharis_aegagrus, Iomachus_teniotis} {Apus_zonata, Limnodromus_smithi}
{Eublepharis_aegagrus, Liasis_homeana} {Alpes_lavaretus, Apus_zonata}
{Eublepharis_aegagrus, Liasis_homeana} {Alpes_lavaretus, Limnodromus_smithi}
{Eublepharis_aegagrus, Liasis_homeana} {Apus_zonata, Limnodromus_smithi}
{Eublepharis_aegagrus, Pratincola_vulgaris} {Alpes_lavaretus, Apus_zonata}
{Eublepharis_aegagrus, Pratincola_vulgaris} {Alpes_lavaretus, Limnodromus_smithi}
{Eublepharis_aegagrus, Pratincola_vulgaris} {Apus_zonata, Limnodromus_smithi}
{Eublepharis_aegagrus, Sorex_unicolor} {Alpes_lavaretus, Apus_zonata}
{Eublepharis_aegagrus, Sorex_unicolor} {Alpes_lavaretus, Limnodromus_smithi}
{Iomachus_teniotis, Liasis_homeana} {Alpes_lavaretus, Apus_zonata}
{Iomachus_teniotis, Liasis_homeana} {Alpes_lavaretus, Limnodromus_smithi}
{Iomachus_teniotis, Liasis_homeana} {Apus_zonata, Limnodromus_smithi}
{Iomachus_teniotis, Pratincola_vulgaris} {Alpes_lavaretus, Apus_zonata}
{Iomachus_teniotis, Pratincola_vulgaris} {Alpes_lavaretus, Limnodromus_smithi}
{Iomachus_teniotis, Pratincola_vulgaris} {Apus_zonata, Limnodromus_smithi}
{Iomachus_teniotis, Sorex_unicolor} {Alpes_lavaretus, Apus_zonata}
{Iomachus_teniotis, Sorex_unicolor} {Alpes_lavaretus, Limnodromus_smithi}
{Iomachus_teniotis, Sorex_unicolor} {Apus_zonata, Limnodromus_smithi}
{Liasis_homeana, Pratincola_vulgaris} {Alpes_lavaretus, Apus_zonata}
{Liasis_homeana, Pratincola_vulgaris} {Alpes_lavaretus, Limnodromus_smithi}
{Liasis_homeana, Pratincola_vulgaris} {Apus_zonata, Limnodromus_smithi}
{Liasis_homeana, Sorex_unicolor} {Alpes_lavaretus, Apus_zonata}
{Liasis_homeana, Sorex_unicolor} {Alpes_lavaretus, Limnodromus_smithi}
{Liasis_homeana, Sorex_unicolor} {Apus_zonata, Limnodromus_smithi}
{Pratincola_vulgaris, Sorex_unicolor} {Alpes_lavaretus, Apus_zonata}
{Pratincola_vulgaris, Sorex_unicolor} {Alpes_lavaretus, Limnodromus_smithi}
{Pratincola_vulgaris, Sorex_unicolor} {Apus_zonata, Limnodromus_smithi}
{Alpes_lavaretus, Anser_sphenocercus} {Pratincola_vulgaris, Procellaria_pyromelana}
{Alpes_lavaretus, Anser_sphenocercus} {Pratincola_vulgaris, Procellaria_rubicola}
{Alpes_lavaretus, Anser_sphenocercus} {Procellaria_pyromelana, Procellaria_rubicola}
{Alpes_lavaretus, Balaenoptera_dives} {Pratincola_vulgaris, Procellaria_pyromelana}
{Alpes_lavaretus, Balaenoptera_dives} {Pratincola_vulgaris, Procellaria_rubicola}
{Alpes_lavaretus, Balaenoptera_dives} {Procellaria_pyromelana, Procellaria_rubicola}
{Alpes_lavaretus, Cygnus_torquatus} {Pratincola_vulgaris, Procellaria_pyromelana}
{Alpes_lavaretus, Cygnus_torquatus} {Pratincola_vulgaris, Procellaria_rubicola}
{Alpes_lavaretus, Cygnus_torquatus} {Procellaria_pyromelana, Procellaria_rubicola}
{Alpes_lavaretus, Ethmostigmus_platycephala} {Pratincola_vulgaris, Procellaria_pyromelana}
{Alpes_lavaretus, Ethmostigmus_platycephala} {Pratincola_vulgaris, Procellaria_rubicola}
{Alpes_lavaretus, Ethmostigmus_platycephala} {Procellaria_pyromelana, Procellaria_rubicola}
{Alpes_lavaretus, Lepidobatrachus_salei} {Pratincola_vulgaris, Procellaria_pyromelana}
{Alpes_lavaretus, Lepidobatrachus_salei} {Pratincola_vulgaris, Procellaria_rubicola}
{Alpes_lavaretus, Lepidobatrachus_salei} {Procellaria_pyromelana, Procellaria_rubicola}
{Alpes_lavaretus, Liasis_homeana} {Pratincola_vulgaris, Procellaria_pyromelana}
{Alpes_lavaretus, Liasis_homeana} {Pratincola_vulgaris, Procellaria_rubicola}
{Alpes_lavaretus, Liasis_homeana} {Procellaria_pyromelana, Procellaria_rubicola}
{Alpes_lavaretus, Numenius_aceras} {Pratincola_vulgaris, Procellaria_pyromelana}
{Alpes_lavaretus, Numenius_aceras} {Pratincola_vulgaris, Procellaria_rubicola}
{Alpes_lavaretus, Numenius_aceras} {Procellaria_pyromelana, Procellaria_rubicola}
{Alpes_lavaretus, Podoces_alpestris} {Pratincola_vulgaris, Procellaria_pyromelana}
{Alpes_lavaretus, Podoces_alpestris} {Pratincola_vulgaris, Procellaria_rubicola}
{Alpes_lavaretus, Podoces_alpestris} {Procellaria_pyromelana, Procellaria_rubicola}
{Alpes_lavaretus, Sorex_unicolor} {Pratincola_vulgaris, Procellaria_pyromelana}
{Alpes_lavaretus, Sorex_unicolor} {Pratincola_vulgaris, Procellaria_rubicola}
{Alpes_lavaretus, Sorex_unicolor} {Procellaria_pyromelana, Procellaria_rubicola}
{Alpes_lavaretus, Sterna_bewickii} {Pratincola_vulgaris, Procellaria_pyromelana}
{Alpes_lavaretus, Sterna_bewickii} {Pratincola_vulgaris, Procellaria_rubicola}
{Alpes_lavaretus, Sterna_bewickii} {Procellaria_pyromelana, Procellaria_rubicola}
{Anser_sphenocercus, Balaenoptera_dives} {Pratincola_vulgaris, Procellaria_pyromelana}
{Anser_sphenocercus, Balaenoptera_dives} {Pratincola_vulgaris, Procellaria_rubicola}
{Anser_sphenocercus, Balaenoptera_dives} {Procellaria_pyromelana, Procellaria_rubicola}
{Anser_sphenocercus, Cygnus_torquatus} {Pratincola_vulgaris, Procellaria_rubicola}
{Anser_sphenocercus, Cygnus_torquatus} {Procellaria_pyromelana, Procellaria_rubicola}
{Anser_sphenocercus, Ethmostigmus_platycephala} {Pratincola_vulgaris, Procellaria_rubicola}
{Anser_sphenocercus, Ethmostigmus_platycephala} {Procellaria_pyromelana, Procellaria_rubicola}
{Anser_sphenocercus, Lepidobatrachus_salei} {Pratincola_vulgaris, Procellaria_pyromelana}
{Anser_sphenocercus, Lepidobatrachus_salei} {Pratincola_vulgaris, Procellaria_rubicola}
{Anser_sphenocercus, Lepidobatrachus_salei} {Procellaria_pyromelana, Procellaria_rubicola}
{Anser_sphenocercus, Liasis_homeana} {Pratincola_vulgaris, Procellaria_pyromelana}
{Anser_sphenocercus, Liasis_homeana} {Pratincola_vulgaris, Procellaria_rubicola}
{Anser_sphenocercus, Liasis_homeana} {Procellaria_pyromelana, Procellaria_rubicola}
{Anser_sphenocercus, Numenius_aceras} {Pratincola_vulgaris, Procellaria_pyromelana}
{Anser_sphenocercus, Numenius_aceras} {Pratincola_vulgaris, Procellaria_rubicola}
{Anser_sphenocercus, Numenius_aceras} {Procellaria_pyromelana, Procellaria_rubicola}
{Anser_sphenocercus, Podoces_alpestris} {Pratincola_vulgaris, Procellaria_pyromelana}
{Anser_sphenocercus, Podoces_alpestris} {Pratincola_vulgaris, Procellaria_rubicola}
{Anser_sphenocercus, Podoces_alpestris} {Procellaria_pyromelana, Procellaria_rubicola}
{Anser_sphenocercus, Sorex_unicolor} {Pratincola_vulgaris, Procellaria_pyromelana}
{Anser_sphenocercus, Sorex_unicolor} {Pratincola_vulgaris, Procellaria_rubicola}
{Anser_sphenocercus, Sorex_unicolor} {Procellaria_pyromelana, Procellaria_rubicola}
{Anser_sphenocercus, Sterna_bewickii} {Pratincola_vulgaris, Procellaria_pyromelana}
{Anser_sphenocercus, Sterna_bewickii} {Pratincola_vulgaris, Procellaria_rubicola}
{Anser_sphenocercus, Sterna_bewickii} {Procellaria_pyromelana, Procellaria_rubicola}
{Balaenoptera_dives, Cygnus_torquatus} {Pratincola_vulgaris, Procellaria_pyromelana}
{Balaenoptera_dives, Cygnus_torquatus} {Pratincola_vulgaris, Procellaria_rubicola}
{Balaenoptera_dives, Cygnus_torquatus} {Procellaria_pyromelana, Procellaria_rubicola}
{Balaenoptera_dives, Ethmostigmus_platycephala} {Pratincola_vulgaris, Procellaria_pyromelana}
{Balaenoptera_dives, Ethmostigmus_platycephala} {Pratincola_vulgaris, Procellaria_rubicola}
{Balaenoptera_dives, Ethmostigmus_platycephala} {Procellaria_pyromelana, Procellaria_rubicola}
{Balaenoptera_dives, Lepidobatrachus_salei} {Pratincola_vulgaris, Procellaria_pyromelana}
{Balaenoptera_dives, Lepidobatrachus_salei} {Procellaria_pyromelana, Procellaria_rubicola}
{Balaenoptera_dives, Liasis_homeana} {Pratincola_vulgaris, Procellaria_pyromelana}
{Balaenoptera_dives, Liasis_homeana} {Pratincola_vulgaris, Procellaria_rubicola}
{Balaenoptera_dives, Liasis_homeana} {Procellaria_pyromelana, Procellaria_rubicola}
{Balaenoptera_dives, Numenius_aceras} {Pratincola_vulgaris, Procellaria_pyromelana}
{Balaenoptera_dives, Numenius_aceras} {Pratincola_vulgaris, Procellaria_rubicola}
{Balaenoptera_dives, Numenius_aceras} {Procellaria_pyromelana, Procellaria_rubicola}
{Balaenoptera_dives, Podoces_alpestris} {Pratincola_vulgaris, Procellaria_pyromelana}
{Balaenoptera_dives, Podoces_alpestris} {Pratincola_vulgaris, Procellaria_rubicola}
{Balaenoptera_dives, Podoces_alpestris} {Procellaria_pyromelana, Procellaria_rubicola}
{Balaenoptera_dives, Sorex_unicolor} {Pratincola_vulgaris, Procellaria_pyromelana}
{Balaenoptera_dives, Sorex_unicolor} {Pratincola_vulgaris, Procellaria_rubicola}
{Balaenoptera_dives, Sorex_unicolor} {Procellaria_pyromelana, Procellaria_rubicola}
{Balaenoptera_dives, Sterna_bewickii} {Pratincola_vulgaris, Procellaria_pyromelana}
{Balaenoptera_dives, Sterna_bewickii} {Pratincola_vulgaris, Procellaria_rubicola}
{Balaenoptera_dives, Sterna_bewickii} {Procellaria_pyromelana, Procellaria_rubicola}
{Cygnus_torquatus, Ethmostigmus_platycephala} {Pratincola_vulgaris, Procellaria_rubicola}
{Cygnus_torquatus, Ethmostigmus_platycephala} {Procellaria_pyromelana, Procellaria_rubicola}
{Cygnus_torquatus, Lepidobatrachus_salei} {Pratincola_vulgaris, Procellaria_pyromelana}
{Cygnus_torquatus, Lepidobatrachus_salei} {Pratincola_vulgaris, Procellaria_rubicola}
{Cygnus_torquatus, Lepidobatrachus_salei} {Procellaria_pyromelana, Procellaria_rubicola}
{Cygnus_torquatus, Liasis_homeana} {Pratincola_vulgaris, Procellaria_pyromelana}
{Cygnus_torquatus, Liasis_homeana} {Pratincola_vulgaris, Procellaria_rubicola}
{Cygnus_torquatus, Liasis_homeana} {Procellaria_pyromelana, Procellaria_rubicola}
{Cygnus_torquatus, Numenius_aceras} {Pratincola_vulgaris, Procellaria_pyromelana}
{Cygnus_torquatus, Numenius_aceras} {Pratincola_vulgaris, Procellaria_rubicola}
{Cygnus_torquatus, Numenius_aceras} {Procellaria_pyromelana, Procellaria_rubicola}
{Cygnus_torquatus, Podoces_alpestris} {Pratincola_vulgaris, Procellaria_pyromelana}
{Cygnus_torquatus, Podoces_alpestris} {Pratincola_vulgaris, Procellaria_rubicola}
{Cygnus_torquatus, Podoces_alpestris} {Procellaria_pyromelana, Procellaria_rubicola}
{Cygnus_torquatus, Sorex_unicolor} {Pratincola_vulgaris, Procellaria_pyromelana}
{Cygnus_torquatus, Sorex_unicolor} {Pratincola_vulgaris, Procellaria_rubicola}
{Cygnus_torquatus, Sorex_unicolor} {Procellaria_pyromelana, Procellaria_rubicola}
{Cygnus_torquatus, Sterna_bewickii} {Pratincola_vulgaris, Procellaria_pyromelana}
{Cygnus_torquatus, Sterna_bewickii} {Pratincola_vulgaris, Procellaria_rubicola}
{Cygnus_torquatus, Sterna_bewickii} {Procellaria_pyromelana, Procellaria_rubicola}
{Ethmostigmus_platycephala, Lepidobatrachus_salei} {Pratincola_vulgaris, Procellaria_pyromelana}
{Ethmostigmus_platycephala, Lepidobatrachus_salei} {Pratincola_vulgaris, Procellaria_rubicola}
{Ethmostigmus_platycephala, Lepidobatrachus_salei} {Procellaria_pyromelana, Procellaria_rubicola}
{Ethmostigmus_platycephala, Liasis_homeana} {Pratincola_vulgaris, Procellaria_pyromelana}
{Ethmostigmus_platycephala, Liasis_homeana} {Pratincola_vulgaris, Procellaria_rubicola}
{Ethmostigmus_platycephala, Liasis_homeana} {Procellaria_pyromelana, Procellaria_rubicola}
{Ethmostigmus_platycephala, Numenius_aceras} {Pratincola_vulgaris, Procellaria_pyromelana}
{Ethmostigmus_platycephala, Numenius_aceras} {Pratincola_vulgaris, Procellaria_rubicola}
{Ethmostigmus_platycephala, Numenius_aceras} {Procellaria_pyromelana, Procellaria_rubicola}
{Ethmostigmus_platycephala, Podoces_alpestris} {Pratincola_vulgaris, Procellaria_pyromelana}
{Ethmostigmus_platycephala, Podoces_alpestris} {Pratincola_vulgaris, Procellaria_rubicola}
{Ethmostigmus_platycephala, Podoces_alpestris} {Procellaria_pyromelana, Procellaria_rubicola}
{Ethmostigmus_platycephala, Sorex_unicolor} {Pratincola_vulgaris, Procellaria_pyromelana}
{Ethmostigmus_platycephala, Sorex_unicolor} {Pratincola_vulgaris, Procellaria_rubicola}
{Ethmostigmus_platycephala, Sorex_unicolor} {Procellaria_pyromelana, Procellaria_rubicola}
{Ethmostigmus_platycephala, Sterna_bewickii} {Pratincola_vulgaris, Procellaria_pyromelana}
{Ethmostigmus_platycephala, Sterna_bewickii} {Pratincola_vulgaris, Procellaria_rubicola}
{Ethmostigmus_platycephala, Sterna_bewickii} {Procellaria_pyromelana, Procellaria_rubicola}
{Lepidobatrachus_salei, Liasis_homeana} {Pratincola_vulgaris, Procellaria_pyromelana}
{Lepidobatrachus_salei, Liasis_homeana} {Pratincola_vulgaris, Procellaria_rubicola}
{Lepidobatrachus_salei, Liasis_homeana} {Procellaria_pyromelana, Procellaria_rubicola}
{Lepidobatrachus_salei, Numenius_aceras} {Pratincola_vulgaris, Procellaria_pyromelana}
{Lepidobatrachus_salei, Numenius_aceras} {Pratincola_vulgaris, Procellaria_rubicola}
{Lepidobatrachus_salei, Numenius_aceras} {Procellaria_pyromelana, Procellaria_rubicola}
{Lepidobatrachus_salei, Podoces_alpestris} {Pratincola_vulgaris, Procellaria_pyromelana}
{Lepidobatrachus_salei, Podoces_alpestris} {Pratincola_vulgaris, Procellaria_rubicola}
{Lepidobatrachus_salei, Podoces_alpestris} {Procellaria_pyromelana, Procellaria_rubicola}
{Lepidobatrachus_salei, Sorex_unicolor} {Pratincola_vulgaris, Procellaria_pyromelana}
{Lepidobatrachus_salei, Sorex_unicolor} {Pratincola_vulgaris, Procellaria_rubicola}
{Lepidobatrachus_salei, Sorex_unicolor} {Procellaria_pyromelana, Procellaria_rubicola}
{Lepidobatrachus_salei, Sterna_bewickii} {Pratincola_vulgaris, Procellaria_pyromelana}
{Lepidobatrachus_salei, Sterna_bewickii} {Pratincola_vulgaris, Procellaria_rubicola}
{Lepidobatrachus_salei, Sterna_bewickii} {Procellaria_pyromelana, Procellaria_rubicola}
{Liasis_homeana, Numenius_aceras} {Pratincola_vulgaris, Procellaria_pyromelana}
{Liasis_homeana, Numenius_aceras} {Pratincola_vulgaris, Procellaria_rubicola}
{Liasis_homeana, Numenius_aceras} {Procellaria_pyromelana, Procellaria_rubicola}
{Liasis_homeana, Podoces_alpestris} {Pratincola_vulgaris, Procellaria_pyromelana}
{Liasis_homeana, Podoces_alpestris} {Pratincola_vulgaris, Procellaria_rubicola}
{Liasis_homeana, Podoces_alpestris} {Procellaria_pyromelana, Procellaria_rubicola}
{Liasis_homeana, Sorex_unicolor} {Pratincola_vulgaris, Procellaria_pyromelana}
{Liasis_homeana, Sorex_unicolor} {Pratincola_vulgaris, Procellaria_rubicola}
{Liasis_homeana, Sorex_unicolor} {Procellaria_pyromelana, Procellaria_rubicola}
{Liasis_homeana, Sterna_bewickii} {Pratincola_vulgaris, Procellaria_pyromelana}
{Liasis_homeana, Sterna_bewickii} {Pratincola_vulgaris, Procellaria_rubicola}
{Liasis_homeana, Sterna_bewickii} {Procellaria_pyromelana, Procellaria_rubicola}
{Numenius_aceras, Podoces_alpestris} {Pratincola_vulgaris, Procellaria_pyromelana}
{Numenius_aceras, Podoces_alpestris} {Pratincola_vulgaris, Procellaria_rubicola}
{Numenius_aceras, Podoces_alpestris} {Procellaria_pyromelana, Procellaria_rubicola}
{Numenius_aceras, Sorex_unicolor} {Pratincola_vulgaris, Procellaria_pyromelana}
{Numenius_aceras, Sorex_unicolor} {Pratincola_vulgaris, Procellaria_rubicola}
{Numenius_aceras, Sorex_unicolor} {Procellaria_pyromelana, Procellaria_rubicola}
{Numenius_aceras, Sterna_bewickii} {Pratincola_vulgaris, Procellaria_pyromelana}
{Numenius_aceras, Sterna_bewickii} {Pratincola_vulgaris, Procellaria_rubicola}
{Numenius_aceras, Sterna_bewickii} {Procellaria_pyromelana, Procellaria_rubicola}
{Podoces_alpestris, Sorex_unicolor} {Pratincola_vulgaris, Procellaria_pyromelana}
{Podoces_alpestris, Sorex_unicolor} {Pratincola_vulgaris, Procellaria_rubicola}
{Podoces_alpestris, Sorex_unicolor} {Procellaria_pyromelana, Procellaria_rubicola}
{Podoces_alpestris, Sterna_bewickii} {Pratincola_vulgaris, Procellaria_pyromelana}
{Podoces_alpestris, Sterna_bewickii} {Pratincola_vulgaris, Procellaria_rubicola}
{Podoces_alpestris, Sterna_bewickii} {Procellaria_pyromelana, Procellaria_rubicola}
{Sorex_unicolor, Sterna_bewickii} {Pratincola_vulgaris, Procellaria_pyromelana}
{Sorex_unicolor, Sterna_bewickii} {Pratincola_vulgaris, Procellaria_rubicola}
{Sorex_unicolor, Sterna_bewickii} {Procellaria_pyromelana, Procellaria_rubicola}
{Alpes_lavaretus, Boa_altaicus} {Balaenoptera_dives, Ethmostigmus_platycephala}
{Alpes_lavaretus, Boa_altaicus} {Balaenoptera_dives, Iomachus_teniotis}
{Alpes_lavaretus, Boa_altaicus} {Balaenoptera_dives, Numenius_aceras}
{Alpes_lavaretus, Boa_altaicus} {Balaenoptera_dives, Pratincola_vulgaris}
{Alpes_lavaretus, Boa_altaicus} {Balaenoptera_dives, Procellaria_rubicola}
{Alpes_lavaretus, Boa_altaicus} {Balaenoptera_dives, Sorex_unicolor}
{Alpes_lavaretus, Boa_altaicus} {Balaenoptera_dives, Trachemys_tatarica}
{Alpes_lavaretus, Boa_altaicus} {Ethmostigmus_platycephala, Iomachus_teniotis}
{Alpes_lavaretus, Boa_altaicus} {Ethmostigmus_platycephala, Numenius_aceras}
{Alpes_lavaretus, Boa_altaicus} {Ethmostigmus_platycephala, Pratincola_vulgaris}
{Alpes_lavaretus, Boa_altaicus} {Ethmostigmus_platycephala, Procellaria_rubicola}
{Alpes_lavaretus, Boa_altaicus} {Ethmostigmus_platycephala, Sorex_unicolor}
{Alpes_lavaretus, Boa_altaicus} {Ethmostigmus_platycephala, Trachemys_tatarica}
{Alpes_lavaretus, Boa_altaicus} {Iomachus_teniotis, Numenius_aceras}
{Alpes_lavaretus, Boa_altaicus} {Iomachus_teniotis, Pratincola_vulgaris}
{Alpes_lavaretus, Boa_altaicus} {Iomachus_teniotis, Procellaria_rubicola}
{Alpes_lavaretus, Boa_altaicus} {Iomachus_teniotis, Sorex_unicolor}
{Alpes_lavaretus, Boa_altaicus} {Iomachus_teniotis, Trachemys_tatarica}
{Alpes_lavaretus, Boa_altaicus} {Numenius_aceras, Pratincola_vulgaris}
{Alpes_lavaretus, Boa_altaicus} {Numenius_aceras, Procellaria_rubicola}
{Alpes_lavaretus, Boa_altaicus} {Numenius_aceras, Sorex_unicolor}
{Alpes_lavaretus, Boa_altaicus} {Numenius_aceras, Trachemys_tatarica}
{Alpes_lavaretus, Boa_altaicus} {Pratincola_vulgaris, Procellaria_rubicola}
{Alpes_lavaretus, Boa_altaicus} {Pratincola_vulgaris, Sorex_unicolor}
{Alpes_lavaretus, Boa_altaicus} {Pratincola_vulgaris, Trachemys_tatarica}
{Alpes_lavaretus, Boa_altaicus} {Procellaria_rubicola, Sorex_unicolor}
{Alpes_lavaretus, Boa_altaicus} {Procellaria_rubicola, Trachemys_tatarica}
{Alpes_lavaretus, Boa_altaicus} {Sorex_unicolor, Trachemys_tatarica}
{Alpes_lavaretus, Podoces_alpestris} {Balaenoptera_dives, Ethmostigmus_platycephala}
{Alpes_lavaretus, Podoces_alpestris} {Balaenoptera_dives, Iomachus_teniotis}
{Alpes_lavaretus, Podoces_alpestris} {Balaenoptera_dives, Numenius_aceras}
{Alpes_lavaretus, Podoces_alpestris} {Balaenoptera_dives, Pratincola_vulgaris}
{Alpes_lavaretus, Podoces_alpestris} {Balaenoptera_dives, Procellaria_rubicola}
{Alpes_lavaretus, Podoces_alpestris} {Balaenoptera_dives, Sorex_unicolor}
{Alpes_lavaretus, Podoces_alpestris} {Balaenoptera_dives, Trachemys_tatarica}
{Alpes_lavaretus, Podoces_alpestris} {Ethmostigmus_platycephala, Iomachus_teniotis}
{Alpes_lavaretus, Podoces_alpestris} {Ethmostigmus_platycephala, Numenius_aceras}
{Alpes_lavaretus, Podoces_alpestris} {Ethmostigmus_platycephala, Pratincola_vulgaris}
{Alpes_lavaretus, Podoces_alpestris} {Ethmostigmus_platycephala, Procellaria_rubicola}
{Alpes_lavaretus, Podoces_alpestris} {Ethmostigmus_platycephala, Sorex_unicolor}
{Alpes_lavaretus, Podoces_alpestris} {Ethmostigmus_platycephala, Trachemys_tatarica}
{Alpes_lavaretus, Podoces_alpestris} {Iomachus_teniotis, Numenius_aceras}
{Alpes_lavaretus, Podoces_alpestris} {Iomachus_teniotis, Pratincola_vulgaris}
{Alpes_lavaretus, Podoces_alpestris} {Iomachus_teniotis, Procellaria_rubicola}
{Alpes_lavaretus, Podoces_alpestris} {Iomachus_teniotis, Sorex_unicolor}
{Alpes_lavaretus, Podoces_alpestris} {Iomachus_teniotis, Trachemys_tatarica}
{Alpes_lavaretus, Podoces_alpestris} {Numenius_aceras, Pratincola_vulgaris}
{Alpes_lavaretus, Podoces_alpestris} {Numenius_aceras, Procellaria_rubicola}
{Alpes_lavaretus, Podoces_alpestris} {Numenius_aceras, Sorex_unicolor}
{Alpes_lavaretus, Podoces_alpestris} {Numenius_aceras, Trachemys_tatarica}
{Alpes_lavaretus, Podoces_alpestris} {Pratincola_vulgaris, Sorex_unicolor}
{Alpes_lavaretus, Podoces_alpestris} {Pratincola_vulgaris, Trachemys_tatarica}
{Alpes_lavaretus, Podoces_alpestris} {Procellaria_rubicola, Sorex_unicolor}
{Alpes_lavaretus, Podoces_alpestris} {Procellaria_rubicola, Trachemys_tatarica}
{Alpes_lavaretus, Podoces_alpestris} {Sorex_unicolor, Trachemys_tatarica}
{Alpes_lavaretus, Sterna_bewickii} {Balaenoptera_dives, Ethmostigmus_platycephala}
{Alpes_lavaretus, Sterna_bewickii} {Balaenoptera_dives, Iomachus_teniotis}
{Alpes_lavaretus, Sterna_bewickii} {Balaenoptera_dives, Numenius_aceras}
{Alpes_lavaretus, Sterna_bewickii} {Balaenoptera_dives, Pratincola_vulgaris}
{Alpes_lavaretus, Sterna_bewickii} {Balaenoptera_dives, Procellaria_rubicola}
{Alpes_lavaretus, Sterna_bewickii} {Balaenoptera_dives, Sorex_unicolor}
{Alpes_lavaretus, Sterna_bewickii} {Balaenoptera_dives, Trachemys_tatarica}
{Alpes_lavaretus, Sterna_bewickii} {Ethmostigmus_platycephala, Iomachus_teniotis}
{Alpes_lavaretus, Sterna_bewickii} {Ethmostigmus_platycephala, Numenius_aceras}
{Alpes_lavaretus, Sterna_bewickii} {Ethmostigmus_platycephala, Pratincola_vulgaris}
{Alpes_lavaretus, Sterna_bewickii} {Ethmostigmus_platycephala, Procellaria_rubicola}
{Alpes_lavaretus, Sterna_bewickii} {Ethmostigmus_platycephala, Sorex_unicolor}
{Alpes_lavaretus, Sterna_bewickii} {Ethmostigmus_platycephala, Trachemys_tatarica}
{Alpes_lavaretus, Sterna_bewickii} {Iomachus_teniotis, Numenius_aceras}
{Alpes_lavaretus, Sterna_bewickii} {Iomachus_teniotis, Pratincola_vulgaris}
{Alpes_lavaretus, Sterna_bewickii} {Iomachus_teniotis, Procellaria_rubicola}
{Alpes_lavaretus, Sterna_bewickii} {Iomachus_teniotis, Sorex_unicolor}
{Alpes_lavaretus, Sterna_bewickii} {Iomachus_teniotis, Trachemys_tatarica}
{Alpes_lavaretus, Sterna_bewickii} {Numenius_aceras, Pratincola_vulgaris}
{Alpes_lavaretus, Sterna_bewickii} {Numenius_aceras, Procellaria_rubicola}
{Alpes_lavaretus, Sterna_bewickii} {Numenius_aceras, Sorex_unicolor}
{Alpes_lavaretus, Sterna_bewickii} {Numenius_aceras, Trachemys_tatarica}
{Alpes_lavaretus, Sterna_bewickii} {Pratincola_vulgaris, Sorex_unicolor}
{Alpes_lavaretus, Sterna_bewickii} {Pratincola_vulgaris, Trachemys_tatarica}
{Alpes_lavaretus, Sterna_bewickii} {Procellaria_rubicola, Sorex_unicolor}
{Alpes_lavaretus, Sterna_bewickii} {Procellaria_rubicola, Trachemys_tatarica}
{Alpes_lavaretus, Sterna_bewickii} {Sorex_unicolor, Trachemys_tatarica}
{Boa_altaicus, Podoces_alpestris} {Balaenoptera_dives, Ethmostigmus_platycephala}
{Boa_altaicus, Podoces_alpestris} {Balaenoptera_dives, Iomachus_teniotis}
{Boa_altaicus, Podoces_alpestris} {Balaenoptera_dives, Numenius_aceras}
{Boa_altaicus, Podoces_alpestris} {Balaenoptera_dives, Pratincola_vulgaris}
{Boa_altaicus, Podoces_alpestris} {Balaenoptera_dives, Procellaria_rubicola}
{Boa_altaicus, Podoces_alpestris} {Balaenoptera_dives, Sorex_unicolor}
{Boa_altaicus, Podoces_alpestris} {Balaenoptera_dives, Trachemys_tatarica}
{Boa_altaicus, Podoces_alpestris} {Ethmostigmus_platycephala, Iomachus_teniotis}
{Boa_altaicus, Podoces_alpestris} {Ethmostigmus_platycephala, Numenius_aceras}
{Boa_altaicus, Podoces_alpestris} {Ethmostigmus_platycephala, Pratincola_vulgaris}
{Boa_altaicus, Podoces_alpestris} {Ethmostigmus_platycephala, Procellaria_rubicola}
{Boa_altaicus, Podoces_alpestris} {Ethmostigmus_platycephala, Sorex_unicolor}
{Boa_altaicus, Podoces_alpestris} {Ethmostigmus_platycephala, Trachemys_tatarica}
{Boa_altaicus, Podoces_alpestris} {Iomachus_teniotis, Numenius_aceras}
{Boa_altaicus, Podoces_alpestris} {Iomachus_teniotis, Pratincola_vulgaris}
{Boa_altaicus, Podoces_alpestris} {Iomachus_teniotis, Procellaria_rubicola}
{Boa_altaicus, Podoces_alpestris} {Iomachus_teniotis, Sorex_unicolor}
{Boa_altaicus, Podoces_alpestris} {Iomachus_teniotis, Trachemys_tatarica}
{Boa_altaicus, Podoces_alpestris} {Numenius_aceras, Pratincola_vulgaris}
{Boa_altaicus, Podoces_alpestris} {Numenius_aceras, Procellaria_rubicola}
{Boa_altaicus, Podoces_alpestris} {Numenius_aceras, Sorex_unicolor}
{Boa_altaicus, Podoces_alpestris} {Numenius_aceras, Trachemys_tatarica}
{Boa_altaicus, Podoces_alpestris} {Pratincola_vulgaris, Procellaria_rubicola}
{Boa_altaicus, Podoces_alpestris} {Pratincola_vulgaris, Sorex_unicolor}
{Boa_altaicus, Podoces_alpestris} {Pratincola_vulgaris, Trachemys_tatarica}
{Boa_altaicus, Podoces_alpestris} {Procellaria_rubicola, Sorex_unicolor}
{Boa_altaicus, Podoces_alpestris} {Procellaria_rubicola, Trachemys_tatarica}
{Boa_altaicus, Sterna_bewickii} {Balaenoptera_dives, Ethmostigmus_platycephala}
{Boa_altaicus, Sterna_bewickii} {Balaenoptera_dives, Iomachus_teniotis}
{Boa_altaicus, Sterna_bewickii} {Balaenoptera_dives, Numenius_aceras}
{Boa_altaicus, Sterna_bewickii} {Balaenoptera_dives, Pratincola_vulgaris}
{Boa_altaicus, Sterna_bewickii} {Balaenoptera_dives, Procellaria_rubicola}
{Boa_altaicus, Sterna_bewickii} {Balaenoptera_dives, Sorex_unicolor}
{Boa_altaicus, Sterna_bewickii} {Balaenoptera_dives, Trachemys_tatarica}
{Boa_altaicus, Sterna_bewickii} {Ethmostigmus_platycephala, Iomachus_teniotis}
{Boa_altaicus, Sterna_bewickii} {Ethmostigmus_platycephala, Numenius_aceras}
{Boa_altaicus, Sterna_bewickii} {Ethmostigmus_platycephala, Pratincola_vulgaris}
{Boa_altaicus, Sterna_bewickii} {Ethmostigmus_platycephala, Procellaria_rubicola}
{Boa_altaicus, Sterna_bewickii} {Ethmostigmus_platycephala, Sorex_unicolor}
{Boa_altaicus, Sterna_bewickii} {Ethmostigmus_platycephala, Trachemys_tatarica}
{Boa_altaicus, Sterna_bewickii} {Iomachus_teniotis, Numenius_aceras}
{Boa_altaicus, Sterna_bewickii} {Iomachus_teniotis, Pratincola_vulgaris}
{Boa_altaicus, Sterna_bewickii} {Iomachus_teniotis, Procellaria_rubicola}
{Boa_altaicus, Sterna_bewickii} {Iomachus_teniotis, Sorex_unicolor}
{Boa_altaicus, Sterna_bewickii} {Iomachus_teniotis, Trachemys_tatarica}
{Boa_altaicus, Sterna_bewickii} {Numenius_aceras, Pratincola_vulgaris}
{Boa_altaicus, Sterna_bewickii} {Numenius_aceras, Procellaria_rubicola}
{Boa_altaicus, Sterna_bewickii} {Numenius_aceras, Sorex_unicolor}
{Boa_altaicus, Sterna_bewickii} {Numenius_aceras, Trachemys_tatarica}
{Boa_altaicus, Sterna_bewickii} {Pratincola_vulgaris, Procellaria_rubicola}
{Boa_altaicus, Sterna_bewickii} {Pratincola_vulgaris, Sorex_unicolor}
{Boa_altaicus, Sterna_bewickii} {Pratincola_vulgaris, Trachemys_tatarica}
{Boa_altaicus, Sterna_bewickii} {Procellaria_rubicola, Sorex_unicolor}
{Boa_altaicus, Sterna_bewickii} {Procellaria_rubicola, Trachemys_tatarica}
{Podoces_alpestris, Sterna_bewickii} {Balaenoptera_dives, Ethmostigmus_platycephala}
{Podoces_alpestris, Sterna_bewickii} {Balaenoptera_dives, Iomachus_teniotis}
{Podoces_alpestris, Sterna_bewickii} {Balaenoptera_dives, Numenius_aceras}
{Podoces_alpestris, Sterna_bewickii} {Balaenoptera_dives, Pratincola_vulgaris}
{Podoces_alpestris, Sterna_bewickii} {Balaenoptera_dives, Procellaria_rubicola}
{Podoces_alpestris, Sterna_bewickii} {Balaenoptera_dives, Sorex_unicolor}
{Podoces_alpestris, Sterna_bewickii} {Balaenoptera_dives, Trachemys_tatarica}
{Podoces_alpestris, Sterna_bewickii} {Ethmostigmus_platycephala, Iomachus_teniotis}
{Podoces_alpestris, Sterna_bewickii} {Ethmostigmus_platycephala, Numenius_aceras}
{Podoces_alpestris, Sterna_bewickii} {Ethmostigmus_platycephala, Pratincola_vulgaris}
{Podoces_alpestris, Sterna_bewickii} {Ethmostigmus_platycephala, Procellaria_rubicola}
{Podoces_alpestris, Sterna_bewickii} {Ethmostigmus_platycephala, Sorex_unicolor}
{Podoces_alpestris, Sterna_bewickii} {Ethmostigmus_platycephala, Trachemys_tatarica}
{Podoces_alpestris, Sterna_bewickii} {Iomachus_teniotis, Numenius_aceras}
{Podoces_alpestris, Sterna_bewickii} {Iomachus_teniotis, Pratincola_vulgaris}
{Podoces_alpestris, Sterna_bewickii} {Iomachus_teniotis, Procellaria_rubicola}
{Podoces_alpestris, Sterna_bewickii} {Iomachus_teniotis, Sorex_unicolor}
{Podoces_alpestris, Sterna_bewickii} {Iomachus_teniotis, Trachemys_tatarica}
{Podoces_alpestris, Sterna_bewickii} {Numenius_aceras, Pratincola_vulgaris}
{Podoces_alpestris, Sterna_bewickii} {Numenius_aceras, Procellaria_rubicola}
{Podoces_alpestris, Sterna_bewickii} {Numenius_aceras, Sorex_unicolor}
{Podoces_alpestris, Sterna_bewickii} {Numenius_aceras, Trachemys_tatarica}
{Podoces_alpestris, Sterna_bewickii} {Pratincola_vulgaris, Sorex_unicolor}
{Podoces_alpestris, Sterna_bewickii} {Pratincola_vulgaris, Trachemys_tatarica}
{Podoces_alpestris, Sterna_bewickii} {Procellaria_rubicola, Sorex_unicolor}
{Podoces_alpestris, Sterna_bewickii} {Procellaria_rubicola, Trachemys_tatarica}
{Pratincola_vulgaris, Trachemys_tatarica} {Anser_sphenocercus, Lepidobatrachus_salei}
{Pratincola_vulgaris, Trachemys_tatarica} {Anser_sphenocercus, Liasis_homeana}
{Pratincola_vulgaris, Trachemys_tatarica} {Anser_sphenocercus, Limnodromus_smithi}
{Pratincola_vulgaris, Trachemys_tatarica} {Anser_sphenocercus, Numenius_aceras}
{Pratincola_vulgaris, Trachemys_tatarica} {Anser_sphenocercus, Procellaria_pyromelana}
{Pratincola_vulgaris, Trachemys_tatarica} {Anser_sphenocercus, Sorex_unicolor}
{Pratincola_vulgaris, Trachemys_tatarica} {Anser_sphenocercus, Sterna_bewickii}
{Pratincola_vulgaris, Trachemys_tatarica} {Lepidobatrachus_salei, Liasis_homeana}
{Pratincola_vulgaris, Trachemys_tatarica} {Lepidobatrachus_salei, Limnodromus_smithi}
{Pratincola_vulgaris, Trachemys_tatarica} {Lepidobatrachus_salei, Numenius_aceras}
{Pratincola_vulgaris, Trachemys_tatarica} {Lepidobatrachus_salei, Procellaria_pyromelana}
{Pratincola_vulgaris, Trachemys_tatarica} {Lepidobatrachus_salei, Sorex_unicolor}
{Pratincola_vulgaris, Trachemys_tatarica} {Lepidobatrachus_salei, Sterna_bewickii}
{Pratincola_vulgaris, Trachemys_tatarica} {Liasis_homeana, Limnodromus_smithi}
{Pratincola_vulgaris, Trachemys_tatarica} {Liasis_homeana, Numenius_aceras}
{Pratincola_vulgaris, Trachemys_tatarica} {Liasis_homeana, Procellaria_pyromelana}
{Pratincola_vulgaris, Trachemys_tatarica} {Liasis_homeana, Sorex_unicolor}
{Pratincola_vulgaris, Trachemys_tatarica} {Liasis_homeana, Sterna_bewickii}
{Pratincola_vulgaris, Trachemys_tatarica} {Limnodromus_smithi, Numenius_aceras}
{Pratincola_vulgaris, Trachemys_tatarica} {Limnodromus_smithi, Procellaria_pyromelana}
{Pratincola_vulgaris, Trachemys_tatarica} {Limnodromus_smithi, Sorex_unicolor}
{Pratincola_vulgaris, Trachemys_tatarica} {Limnodromus_smithi, Sterna_bewickii}
{Pratincola_vulgaris, Trachemys_tatarica} {Numenius_aceras, Procellaria_pyromelana}
{Pratincola_vulgaris, Trachemys_tatarica} {Numenius_aceras, Sorex_unicolor}
{Pratincola_vulgaris, Trachemys_tatarica} {Numenius_aceras, Sterna_bewickii}
{Pratincola_vulgaris, Trachemys_tatarica} {Procellaria_pyromelana, Sorex_unicolor}
{Pratincola_vulgaris, Trachemys_tatarica} {Procellaria_pyromelana, Sterna_bewickii}
{Pratincola_vulgaris, Trachemys_tatarica} {Sorex_unicolor, Sterna_bewickii}
