0000000000000000000000100000000000000000000100000000000000000000000000000000000000000000000000
0010000100010001010000000000100000010000000010100000111100100010100010001001000000010000000000
0000100000000000000000100001001100000000000100010000000001000000011000000000000001000000000110
1111111111010111010111111011111111110111110111111011111101111011111011111111111111111111111111
1011111111111111111111111101111111111111111111111111111111111111111111111111111111111111011111
1111111111111111111111011110111111111111111011111111111111111111110111111111111110111111111101
0010000100010001010000000000100000010000000000100000111100100000100010001001000000010000000000
1100000000000000000001000010000010000000000000000000000000000000000000010100100000000010100000
0000100000000000000000100001001100000000000100010000000000000000011000000000000001000000000010
0000010000000000000000010000000000000010000000000000000000000000000000000000000000000000000000
1110111111111111111111110111111111111111111111111111111111111111111111111111111111111111111111
0000000010000000000000000000010000000000100000000000000000000001000000000000000010000000000000
1111111111111111111111011110110111111111111011111111111111111111100111111111111110111111111101
1111101111010011010111101011111111110101110110111011111101111011111011111111111111111111111110
1111110110111111111111111111111111111111111111111101111111111111111111111111100111011111111111
0000000000101000100000000000000000000000000000000100000000000100000100000000000000000000000000
1111111111111111111111111111111111111111101111111111111111100111111111111101111111111111111111
1111111111111111111111111111111111111111101111111111111111101111111111111111111111111111111111
1111111111111111111111111111111111111111111101111111111111111101111111111111111111111111111111
1111111111111111111111111111111111110111110111111111111101111111111111111111111111111111111111
1111111111111111111111111111111111101111111111111111111011011111111111111111111111111111111111
0000000000000000000000000000000000010000000000000000000000100000000000000000000000000000000000
1111011111111111111111011110110011111111111011101111111110111111100111111111111110111111111101
1111111111111111111111111111111111101111111111011111001011011111011101111110111111101111111111
1110111111111111111111110111111111111111111111111110111111111111111111111111111111111011111111
1111111111111111111111111111111111101111111111111111101011011111011111111110111111101111111111
0000100000000000000000100001001100000000000100010000000001000000011000000000000001000000010110
0000000000000000000100000000000000000000000000000000000000000000000000000000000000000000001000
1111111011101110101111111111111111101111111111011111000011011111011101111110111111101111111111
0000000000000000000000000000000000000000000000000000000000000000000000000001000000010000000000
0011100100010011010110101001101101110000010110111001111101111010111011001011000101011101011110
1111111111111111111111111110111111111111111111111111111111111111110111111111111110111111111101
1111110111111111111111111111111111111111111111111111111111111111111111111111110111011111111111
1111111111111111111111111111111111111111111111110111111111111111111111111111111111111110111111
0000000000000000000000000010000000000000000000000000000000000000000000000000000000000000100000
1111111111111111111111111111111111111111111111111110111111111111111111111111111111111011111111
0111111111111111111111111111111111111111111111111111111111111111111111101011111111111101111111
1110011111111101111011010110110010111111101011100110111110100111100111111101111010111010100001
1100011001101100101001010110000010001111001001000110000010000100000100010100111000100010100001
1111111111111111111111111111101111111111011111111111111111111111111111111111111111111111111111
0011111111111111111110111101111101111110111111111111111111111111111111101011011111111101011111
0000000000000000000010000000000000100000000000000000000000000000000001000000000000000000000000
1111111111111101111111111111111110111111111111111111111111111111111111111111111111111111111111
0100000000000000000000000010000010000000000000000000000000000000000000000000000000000000100000
0000100000000000000000000000000100000000000000010000000000000000000000000000000000000000000000
1111111111111111111111101111111111111101111111111111111111111111111111111111111111111111111111
0011100110010011010110101001111101110100110110111001111101111011111011101011000111011101011110
0000000000000000000000000100000000001000001000000000000010000000000000000000000000000000000000
1111111111111110111111111111111111101111111111011111001011011111011101111110111111101111111111
0000000000100000000000000000000000000000000000000000000000000100000100000000000000000000000000
1111111111111111111111111111101111111111011111111111111111111110111111111111111111111111111111
1111111111111111111111111111111111101111111111111111111011011111011111111110111111101111111111
1111111111111111111111011110111111111111111011111111111111111111100111111111111110111111111101
0000000000000000000000000001000000000000000000000000000000000000001000000000000000000000000010
0000000000100000000000000000000000000000000000000000000000000000000100000000000000000000000000
0000000000000000000000000000000000010000000000000000010100100000100010000001000000010000000000
0000000000000000000000000000000000100000000000000000000000000000000001000000000000000000000000
1100011011101100101001010110010010001111101001000110000010000101000100010100111010100010100001
1100011011101100101011010110010010101111101001000110000010000101000101110100111010101010100001
1101111011101110101111111111111111101111111111011111000011011111011101111110111111101111111111
1111111111111111111111111111111111111111111111111111111111111111110111111111111111111111111101
0000000100010001010000000000000000010000000000100000110100100000100010000001000000010000000000
1111011111111101111011011110110010111111101011100111111110100111100111111101111010111110100001
0000010000000100000000010000000000000010000001000000000000000000000000000000000000000000000000
0000000000001000100000000000000000000000000000000000000000000000000000000000000000000000000000
1111111011111110101111111111111111101111111111011111001011011111011101111110111111101111111111
1111111111010111010111111111111111111111111111111011111111111011111011111111111111111111111111
0000000000000001010000000000000000010000000000100000110100100000100010000001000000010000000000
0011100100010011010110101001101101110000010110111001111101111010111011001011000101010101011110
0000100000000000000100100001001100000000010100011000000001011000011000000010000101000001011110
1111111111011111111111111111111111111111111111111011111111111011111011111111111111111111111111
0000001000000000000000000000000000000000000000000010000000000000000000000000011000100000000000
1111011111111111111111111111111111111111111111101111111111111111111111111111111111111111111111
0000000000000000000000000000000000000000010000001000000000011000000000000010000000000001000000
1111101111111111111111101111111111111101111110111111111111111111111111111111111111111111111111
1111111111111111111111111111111111101111111111011111101011011111011101111110111111101111111111
1111011111111111111111011110110011111111101011100111111110100111100111111101111110111110101001
1111111111111111111111111111111111110111110111111111111111111111111111111111111111111111111111
0011111111111111111111111101111101111111111111111111111111111111111111101011111111111101011111
1100001001000000000001000010000010000001000000000010000000000000000000010100111000100010100000
0000010000101100101000010100000000001010001001000100000010000100000100000000000000000000000000
1111110111111111111111111111111111111111111111111111111111111111111111111111110111111111111111
0000001000000000000000000000000000000000000000000000000000000000000000000000011000100000000000
0011111111111111111111111101111101111111111111111111111111111111111111101011011111111101011111
0000000000000000000000000000000000000000000000000000000000000000100000000001000000010000000000
0000000000000000000000000000000000000000000000000000000000001000000000000010000000000000000000
1000000000000000000000000000000000000000000000000000000000000000000000010100000000000000000000
1101111011101110101111111111111111101111111111011111000011011111011101110110111111101111111111
1000000000000000000000000000000000000000000000000000000000000000000000010000000000000000000000
1111111101111111111111111111111111111111111111111111111111111111111111111111111101111111111111
1111111111111111111011111111111111111111111111111111111111111111111111111111111011111111110111
