0000000000000000000000000000000000000000000000000000000000000000000000000001000000000000000000000000000000000000000000000000000000000000000010000000000000000000000000000000000000
1111111111111111111111111111111111111111111111111111111111111101111111111110111111111111111111111111111111111111111111111111111111111111111101111111111111111111111111111111111111
1000000000000001000000000001000000000000000000000000000000000000000010000010000000000000000010000000000000000000000101000000000100000000000001000000000100000000000000010000001000
0000000000000000000000000000000000000000000000000000010000000000000000000000000000000000000000000000000000010000000000000000000000000000000000000000000000000000000000000000000000
0111111111111110111111111110111111111111111111111111101111111111111101111101111111111111111101111111111111101111111010111111111011111111111110111111111011111111111111101111110111
1111111111111111111111111111111111111111111111111101111111111111111111111111111111111111111111111111111111111111111111111111111111111110111111111111111111111111111111111111111111
0000000000000000000000000000000000000000000000000100000000000000000000000000000000000000000000000000000000000000000000000000000000000000000000000000000000000000000000000010000000
1111111111111111111111111111111111111111111111111011111111111111111111111111111111111111111111111111111111111111111111111111101111111111111111111111111111111111111111111101111111
0000010000000000000000000000010100010000000000110001001100110000110001000000000001100000010000000100000000001001000000101000100000001000000000000000001001001000000000001001000001
1111101111111111111111111111101011101111111111001110110011001111001110111111111110011111101111111011111111110110111111010111011111110111111111111111110110110111111111010110111110
0000000000000000001000010000101000100000000110000010000000000000000000000000000100010000101000000000000000000000000000000000000000000001100000000000000000000000001010000000000000
1111111111111111110111101111010111011111111001111101111111111110111111111111111011101111010111111111111111111111111111111111111111111110011111111111111111111111110101111111111111
0000010000000000000000000000010100010000000000110001001100110000110001000000000001100000010000000100000000001001000000001000100000001000000000000000001001001000000000001001000001
0000000000000000000000000000000000010000000000000000000000010000000000000000000001000000000000000000000000001000000000000000000000000000000000000000000000001000000000000000000000
1111111111111111111111111111111111101111111111101111111111101111111111111111111110111111111111111111111111110111111111111111111111111111111111111111111111110111111111111111111111
0001101101011100101100010110101011100000001111000010100001001111000000010001100110011111101101001001010000100100100010000011001000110111100110111100110010110100011010000100010110
1110010010100011010011101001010100011111110000111101011110110000111111101110011001100000010010100110101111011011011101111100110111001000011001000011001101001011100101111011101001
0000000000000001000000000000000000000000000000000000000000000000000000000000000000000000000000000000000000000000000100000000000000000000000000000000000000000000000000000000000000
0000000000000000000000000000000000000000000000000000000000000000000000000010000000000000000000000000000000000000000000000000000000000000000000000000000100000000000000000000000000
1111111111111110111111111111111111111111111111111111111111111111111111111101111111111111111111111111111111111111111011111111111111111111111111111111111011111111111111111111111111
0000000000000000001000010000100000100000000000000010000000000000000000000000000100000000101000000000000000000000000000000000000000000001000000000000000000000000000000000000000000
1111111111111111110111101111011111011111111111111101111111111111111111111111111011101111010111111111111111111111111111111111111111111110111111111111111111111111111111111111111111
0000101000000000101000010000101011100000000111000010000000001011000000000001000110011000101100000000000000100100000000000000000000000001100110010100000010000000001010000100000100
0001000000010100000100000110000000000000001000000000100001000100000000010000000000000111000000000001010000000000000010000010001000010110000000101000110000100100010000000000010000
1110010111101011010011101001010100011111110000111101011110110000111111101110111001100000010011111110101111011011111101111101110111101000011001000011001101011011100101111011101011
0000000000000000000000000000100000100000000000000000000000000000000000000000000100000000001000000000000000000000000000000000000000000000000000000000000000000000000000000000000000
1111111111111111110111111111011111011111111111111111111111111111111111111111111011111111110111111111111111111111111111111111111111111111111111111111111111111111111111111111111111
0011101101011100101100011110101011101000001111000110100001001111001000010001100110011111101101111011011101100100100010000011011000110111100110111100110010110100011011000110010110
0100010010100010010011100000010100010111110000111001001110110000110101101100011001100000010000000100100010001011011000111100100011001000011000000011001001001011100100101001100001
0000000000000000010000000000000000000000000000000000000000000000000000000000000000000000000000000000000000000000010000000000000000000000000000000000000000000000000000000000000000
1111111111111111101111111111111111111111111111111111111111111111111111111111111111111111111111111111111111111111101111111111111111111111111111111111111111111111011111111111111111
1111111111111111111111111111111111111111111111111111111111111111111111111111111111111111111111011111111111111111111111111111111111111111111111111111111111111111111110111111111111
1111111111011111101111111111111111111101111111110111111111111111111111111111111111111111111111111111111101111111101111111111111111111111111111111111111111111111011111111111111111
0000000000000000010000000000000000000010000000001000000000000000000000000000000000000000000000000000000010000000010000000000000000000000000000000000000000000000100000000000000000
1111111111111111111111111111111111111111111111111111111111111111111111111111111110111111111111111111111111110111111111111111111111111111111111111111111111111111111111111111111111
0000000000000000000000000000000000000000000000000000000000000000000000000000000000000000000000000000010000000000000010000000000000000000000000000000100000100000000000000000000000
0000000000000000000100000000000000000000000000000000000000000000000000000000000000000000000000000000000000000000000000000000000000000000000000000000000000000100010000000000000000
1111111111111111111011111111111111111111111111111111111111111111111111111111111111111111111111111111101111111111111101111111111111111111111111111111011111011011101111111111111111
1111111111111111111111111111111111111111111111111111111111111111111111111111111111111111111111111110111111111111111111111111111111111101111111111111111111111111111111111111111111
1111111111111111111111111110111111111111111111111111111111111111111111111111111111111111111111111111111111111111111111111111111111111111111110111111111111111111111111111111111111
1000000000000001000000000001000000000000000000000000000000000000000000000010000000000000000000000000000000000000000101000000000000000000000001000000000100000000000000000000000000
0111111111111110111111111110111111111111111111111111111111111111111111111101111111111111111111111111111111111111111010111111111111111111111110111111111011111111111111111111110111
1111111111111111111111111111101111111111111111111111111111111111111111111111111111111111111111111111111111111111111111111111111111111111111111111111111111111111111111111110111111
0000000000000000000000000000000000000000000000000000000000000000000001000000000000000000000000000000000000000001000000000000000000000000000000000000000000000000000000000000000000
1111111111111111111111111111111111101111111111101111111111101111111110111111111110111111111111111111111111110110111111111111111111111111111111111111111111110111111111111111111111
1111111111111111111111111111111111111111111111111110111111111111111111111111111111111111111111111111111111111111111111111111111111111111111111111111110111111111111111111111111111
1111101101011111101100011111101011101000011111000110110001001111001110110011100110011111101111111011011101110100101111000111011100110111100111111100110110110110011111010110011110
0000010010100000010011100000010100010111100000111001001110110000110001000100011001100000010000000100100010001011010000111000100011001000011000000011001001001001100000101001100001
1111111111111111111111111111111111111111111111111111111111111111111111111111101111111111111111111111111111111111111111111111111111111111111111111111111111111110111111111111111111
0000000000000000000000000000000000000000000000000000000000000000000000000000000000000000000000000000010000000000000000000000000000000000000000000000100000100000000000000000000000
0000000000000000000100000010000000000000000000000000000000000000000000010000000000000010000000000000010000000000000010000000000000010000000000000000100000100100010000000000010000
1111111111111111111011111101111111111111110111111111111111111111111111101111111111111101111111111111101111111111111101111111111111101111111111111111011111011011101111111111101111
1111111111111111111111111111111111111111111111111111111111111111111111111111111111111011111111111110111111111111111111111111111111111101111111111111111111111111111111111111111111
1111111111111111111111111111111111111111111111111111111111111111111111111111111111111111111111111111111111111111111111111111111111111111111111111111011111011111111111111111111111
0000000000000000000000000000000000000000000000000000000000000000000010000000000000000000000000000000000000000000000000000000000000000000000000000000000000000000000000010000000000
0111111111111110111111111110111111111111111111111111111111111111111101111101111111111111111111111111111111111111111010111111111111111111111110111111111011111111111111101111110111
1111111111111111111111111111111111111111101111111111111111111111111111111111111111111111111111111111111111111111111111111111111111111111111111111111111111111111111011111111111111
0001101101011100101100010110101011100000001111000010100001001111000000010001100110011111101101000001010000100100000010000011001000110111100110111100110010110100011010000100010110
1110010010100011010011101001010100011111110000111101011110110000111111101110011001100000010010111110101111011011011101111100110111001000011001000011001101001011100101111011101001
0000000000001000000000000000000000000000000000000000000000000000000000000000100000000000000000000000000000000000000000000001000000000000000000000000000000000000000000000000000000
0001101001010100101100010110101011100000001111000010100001001111000000010001000110011111101101000001010000100100000010000010001000010111100110111100110010100100011010000100010100
1110010110100011010011101001010100011111110000111101011110110000111111101110011001100000010010111110101111011011111101111100110111101000011001000011001101011011100101111011101011
0000010000000000000000000000010100010001000000110001001100110000110001000000010001100000010000000100000000001001000000101000100000001000000000000001001001001001000000101001100001
1111101111111111111111111111101011101110111111001110110011001111001110111111101110011111101111111011111111110110111111010111011111110111101111111110110110110110111111010110011110
0000000000000000000000000000010100010000000000010001001100110000110001000000000001100000010000000000000000001001000000000000100000000000000000000000001000001000000000001001000000
1111111111111111111111111111101011101111111111101110110011001111001110111111111110011111101111111111111111110110111111110111011111111111111111111111110111110111111111110110111111
0000000000000000010000000000000000000000000000000000000000000000000000000000000000000000000000000000000010000000010000000000000000000000000000000000000000000000100000000000000000
0000000000000000000000000000000000000010000000001000000000000000000000000000000000000000000000000000000000000000000000000000000000000000000000000000000000000000000000000000000000
0001000000000000000000000000000000000000000000000000000000000100000000000000000000000000000000000000000000000000000000000000000000000000000000000000000000000000000000000000000000
0000000000000100000000000100000000000000000000000000000000000000000000000000000000000000000000000000000000000000000000000010000000000100000000001000000000000000000000000000000000
1110111111111011111111111011111111111111111111111111111111111011111111111111111111111111111111111111111111111111111111111101111111111011111111110111111111111111111111111111111111
1111111111111011111111111111111111111111111111111111111111111111111111111111111111111111111111111111111111111111111111111101111111111111111111111111111111111111111111111111111111
0000000000000000000000000000000000000000000000000000000000000000000000000000000000001000000000000000000000000000000000000000000000000000000000000100000000000000000000000000000000
1111111111111111111111111111111111111111111111111111111111111111111111111111111111110111111111111111111111011111111111111111111111111111111111111011111111111111111111111111111111
1110010110101011010011101001010100011111110000111101011110110000111111101110111001100000010011111110101111011011111101111101110111101000011001000011001101011011100101111011101011
1111111111111111111111111111111111111111111111111111111111111111111111111111111111111111111111111111111111111111111111111111111111111111111111101111111111111111111111111011111111
1111111111111111111111111111111111101111111111111111111111101111111111111111111111111111111111111111111111111111111111111111111111111111111111111111111111111111111111111111111111
0000000000000000000100000000000000000000000000000000000000000000000000000000000000000010000000000000010000000000000010000000000000010000000000000000100000100100010000000000010000
1111111111111111111011111111111111111111111111111111111111111111111111101111111111111101111111111111101111111111111101111111111111101111111111111111011111011011101111111111101111
1110010010100011010011101001010100011111110000111001011110110000111111101110011001100000010010100110101111011011011101111100100111001000011001000011001101001011100101111001101001
0000000000000000001000010000101000100000000000000010000000000000000000000000000100010000101000000000000000000000000000000000000000000001100000000000000000000000000010000000000000
1111111111111111110111101111010111011111111111111101111111111111111111111111111011101111010111111111111111111111111111111111111111111110011111111111111111111111110101111111111111
1111111111111111111111111111111111111111011111111111111111111111111111111111111111111111111111111111111111111111111111111111111101111111111111111111111111111111111111111111111111
1111111111111111111111111111111111111111111111111111111111111111110111111111111111111111111111011111111111111111111111111111111111111111111111111111111111111111111110111111111111
0000000000000000000000000000000001000000000000000000000000000000000000000000000000000000000000000000000000000000000000000000000000000000000100010000000010000000000000000100000000
0000101000000000001000010000101010100000000111000010000000001001000000000000000100011000101100000000000000100000000000000000000000000001100000000100000000000000001010000000000000
1111010111111111110111101111010100011111111000111101111111110110111111111111111011100111010011111111111111011111111111111111111111111110011011101011111101111111110101111011111111
0000100000000000000000000000000000000000000000000000000000000000000000000000000000001000000000000000000000100000000000000000000000000000000000000100000000000000000000000000000000
0000000000000000000000000000000010000000000000000000000000000000000000000000000000000000000100000000000000000000000000000000000000000000000000000000000000000000000000000000000000
1111011111111111111111111111111101111111111111111111111111111111111111111111111111110111111011111111111111011111111111111111111111111111111111111011111111111111111111111111111111
1111111111111111111111111111111111111111111111111111111111111111111111111111111111111101111111111111111111111111111111111111111111111111111111111111111111111111111111111111101111
1111111111111111111111111111111111111111111111111111111111111101111111111110111111111111111111111111111111111011111111111111111111111111111101111111111111111111111111111111111111
0000000000001000000000000000000000000000000000000000000000000000000000000000100000000000000000000000000000000000000000000000000000000000000000000000000000000000000000000000000000
0000000000000000000000000000000000100000000000000000000000000000000000000000000100000000000000000000000000000000000000000000000000000000000000000000000000000000000000000000000000
1111111111111111111111111111111111011111111111111111111111111111111111111111111011111111110111111111111111111111111111111111111111111111111111111111111111111111111111111111111111
1111111111111111111111111111111111111111111111111111111111111111111011111111111111111111111111111111111111111111111111111111111111111111111111111111111111111101111111111111111111
0000000000000000000000000000010100010000000000110001001100110000110001000000000001100000010000000000000000001001000000001000100000001000000000000000001001001000000000001001000001
0000010000000000000000000000000000000000000000000000000000000000000000000000000000000000000000000100000000000000000000000000000000000000000000000000000000000000000000000000000000
1111101101011111101100011111101011101000011111000110110001001111001110110011100110011111101111111011011101110100100111000111011100110111100111111100110110110110011111010110011110
1111111111111111111111101111111111111111111111111101111111111111111111111111111111111111111111111111111111111111111111111111111111111110111111111111111111111111111111111111111111
1111101111111111111110111111101011101110111111001110110011001111001110111111101110011111101111111011111111110110111111010111011111110111101111111110110110110110111111010110011110
0001000000010100000100000110000000000000001000000000100001000100000000010000000000000110000000000001010000000000000010000010001000010110000000101000110000100100010000000000010000
0000000000000000000000000000000000000000000000000000000000000000100000000000000000000000010000000000000000000000000000000000100000000000000000000000000000000000000000001000000000
1111111111111111111111111111111111111111111111111111111111111111011111111111111111011111101111111111111111111111111111111111011111111111111111111111111111111111111111110111111111
0000000000000000000000000000000100010000000000010001000100110000010001000000000001000000000000000000000000001001000000000000000000000000000000000000001000001000000000000000000000
1111111111111111111111111111111011101111111111101110110011001111101110111111111110111111111111111111111111110110111111111111111111111111111111111111110111110111111111111111111111
0011101101011100101100010110101011101000001111000110100001001111001000010001100110011111101101111011011101100100100010000011011000110111100110111100110010110100011011000110010110
0000000000010000000000000000000000000000000000000000000001000000000000000000000000000000000000000000000000000000000000000000000000000000000000000000000000000000000000000000000000
0000000000000000000100000010000000000000001000000000000000000000000000010000000000000110000000000001010000000000000010000000000000010010000000100000110000100100010000000000010000
1111111111101111111011111101111111111111110111111111111110111111111111101111111111111001111111111110101111111111111101111111111111101101111111011111001111011011101111111111101111
0000000000000000000000000000000000000000000000000000000000000000000000000000010000000000000000000000000000000000000000000000000000000000000000000000000000000001000000000000100000
1111101111111111111111111111101011101111111111001110110011001111001110111111101110011111101111111011111111110110111111010111011111110111111111111111110110110110111111010110011110
0000000000000000000000100000000000000000000000000000000000000000000000000000000000000000000000000000000000000000000000000000000000000000000000000010000000000000000000000000000000
1111111111111111111111011111111111111111011111111111111111111111111111111111111111111111111111111111111111111111111111111111111101111111111111111101111111111111111111111111111111
0000000000000000000000000000000100000000000000000000000100100000000000000000000000000000000000000000000000000000000000000000000000000000000000000000000000000000000000000000000000
1111111111111111111111111111111011101111111111101111111011001111111110111111111110111111111111111111111111110110111111111111111111111111111111111111111111110111111111111111111111
0000000000000010000000000000000000000000000000000000000000000000000000100000000000000000000000000000000000000000000000000000000000000000000000000000000000000000000000000000000000
1111101101011101101100011111101011101000011111000110110001001111001010010011100110011111101111111011011101110100100111000011011100110111100111111100110110110100011111010110011110
0000010010100000010011100000010100010111100000111001001110110000110101001100011001100000010000000100100010001011011000111100100011001000011000000011001001001011100000101001100001
1111111111111111110111101111011111011111111111111101111111111111111111111111111011111111110111111111111111111111111111111111111111111110111111111111111111111111111111111111111111
0000001000000000001000010000101000100000000110000010000000000001000000000000000100010000101000000000000000000000000000000000000000000001100000000000000000000000001010000000000000
1111110111111111110111101111010111011111111000111101111111111110111111111111111011101111010111111111111111111111111111111111111111111110011111111111111111111111110101111111111111
1111111111011111101111011111111111111101011111110111111111111111111111111111111111111111111111111111111101111111101111111111111101111111111111111101111111111111011111111111111111
1111111111111110111111111110111111111111111111111111111111111111111111111101111111111111111111111111111111111111111011111111111111111111111110111111111011111111111111111111111111
0000000000000000000000000000000000000000000000000000000000000000001000000000000000000000000000100000001100000000000000000000000000000000000000000000000000000000000001000000000000
0011101101011100101100010110101011101000001111000110100001001111000000010001100110011111101101011011010001100100100010000011011000110111100110111100110010110100011010000110010110
0000000000000000000100000000000000000000000000000000000000000000000000000000000000000000000000000000010000000000000010000000000000010000000000000000100000100100010000000000000000
1111010111111111110111101111010100011111111000111101111111110110111111111111111011100111010011111111111111011111111111111111111111111110011011101011111101111111110101111011111011
0000000000000000000000000000001000000000000000000000000000000000000000000000000000000000000000000000000000000000000000000000000000000000100000000000000000000000000000000000000000
0000000000000000001000010000100000100000000000000010000000000000000000000000000100010000101000000000000000000000000000000000000000000001000000000000000000000000000010000000000000
1111111111111111111111111111111111111111111111111111111111111111111111111111111111111111111101111111111111111111111111111111111011111111111111111111111111111111111111111111111111
1111111111111111111111111011111111111111111111111111111111111111111111111111111111111111111111111111111111111111111111111111111111111011111111111111111111111111111111111111111111
0010000000000000000000000000000000001000000000000000000000000000000000000000000000000000000000000000000001000000000000000000000000000000000000000000000000000000000000000000000000
1100010010100011010011101001010100010111110000111001011110110000111111101110011001100000010010100110101110011011011101111100100111001000011001000011001101001011100101111001101001
1111111111111111111111111111101011101111111111001110110011001111001110111111111110011111101111111111111111110110111111110111011111111111111111111111110111110111111111110110111111
0000000000000000001000010000101000100000000100000010000000000000000000000000000100010000101000000000000000000000000000000000000000000001100000000000000000000000001010000000000000
0000000010000000000010000000000000000100000000000000000000000000000000000000000000000000000000000000000000000000000000000000000000000000000000000000000000000000000000000000000000
1111111101111111111101111111111111111011111111111111111111111111111111111111110111111111111111111111111111111111111111111111111111111111111111111111111111111111111111111111111111
0001000000000100000000000100000000000000000000000000100000000100000000000000000000000000000000000000000000000000000000000010001000000100000000001000000000000000000000000000000000
1111111111111111111111111111111111111111111111111111111111111111111111111111111111111111111111111111111111111111111111111111111111111111111111101111111101111111111111111011111111
1111111111111111111111111111111111111111111111111111111111111111111111111111111111111111111111111111111111111111111111111111011111111111111111111111111111111111111111110111111111
1111111111011111101111011111111111111101011111110111111111111111111111111111111111111111111111111111011101111111101111111111111101111111111111111101111111111111011111111111111111
0000000000000000000000000000000000000000000000000000000000000000001000000000000000000000000000100000001000000000000000000000000000000000000000000000000000000000000001000000000000
0001101001011100101100010110101011100000001111000010100001001111000000010001100110011111101101000001010000100100000010000011001000010111100110111100110010110100011010000100010110
0000000100000000000000000000000000000000000000000000000000000000000000000000000000000000000000000000000000000000000000000000000000100000000000000000000000000000000000000000000000
1111111111111111111111111111111110111111111111111111111111111111111111111111111111111111111111111111111111111111111111111111111111111111111111101111111101111111111111111011111111
0000000000000000000000000000000000000000000000000000000000000000000000000000000000000100000000000001000000000000000000000000000000000010000000100000010000000000000000000000000000
1111111111111111111111111111101111111111111111111111111111111111011111111111111111011111101111111111111111111111111111111111011111111111111111111111111111111111111111110110111111
0001000000000100000000000100000000000000000000000000000000000100000000000000000000000000000000000000000000000000000000000010001000000100000000001000000000000000000000000000000000
0000010010000000000011000000010100010101000000110001001100110000110001000100011001100000010000000100000000001011000000111000100001001000011000000001001001001001000000101001100001
1111101101111111111100111111101011101010111111001110110001001111001110111011100110011111101111111011111111110100111111000111011110110111100111111110110110110110111111010110011110
1111101101011111101100011111101011101000011111000110110001001111001010110011100110011111101111111011011101110100100111000111011100110111100111111100110110110100011111010110011110
1111011111111111111111111111111101111111111111111111111111110111111111111111111111110111111011111111111111011111111111111111111111111111111111111011111111111111111111111111111111
0000000000000000000100000000000000000000000000000000000000000000000000000000000000000000000000000000000000000000000000000000000000000000000000000000000000000100000000000000000000
0000000010000000000010000000000000000100000000000000000000000000000000000100001000000000000000000000000000000000000000000000000000000000000000000000000000000000000000000000000000
1111101101111111111100111111101011101010111111001110110011001111001110111011100110011111101111111011111111110110111111010111011111110111101111111110110110110110111111010110011110
0000000000000000000000000000000100000000000000000000000100000000000000000000000000000000000000000000000000000000000000000000000000000000000000000000000000000000000000000000000000
1011111111111111111111111111111111111111101111111111111111111111111111111111111111111111111111111111111111111111111111111111111111111111111111111111111111111111111011111111111111
1111101111111111111111111111101011101111111111001110110011001111001110111111101110011111101111111011111111110110111111010111011111110111111111111110110110110110111111010110011110
1111111111111111111111111111111111111111111111111111111111111111111111111111111111111111111111111111111111111111111111111111111111110111111111111111111110111111111111111111111111
0000000000000000000000000000000100010000000000010000000100110000010001000000000001000000000000000000000000001001000000000000000000000000000000000000000000001000000000000000000000
0000000000000000000000000000000000000000000000000000000000000010000000000001000010000000000000000000000000000100000000000000000000000000000010000000000000000000000000000000000000
1111010111111111110111101111010100011111111000111101111111110100111111111110111001100111010011111111111111011011111111111111111111111110011001101011111101111111110101111011111011
0000000000000100000000000100000000000000000000000000000000000000000000000000000000000000000000000000000000000000000000000010000000000100000000000000000000000000000000000000000000
1111111111111110111111111110111111111111111111111111111111111111111111111101111111111111111111111111111111111111111010111111111111111111111110111111111011111111111111111111111111
0000000010000000000000000000000000000100000000000000000000000000000000000000000000000000000000000000000000000000000000000000000000000000000000000000000000000000000000000000000000
1111111111111111111111111111101011101111111111001110110011001111001110111111111110011111101111111111111111110110111111110111011111111111111111111111110111110111111111110110111110
0001101001011100101100010110101011100000001111000010100001001111000000010001100110011111101101000001010000100100000010000011001000010111100110111100110010100100011010000100010110
1101111111111111111111111111111111111111111111111111111111111111111111111111111111111111111111111111111110111111111111111111111111111111111111111111111111111111111111111111111111
0000000000000000000000000000000000010000000000000000000000010000000000000000000000000000000000000000000000000000000000000000000000000000000000000000000000001000000000000000000000
0000000000000000000000000000000000000000000000000000000000000000000000000000000000000100000000000001000000000000000000000000000000000010000000100000000000000000000000000000000000
0000000000000000000000000000000000000000000000000000000000000000100000000000000000000000010000000000000000000000000000000000000000000000000000000000000000000000000000000000000000
0000010010000000000011000000010100010101000000110001001100110000110001000100011001100000010000000100000000001011000000111000100000001000011000000001001001001001000000101001100001
0000010010000000000011000000010100010101000000110001001100110000110001000100011001100000010000000100000000001001000000111000100000001000011000000001001001001001000000101001100001
1111101101111111111100111111101011101010111111001110110011001111001110111011100110011111101111111011111111110110111111010111011111110111100111111110110110110110111111010110011110
