6919 5-letter words loaded
11882 10-letter words loaded, 995 after compound filtering
905 5-letter words are part of a 10-letter word
tenword: blackboard/brainstorm
  b(2)->black -- d(1)->board -- i(1)->brain -- m(1)->storm
  b(2)->black -- d(1)->board -- i(1)->brain -- m(1)->storm
  b(2)->black -- d(1)->board -- i(1)->brain -- m(1)->storm
  b(2)->black -- d(1)->board -- m(1)->storm -- i(1)->brain
  b(2)->black -- d(1)->board -- m(1)->storm -- i(1)->brain
  b(2)->black -- d(1)->board -- m(1)->storm -- i(1)->brain
  b(2)->black -- i(1)->brain -- d(1)->board -- m(1)->storm
  b(2)->black -- i(1)->brain -- d(1)->board -- m(1)->storm
  b(2)->black -- i(1)->brain -- d(1)->board -- m(1)->storm
  b(2)->black -- i(1)->brain -- m(1)->storm -- d(1)->board
  b(2)->black -- i(1)->brain -- m(1)->storm -- d(1)->board
  b(2)->black -- i(1)->brain -- m(1)->storm -- d(1)->board
  b(2)->black -- m(1)->storm -- d(1)->board -- i(1)->brain
  b(2)->black -- m(1)->storm -- i(1)->brain -- d(1)->board
  b(2)->black -- m(1)->storm -- d(1)->board -- i(1)->brain
  b(2)->black -- m(1)->storm -- i(1)->brain -- d(1)->board
  d(1)->board -- b(2)->black -- i(1)->brain -- m(1)->storm
  d(1)->board -- b(2)->black -- i(1)->brain -- m(1)->storm
  d(1)->board -- b(2)->black -- i(1)->brain -- m(1)->storm
  d(1)->board -- b(2)->black -- m(1)->storm -- i(1)->brain
  d(1)->board -- b(2)->black -- m(1)->storm -- i(1)->brain
  d(1)->board -- b(2)->black -- m(1)->storm -- i(1)->brain
  d(1)->board -- i(1)->brain -- b(2)->black -- m(1)->storm
  d(1)->board -- i(1)->brain -- b(2)->black -- m(1)->storm
  d(1)->board -- i(1)->brain -- b(2)->black -- m(1)->storm
  d(1)->board -- i(1)->brain -- m(1)->storm -- b(2)->black
  d(1)->board -- i(1)->brain -- m(1)->storm -- b(2)->black
  d(1)->board -- i(1)->brain -- m(1)->storm -- b(2)->black
  d(1)->board -- m(1)->storm -- b(2)->black -- i(1)->brain
  d(1)->board -- m(1)->storm -- i(1)->brain -- b(2)->black
  d(1)->board -- m(1)->storm -- b(2)->black -- i(1)->brain
  d(1)->board -- m(1)->storm -- i(1)->brain -- b(2)->black
  d(1)->board -- m(1)->storm -- b(2)->black -- i(1)->brain
  d(1)->board -- m(1)->storm -- i(1)->brain -- b(2)->black
tenword: blacksmith/smokestack
  c(1)->black -- m(1)->smith -- k(2)->smoke -- t(2)->stack
  c(1)->black -- m(1)->smith -- k(2)->smoke -- t(2)->stack
  c(1)->black -- m(1)->smith -- k(2)->smoke -- t(2)->stack
  c(1)->black -- k(2)->smoke -- m(1)->smith -- t(2)->stack
  c(1)->black -- k(2)->smoke -- m(1)->smith -- t(2)->stack
  c(1)->black -- k(2)->smoke -- m(1)->smith -- t(2)->stack
  c(1)->black -- k(2)->smoke -- t(2)->stack -- m(1)->smith
  c(1)->black -- k(2)->smoke -- t(2)->stack -- m(1)->smith
  c(1)->black -- k(2)->smoke -- t(2)->stack -- m(1)->smith
  m(1)->smith -- c(1)->black -- k(2)->smoke -- t(2)->stack
  m(1)->smith -- k(2)->smoke -- c(1)->black -- t(2)->stack
  m(1)->smith -- k(2)->smoke -- t(2)->stack -- c(1)->black
  m(1)->smith -- c(1)->black -- k(2)->smoke -- t(2)->stack
  m(1)->smith -- k(2)->smoke -- c(1)->black -- t(2)->stack
  m(1)->smith -- k(2)->smoke -- t(2)->stack -- c(1)->black
tenword: brainstorm/blackboard
  i(1)->brain -- b(2)->black -- d(1)->board -- m(1)->storm
  i(1)->brain -- b(2)->black -- d(1)->board -- m(1)->storm
  i(1)->brain -- b(2)->black -- d(1)->board -- m(1)->storm
  i(1)->brain -- b(2)->black -- m(1)->storm -- d(1)->board
  i(1)->brain -- b(2)->black -- m(1)->storm -- d(1)->board
  i(1)->brain -- b(2)->black -- m(1)->storm -- d(1)->board
  i(1)->brain -- d(1)->board -- b(2)->black -- m(1)->storm
  i(1)->brain -- d(1)->board -- b(2)->black -- m(1)->storm
  i(1)->brain -- d(1)->board -- b(2)->black -- m(1)->storm
  i(1)->brain -- d(1)->board -- m(1)->storm -- b(2)->black
  i(1)->brain -- d(1)->board -- m(1)->storm -- b(2)->black
  i(1)->brain -- d(1)->board -- m(1)->storm -- b(2)->black
  i(1)->brain -- m(1)->storm -- b(2)->black -- d(1)->board
  i(1)->brain -- m(1)->storm -- d(1)->board -- b(2)->black
  i(1)->brain -- m(1)->storm -- b(2)->black -- d(1)->board
  i(1)->brain -- m(1)->storm -- d(1)->board -- b(2)->black
  i(1)->brain -- m(1)->storm -- b(2)->black -- d(1)->board
  i(1)->brain -- m(1)->storm -- d(1)->board -- b(2)->black
  m(1)->storm -- b(2)->black -- d(1)->board -- i(1)->brain
  m(1)->storm -- b(2)->black -- i(1)->brain -- d(1)->board
  m(1)->storm -- d(1)->board -- b(2)->black -- i(1)->brain
  m(1)->storm -- d(1)->board -- i(1)->brain -- b(2)->black
  m(1)->storm -- i(1)->brain -- b(2)->black -- d(1)->board
  m(1)->storm -- i(1)->brain -- d(1)->board -- b(2)->black
  m(1)->storm -- b(2)->black -- d(1)->board -- i(1)->brain
  m(1)->storm -- b(2)->black -- i(1)->brain -- d(1)->board
  m(1)->storm -- d(1)->board -- b(2)->black -- i(1)->brain
  m(1)->storm -- d(1)->board -- i(1)->brain -- b(2)->black
  m(1)->storm -- i(1)->brain -- b(2)->black -- d(1)->board
  m(1)->storm -- i(1)->brain -- d(1)->board -- b(2)->black
tenword: bridegroom/dressmaker
  b(2)->bride -- g(2)->groom -- d(1)->dress -- m(1)->maker
  b(2)->bride -- g(2)->groom -- d(1)->dress -- m(1)->maker
  b(2)->bride -- g(2)->groom -- d(1)->dress -- m(1)->maker
  b(2)->bride -- g(2)->groom -- m(1)->maker -- d(1)->dress
  b(2)->bride -- g(2)->groom -- m(1)->maker -- d(1)->dress
  b(2)->bride -- d(1)->dress -- g(2)->groom -- m(1)->maker
  b(2)->bride -- d(1)->dress -- g(2)->groom -- m(1)->maker
  b(2)->bride -- d(1)->dress -- g(2)->groom -- m(1)->maker
  b(2)->bride -- d(1)->dress -- m(1)->maker -- g(2)->groom
  b(2)->bride -- d(1)->dress -- m(1)->maker -- g(2)->groom
  b(2)->bride -- d(1)->dress -- m(1)->maker -- g(2)->groom
  b(2)->bride -- m(1)->maker -- g(2)->groom -- d(1)->dress
  b(2)->bride -- m(1)->maker -- d(1)->dress -- g(2)->groom
  b(2)->bride -- m(1)->maker -- g(2)->groom -- d(1)->dress
  b(2)->bride -- m(1)->maker -- d(1)->dress -- g(2)->groom
  g(2)->groom -- b(2)->bride -- d(1)->dress -- m(1)->maker
  g(2)->groom -- b(2)->bride -- d(1)->dress -- m(1)->maker
  g(2)->groom -- b(2)->bride -- d(1)->dress -- m(1)->maker
  g(2)->groom -- b(2)->bride -- m(1)->maker -- d(1)->dress
  g(2)->groom -- b(2)->bride -- m(1)->maker -- d(1)->dress
  g(2)->groom -- d(1)->dress -- b(2)->bride -- m(1)->maker
  g(2)->groom -- d(1)->dress -- b(2)->bride -- m(1)->maker
  g(2)->groom -- d(1)->dress -- b(2)->bride -- m(1)->maker
  g(2)->groom -- d(1)->dress -- m(1)->maker -- b(2)->bride
  g(2)->groom -- d(1)->dress -- m(1)->maker -- b(2)->bride
  g(2)->groom -- d(1)->dress -- m(1)->maker -- b(2)->bride
  g(2)->groom -- m(1)->maker -- b(2)->bride -- d(1)->dress
  g(2)->groom -- m(1)->maker -- d(1)->dress -- b(2)->bride
  g(2)->groom -- m(1)->maker -- b(2)->bride -- d(1)->dress
  g(2)->groom -- m(1)->maker -- d(1)->dress -- b(2)->bride
tenword: dressmaker/bridegroom
  d(1)->dress -- b(2)->bride -- g(2)->groom -- m(1)->maker
  d(1)->dress -- b(2)->bride -- g(2)->groom -- m(1)->maker
  d(1)->dress -- b(2)->bride -- g(2)->groom -- m(1)->maker
  d(1)->dress -- b(2)->bride -- m(1)->maker -- g(2)->groom
  d(1)->dress -- b(2)->bride -- m(1)->maker -- g(2)->groom
  d(1)->dress -- b(2)->bride -- m(1)->maker -- g(2)->groom
  d(1)->dress -- g(2)->groom -- b(2)->bride -- m(1)->maker
  d(1)->dress -- g(2)->groom -- b(2)->bride -- m(1)->maker
  d(1)->dress -- g(2)->groom -- b(2)->bride -- m(1)->maker
  d(1)->dress -- g(2)->groom -- m(1)->maker -- b(2)->bride
  d(1)->dress -- g(2)->groom -- m(1)->maker -- b(2)->bride
  d(1)->dress -- g(2)->groom -- m(1)->maker -- b(2)->bride
  d(1)->dress -- m(1)->maker -- b(2)->bride -- g(2)->groom
  d(1)->dress -- m(1)->maker -- g(2)->groom -- b(2)->bride
  d(1)->dress -- m(1)->maker -- b(2)->bride -- g(2)->groom
  d(1)->dress -- m(1)->maker -- g(2)->groom -- b(2)->bride
  d(1)->dress -- m(1)->maker -- b(2)->bride -- g(2)->groom
  d(1)->dress -- m(1)->maker -- g(2)->groom -- b(2)->bride
  m(1)->maker -- b(2)->bride -- g(2)->groom -- d(1)->dress
  m(1)->maker -- b(2)->bride -- d(1)->dress -- g(2)->groom
  m(1)->maker -- g(2)->groom -- b(2)->bride -- d(1)->dress
  m(1)->maker -- g(2)->groom -- d(1)->dress -- b(2)->bride
  m(1)->maker -- d(1)->dress -- b(2)->bride -- g(2)->groom
  m(1)->maker -- d(1)->dress -- g(2)->groom -- b(2)->bride
  m(1)->maker -- b(2)->bride -- g(2)->groom -- d(1)->dress
  m(1)->maker -- b(2)->bride -- d(1)->dress -- g(2)->groom
  m(1)->maker -- g(2)->groom -- b(2)->bride -- d(1)->dress
  m(1)->maker -- g(2)->groom -- d(1)->dress -- b(2)->bride
  m(1)->maker -- d(1)->dress -- b(2)->bride -- g(2)->groom
  m(1)->maker -- d(1)->dress -- g(2)->groom -- b(2)->bride
tenword: mouthpiece/soundproof
  m(1)->mouth -- s(2)->sound -- f(2)->proof -- i(1)->piece
  m(1)->mouth -- s(2)->sound -- i(1)->piece -- f(2)->proof
  m(1)->mouth -- f(2)->proof -- s(2)->sound -- i(1)->piece
  m(1)->mouth -- f(2)->proof -- i(1)->piece -- s(2)->sound
  m(1)->mouth -- i(1)->piece -- s(2)->sound -- f(2)->proof
  m(1)->mouth -- i(1)->piece -- f(2)->proof -- s(2)->sound
  m(1)->mouth -- s(2)->sound -- f(2)->proof -- i(1)->piece
  m(1)->mouth -- s(2)->sound -- i(1)->piece -- f(2)->proof
  m(1)->mouth -- f(2)->proof -- s(2)->sound -- i(1)->piece
  m(1)->mouth -- f(2)->proof -- i(1)->piece -- s(2)->sound
  m(1)->mouth -- i(1)->piece -- s(2)->sound -- f(2)->proof
  m(1)->mouth -- i(1)->piece -- f(2)->proof -- s(2)->sound
  i(1)->piece -- s(2)->sound -- f(2)->proof -- m(1)->mouth
  i(1)->piece -- s(2)->sound -- f(2)->proof -- m(1)->mouth
  i(1)->piece -- s(2)->sound -- f(2)->proof -- m(1)->mouth
  i(1)->piece -- s(2)->sound -- m(1)->mouth -- f(2)->proof
  i(1)->piece -- s(2)->sound -- m(1)->mouth -- f(2)->proof
  i(1)->piece -- s(2)->sound -- m(1)->mouth -- f(2)->proof
  i(1)->piece -- f(2)->proof -- s(2)->sound -- m(1)->mouth
  i(1)->piece -- f(2)->proof -- s(2)->sound -- m(1)->mouth
  i(1)->piece -- f(2)->proof -- s(2)->sound -- m(1)->mouth
  i(1)->piece -- f(2)->proof -- m(1)->mouth -- s(2)->sound
  i(1)->piece -- f(2)->proof -- m(1)->mouth -- s(2)->sound
  i(1)->piece -- f(2)->proof -- m(1)->mouth -- s(2)->sound
  i(1)->piece -- m(1)->mouth -- s(2)->sound -- f(2)->proof
  i(1)->piece -- m(1)->mouth -- f(2)->proof -- s(2)->sound
  i(1)->piece -- m(1)->mouth -- s(2)->sound -- f(2)->proof
  i(1)->piece -- m(1)->mouth -- f(2)->proof -- s(2)->sound
  i(1)->piece -- m(1)->mouth -- s(2)->sound -- f(2)->proof
  i(1)->piece -- m(1)->mouth -- f(2)->proof -- s(2)->sound
tenword: smokestack/blacksmith
  k(2)->smoke -- c(1)->black -- m(1)->smith -- t(2)->stack
  k(2)->smoke -- c(1)->black -- m(1)->smith -- t(2)->stack
  k(2)->smoke -- c(1)->black -- m(1)->smith -- t(2)->stack
  k(2)->smoke -- c(1)->black -- t(2)->stack -- m(1)->smith
  k(2)->smoke -- c(1)->black -- t(2)->stack -- m(1)->smith
  k(2)->smoke -- c(1)->black -- t(2)->stack -- m(1)->smith
  k(2)->smoke -- m(1)->smith -- c(1)->black -- t(2)->stack
  k(2)->smoke -- m(1)->smith -- t(2)->stack -- c(1)->black
  k(2)->smoke -- m(1)->smith -- c(1)->black -- t(2)->stack
  k(2)->smoke -- m(1)->smith -- t(2)->stack -- c(1)->black
  k(2)->smoke -- t(2)->stack -- c(1)->black -- m(1)->smith
  k(2)->smoke -- t(2)->stack -- c(1)->black -- m(1)->smith
  k(2)->smoke -- t(2)->stack -- c(1)->black -- m(1)->smith
  k(2)->smoke -- t(2)->stack -- m(1)->smith -- c(1)->black
  k(2)->smoke -- t(2)->stack -- m(1)->smith -- c(1)->black
tenword: soundproof/mouthpiece
  s(2)->sound -- f(2)->proof -- m(1)->mouth -- i(1)->piece
  s(2)->sound -- f(2)->proof -- m(1)->mouth -- i(1)->piece
  s(2)->sound -- f(2)->proof -- i(1)->piece -- m(1)->mouth
  s(2)->sound -- f(2)->proof -- i(1)->piece -- m(1)->mouth
  s(2)->sound -- f(2)->proof -- i(1)->piece -- m(1)->mouth
  s(2)->sound -- m(1)->mouth -- f(2)->proof -- i(1)->piece
  s(2)->sound -- m(1)->mouth -- i(1)->piece -- f(2)->proof
  s(2)->sound -- m(1)->mouth -- f(2)->proof -- i(1)->piece
  s(2)->sound -- m(1)->mouth -- i(1)->piece -- f(2)->proof
  s(2)->sound -- i(1)->piece -- f(2)->proof -- m(1)->mouth
  s(2)->sound -- i(1)->piece -- f(2)->proof -- m(1)->mouth
  s(2)->sound -- i(1)->piece -- f(2)->proof -- m(1)->mouth
  s(2)->sound -- i(1)->piece -- m(1)->mouth -- f(2)->proof
  s(2)->sound -- i(1)->piece -- m(1)->mouth -- f(2)->proof
  s(2)->sound -- i(1)->piece -- m(1)->mouth -- f(2)->proof
  f(2)->proof -- s(2)->sound -- m(1)->mouth -- i(1)->piece
  f(2)->proof -- s(2)->sound -- m(1)->mouth -- i(1)->piece
  f(2)->proof -- s(2)->sound -- i(1)->piece -- m(1)->mouth
  f(2)->proof -- s(2)->sound -- i(1)->piece -- m(1)->mouth
  f(2)->proof -- s(2)->sound -- i(1)->piece -- m(1)->mouth
  f(2)->proof -- m(1)->mouth -- s(2)->sound -- i(1)->piece
  f(2)->proof -- m(1)->mouth -- i(1)->piece -- s(2)->sound
  f(2)->proof -- m(1)->mouth -- s(2)->sound -- i(1)->piece
  f(2)->proof -- m(1)->mouth -- i(1)->piece -- s(2)->sound
  f(2)->proof -- i(1)->piece -- s(2)->sound -- m(1)->mouth
  f(2)->proof -- i(1)->piece -- s(2)->sound -- m(1)->mouth
  f(2)->proof -- i(1)->piece -- s(2)->sound -- m(1)->mouth
  f(2)->proof -- i(1)->piece -- m(1)->mouth -- s(2)->sound
  f(2)->proof -- i(1)->piece -- m(1)->mouth -- s(2)->sound
  f(2)->proof -- i(1)->piece -- m(1)->mouth -- s(2)->sound
