6919 5-letter words loaded
11882 10-letter words loaded, 995 after compound filtering
905 5-letter words are part of a 10-letter word
tenword: blacksmith/smokestack
  c(1)->black -- m(1)->smith -- k(2)->smoke -- t(2)->stack
  c(1)->black -- m(1)->smith -- t(2)->stack -- k(2)->smoke
  c(1)->black -- m(1)->smith -- k(2)->smoke -- t(2)->stack
  c(1)->black -- m(1)->smith -- t(2)->stack -- k(2)->smoke
  c(1)->black -- k(2)->smoke -- m(1)->smith -- t(2)->stack
  c(1)->black -- k(2)->smoke -- m(1)->smith -- t(2)->stack
  c(1)->black -- k(2)->smoke -- t(2)->stack -- m(1)->smith
  c(1)->black -- k(2)->smoke -- t(2)->stack -- m(1)->smith
  c(1)->black -- t(2)->stack -- m(1)->smith -- k(2)->smoke
  c(1)->black -- t(2)->stack -- m(1)->smith -- k(2)->smoke
  c(1)->black -- t(2)->stack -- k(2)->smoke -- m(1)->smith
  c(1)->black -- t(2)->stack -- k(2)->smoke -- m(1)->smith
  c(1)->black -- m(1)->smith -- k(2)->smoke -- t(2)->stack
  c(1)->black -- m(1)->smith -- t(2)->stack -- k(2)->smoke
  c(1)->black -- m(1)->smith -- k(2)->smoke -- t(2)->stack
  c(1)->black -- m(1)->smith -- t(2)->stack -- k(2)->smoke
  c(1)->black -- k(2)->smoke -- m(1)->smith -- t(2)->stack
  c(1)->black -- k(2)->smoke -- m(1)->smith -- t(2)->stack
  c(1)->black -- k(2)->smoke -- t(2)->stack -- m(1)->smith
  c(1)->black -- k(2)->smoke -- t(2)->stack -- m(1)->smith
  c(1)->black -- t(2)->stack -- m(1)->smith -- k(2)->smoke
  c(1)->black -- t(2)->stack -- m(1)->smith -- k(2)->smoke
  c(1)->black -- t(2)->stack -- k(2)->smoke -- m(1)->smith
  c(1)->black -- t(2)->stack -- k(2)->smoke -- m(1)->smith
  m(1)->smith -- c(1)->black -- k(2)->smoke -- t(2)->stack
  m(1)->smith -- c(1)->black -- t(2)->stack -- k(2)->smoke
  m(1)->smith -- c(1)->black -- k(2)->smoke -- t(2)->stack
  m(1)->smith -- c(1)->black -- t(2)->stack -- k(2)->smoke
  m(1)->smith -- k(2)->smoke -- c(1)->black -- t(2)->stack
  m(1)->smith -- k(2)->smoke -- c(1)->black -- t(2)->stack
  m(1)->smith -- k(2)->smoke -- t(2)->stack -- c(1)->black
  m(1)->smith -- k(2)->smoke -- t(2)->stack -- c(1)->black
  m(1)->smith -- t(2)->stack -- c(1)->black -- k(2)->smoke
  m(1)->smith -- t(2)->stack -- c(1)->black -- k(2)->smoke
  m(1)->smith -- t(2)->stack -- k(2)->smoke -- c(1)->black
  m(1)->smith -- t(2)->stack -- k(2)->smoke -- c(1)->black
  m(1)->smith -- c(1)->black -- k(2)->smoke -- t(2)->stack
  m(1)->smith -- c(1)->black -- t(2)->stack -- k(2)->smoke
  m(1)->smith -- c(1)->black -- k(2)->smoke -- t(2)->stack
  m(1)->smith -- c(1)->black -- t(2)->stack -- k(2)->smoke
  m(1)->smith -- k(2)->smoke -- c(1)->black -- t(2)->stack
  m(1)->smith -- k(2)->smoke -- c(1)->black -- t(2)->stack
  m(1)->smith -- k(2)->smoke -- t(2)->stack -- c(1)->black
  m(1)->smith -- k(2)->smoke -- t(2)->stack -- c(1)->black
  m(1)->smith -- t(2)->stack -- c(1)->black -- k(2)->smoke
  m(1)->smith -- t(2)->stack -- c(1)->black -- k(2)->smoke
  m(1)->smith -- t(2)->stack -- k(2)->smoke -- c(1)->black
  m(1)->smith -- t(2)->stack -- k(2)->smoke -- c(1)->black
tenword: courthouse/sweetheart
  c(1)->court -- u(2)->house -- w(1)->sweet -- e(2)->heart
  c(1)->court -- u(2)->house -- e(2)->heart -- w(1)->sweet
  c(1)->court -- w(1)->sweet -- u(2)->house -- e(2)->heart
  c(1)->court -- u(2)->house -- w(1)->sweet -- e(2)->heart
  c(1)->court -- u(2)->house -- e(2)->heart -- w(1)->sweet
  c(1)->court -- w(1)->sweet -- u(2)->house -- e(2)->heart
  u(2)->house -- c(1)->court -- w(1)->sweet -- e(2)->heart
  u(2)->house -- c(1)->court -- e(2)->heart -- w(1)->sweet
  u(2)->house -- c(1)->court -- w(1)->sweet -- e(2)->heart
  u(2)->house -- c(1)->court -- e(2)->heart -- w(1)->sweet
  u(2)->house -- e(2)->heart -- c(1)->court -- w(1)->sweet
  u(2)->house -- e(2)->heart -- c(1)->court -- w(1)->sweet
tenword: grindstone/waterwheel
  s(2)->stone -- t(2)->water -- e(2)->wheel -- d(2)->grind
  s(2)->stone -- t(2)->water -- d(2)->grind -- e(2)->wheel
  s(2)->stone -- e(2)->wheel -- t(2)->water -- d(2)->grind
  s(2)->stone -- e(2)->wheel -- d(2)->grind -- t(2)->water
tenword: mouthpiece/soundproof
  m(1)->mouth -- s(2)->sound -- f(2)->proof -- i(1)->piece
  m(1)->mouth -- s(2)->sound -- i(1)->piece -- f(2)->proof
  m(1)->mouth -- f(2)->proof -- s(2)->sound -- i(1)->piece
  m(1)->mouth -- f(2)->proof -- i(1)->piece -- s(2)->sound
  m(1)->mouth -- i(1)->piece -- s(2)->sound -- f(2)->proof
  m(1)->mouth -- i(1)->piece -- f(2)->proof -- s(2)->sound
  m(1)->mouth -- s(2)->sound -- f(2)->proof -- i(1)->piece
  m(1)->mouth -- s(2)->sound -- i(1)->piece -- f(2)->proof
  m(1)->mouth -- f(2)->proof -- s(2)->sound -- i(1)->piece
  m(1)->mouth -- f(2)->proof -- i(1)->piece -- s(2)->sound
  m(1)->mouth -- i(1)->piece -- s(2)->sound -- f(2)->proof
  m(1)->mouth -- i(1)->piece -- f(2)->proof -- s(2)->sound
  i(1)->piece -- s(2)->sound -- f(2)->proof -- m(1)->mouth
  i(1)->piece -- s(2)->sound -- f(2)->proof -- m(1)->mouth
  i(1)->piece -- s(2)->sound -- m(1)->mouth -- f(2)->proof
  i(1)->piece -- s(2)->sound -- m(1)->mouth -- f(2)->proof
  i(1)->piece -- f(2)->proof -- s(2)->sound -- m(1)->mouth
  i(1)->piece -- f(2)->proof -- s(2)->sound -- m(1)->mouth
  i(1)->piece -- f(2)->proof -- m(1)->mouth -- s(2)->sound
  i(1)->piece -- f(2)->proof -- m(1)->mouth -- s(2)->sound
  i(1)->piece -- m(1)->mouth -- s(2)->sound -- f(2)->proof
  i(1)->piece -- m(1)->mouth -- f(2)->proof -- s(2)->sound
  i(1)->piece -- m(1)->mouth -- s(2)->sound -- f(2)->proof
  i(1)->piece -- m(1)->mouth -- f(2)->proof -- s(2)->sound
tenword: smokestack/blacksmith
  k(2)->smoke -- c(1)->black -- m(1)->smith -- t(2)->stack
  k(2)->smoke -- c(1)->black -- m(1)->smith -- t(2)->stack
  k(2)->smoke -- c(1)->black -- t(2)->stack -- m(1)->smith
  k(2)->smoke -- c(1)->black -- t(2)->stack -- m(1)->smith
  k(2)->smoke -- c(1)->black -- m(1)->smith -- t(2)->stack
  k(2)->smoke -- c(1)->black -- m(1)->smith -- t(2)->stack
  k(2)->smoke -- c(1)->black -- t(2)->stack -- m(1)->smith
  k(2)->smoke -- c(1)->black -- t(2)->stack -- m(1)->smith
  k(2)->smoke -- m(1)->smith -- c(1)->black -- t(2)->stack
  k(2)->smoke -- m(1)->smith -- c(1)->black -- t(2)->stack
  k(2)->smoke -- m(1)->smith -- t(2)->stack -- c(1)->black
  k(2)->smoke -- m(1)->smith -- t(2)->stack -- c(1)->black
  k(2)->smoke -- m(1)->smith -- c(1)->black -- t(2)->stack
  k(2)->smoke -- m(1)->smith -- c(1)->black -- t(2)->stack
  k(2)->smoke -- m(1)->smith -- t(2)->stack -- c(1)->black
  k(2)->smoke -- m(1)->smith -- t(2)->stack -- c(1)->black
  k(2)->smoke -- t(2)->stack -- c(1)->black -- m(1)->smith
  k(2)->smoke -- t(2)->stack -- c(1)->black -- m(1)->smith
  k(2)->smoke -- t(2)->stack -- c(1)->black -- m(1)->smith
  k(2)->smoke -- t(2)->stack -- c(1)->black -- m(1)->smith
  k(2)->smoke -- t(2)->stack -- m(1)->smith -- c(1)->black
  k(2)->smoke -- t(2)->stack -- m(1)->smith -- c(1)->black
  k(2)->smoke -- t(2)->stack -- m(1)->smith -- c(1)->black
  k(2)->smoke -- t(2)->stack -- m(1)->smith -- c(1)->black
  t(2)->stack -- c(1)->black -- m(1)->smith -- k(2)->smoke
  t(2)->stack -- c(1)->black -- m(1)->smith -- k(2)->smoke
  t(2)->stack -- c(1)->black -- k(2)->smoke -- m(1)->smith
  t(2)->stack -- c(1)->black -- k(2)->smoke -- m(1)->smith
  t(2)->stack -- c(1)->black -- m(1)->smith -- k(2)->smoke
  t(2)->stack -- c(1)->black -- m(1)->smith -- k(2)->smoke
  t(2)->stack -- c(1)->black -- k(2)->smoke -- m(1)->smith
  t(2)->stack -- c(1)->black -- k(2)->smoke -- m(1)->smith
  t(2)->stack -- m(1)->smith -- c(1)->black -- k(2)->smoke
  t(2)->stack -- m(1)->smith -- c(1)->black -- k(2)->smoke
  t(2)->stack -- m(1)->smith -- k(2)->smoke -- c(1)->black
  t(2)->stack -- m(1)->smith -- k(2)->smoke -- c(1)->black
  t(2)->stack -- m(1)->smith -- c(1)->black -- k(2)->smoke
  t(2)->stack -- m(1)->smith -- c(1)->black -- k(2)->smoke
  t(2)->stack -- m(1)->smith -- k(2)->smoke -- c(1)->black
  t(2)->stack -- m(1)->smith -- k(2)->smoke -- c(1)->black
  t(2)->stack -- k(2)->smoke -- c(1)->black -- m(1)->smith
  t(2)->stack -- k(2)->smoke -- c(1)->black -- m(1)->smith
  t(2)->stack -- k(2)->smoke -- c(1)->black -- m(1)->smith
  t(2)->stack -- k(2)->smoke -- c(1)->black -- m(1)->smith
  t(2)->stack -- k(2)->smoke -- m(1)->smith -- c(1)->black
  t(2)->stack -- k(2)->smoke -- m(1)->smith -- c(1)->black
  t(2)->stack -- k(2)->smoke -- m(1)->smith -- c(1)->black
  t(2)->stack -- k(2)->smoke -- m(1)->smith -- c(1)->black
tenword: soundproof/mouthpiece
  s(2)->sound -- f(2)->proof -- m(1)->mouth -- i(1)->piece
  s(2)->sound -- f(2)->proof -- m(1)->mouth -- i(1)->piece
  s(2)->sound -- f(2)->proof -- i(1)->piece -- m(1)->mouth
  s(2)->sound -- f(2)->proof -- i(1)->piece -- m(1)->mouth
  s(2)->sound -- m(1)->mouth -- f(2)->proof -- i(1)->piece
  s(2)->sound -- m(1)->mouth -- i(1)->piece -- f(2)->proof
  s(2)->sound -- m(1)->mouth -- f(2)->proof -- i(1)->piece
  s(2)->sound -- m(1)->mouth -- i(1)->piece -- f(2)->proof
  s(2)->sound -- i(1)->piece -- f(2)->proof -- m(1)->mouth
  s(2)->sound -- i(1)->piece -- f(2)->proof -- m(1)->mouth
  s(2)->sound -- i(1)->piece -- m(1)->mouth -- f(2)->proof
  s(2)->sound -- i(1)->piece -- m(1)->mouth -- f(2)->proof
  f(2)->proof -- s(2)->sound -- m(1)->mouth -- i(1)->piece
  f(2)->proof -- s(2)->sound -- m(1)->mouth -- i(1)->piece
  f(2)->proof -- s(2)->sound -- i(1)->piece -- m(1)->mouth
  f(2)->proof -- s(2)->sound -- i(1)->piece -- m(1)->mouth
  f(2)->proof -- m(1)->mouth -- s(2)->sound -- i(1)->piece
  f(2)->proof -- m(1)->mouth -- i(1)->piece -- s(2)->sound
  f(2)->proof -- m(1)->mouth -- s(2)->sound -- i(1)->piece
  f(2)->proof -- m(1)->mouth -- i(1)->piece -- s(2)->sound
  f(2)->proof -- i(1)->piece -- s(2)->sound -- m(1)->mouth
  f(2)->proof -- i(1)->piece -- s(2)->sound -- m(1)->mouth
  f(2)->proof -- i(1)->piece -- m(1)->mouth -- s(2)->sound
  f(2)->proof -- i(1)->piece -- m(1)->mouth -- s(2)->sound
tenword: waterwheel/grindstone
  t(2)->water -- e(2)->wheel -- d(2)->grind -- s(2)->stone
  t(2)->water -- e(2)->wheel -- s(2)->stone -- d(2)->grind
  t(2)->water -- s(2)->stone -- e(2)->wheel -- d(2)->grind
  t(2)->water -- s(2)->stone -- d(2)->grind -- e(2)->wheel
