6919 5-letter words loaded
11882 10-letter words loaded, 995 after compound filtering
905 5-letter words are part of a 10-letter word
tenword: blacksmith/smokestack
  c(1)->black -- m(1)->smith -- k(2)->smoke -- t(2)->stack
  c(1)->black -- m(1)->smith -- t(2)->stack -- k(2)->smoke
  c(1)->black -- k(2)->smoke -- m(1)->smith -- t(2)->stack
  c(1)->black -- k(2)->smoke -- m(2)->smith -- t(2)->stack
  c(1)->black -- k(2)->smoke -- t(2)->stack -- m(1)->smith
  c(1)->black -- k(2)->smoke -- t(2)->stack -- m(2)->smith
  c(1)->black -- t(2)->stack -- m(1)->smith -- k(2)->smoke
  c(1)->black -- t(2)->stack -- m(2)->smith -- k(2)->smoke
  c(1)->black -- t(2)->stack -- k(2)->smoke -- m(1)->smith
  c(1)->black -- t(2)->stack -- k(2)->smoke -- m(2)->smith
  c(1)->black -- m(1)->smith -- k(2)->smoke -- t(2)->stack
  c(1)->black -- m(1)->smith -- t(2)->stack -- k(2)->smoke
  c(1)->black -- k(2)->smoke -- m(1)->smith -- t(2)->stack
  c(1)->black -- k(2)->smoke -- m(2)->smith -- t(2)->stack
  c(1)->black -- k(2)->smoke -- t(2)->stack -- m(1)->smith
  c(1)->black -- k(2)->smoke -- t(2)->stack -- m(2)->smith
  c(1)->black -- t(2)->stack -- m(1)->smith -- k(2)->smoke
  c(1)->black -- t(2)->stack -- m(2)->smith -- k(2)->smoke
  c(1)->black -- t(2)->stack -- k(2)->smoke -- m(1)->smith
  c(1)->black -- t(2)->stack -- k(2)->smoke -- m(2)->smith
  m(1)->smith -- c(1)->black -- k(2)->smoke -- t(2)->stack
  m(1)->smith -- c(1)->black -- t(2)->stack -- k(2)->smoke
  m(1)->smith -- c(1)->black -- k(2)->smoke -- t(2)->stack
  m(1)->smith -- c(1)->black -- t(2)->stack -- k(2)->smoke
  m(1)->smith -- k(2)->smoke -- c(1)->black -- t(2)->stack
  m(1)->smith -- k(2)->smoke -- c(1)->black -- t(2)->stack
  m(1)->smith -- k(2)->smoke -- t(2)->stack -- c(1)->black
  m(1)->smith -- k(2)->smoke -- t(2)->stack -- c(1)->black
  m(1)->smith -- t(2)->stack -- c(1)->black -- k(2)->smoke
  m(1)->smith -- t(2)->stack -- c(1)->black -- k(2)->smoke
  m(1)->smith -- t(2)->stack -- k(2)->smoke -- c(1)->black
  m(1)->smith -- t(2)->stack -- k(2)->smoke -- c(1)->black
tenword: brainstorm/chalkboard
  m(1)->storm -- h(1)->chalk -- d(2)->board -- i(1)->brain
  m(1)->storm -- h(1)->chalk -- i(1)->brain -- d(2)->board
  m(1)->storm -- d(2)->board -- h(1)->chalk -- i(1)->brain
  m(1)->storm -- d(2)->board -- i(1)->brain -- h(1)->chalk
  m(1)->storm -- i(1)->brain -- h(1)->chalk -- d(2)->board
  m(1)->storm -- i(1)->brain -- d(2)->board -- h(1)->chalk
tenword: chalkboard/brainstorm
  h(1)->chalk -- d(2)->board -- i(1)->brain -- m(1)->storm
  h(1)->chalk -- d(2)->board -- i(1)->brain -- m(2)->storm
  h(1)->chalk -- d(2)->board -- m(1)->storm -- i(1)->brain
  h(1)->chalk -- d(2)->board -- m(2)->storm -- i(1)->brain
  h(1)->chalk -- i(1)->brain -- d(2)->board -- m(1)->storm
  h(1)->chalk -- i(1)->brain -- d(2)->board -- m(2)->storm
  h(1)->chalk -- i(1)->brain -- m(1)->storm -- d(2)->board
  h(1)->chalk -- m(1)->storm -- d(2)->board -- i(1)->brain
  h(1)->chalk -- m(1)->storm -- i(1)->brain -- d(2)->board
  d(2)->board -- h(1)->chalk -- i(1)->brain -- m(1)->storm
  d(2)->board -- h(1)->chalk -- i(1)->brain -- m(2)->storm
  d(2)->board -- h(1)->chalk -- m(1)->storm -- i(1)->brain
  d(2)->board -- h(1)->chalk -- m(2)->storm -- i(1)->brain
  d(2)->board -- m(1)->storm -- h(1)->chalk -- i(1)->brain
  d(2)->board -- m(1)->storm -- i(1)->brain -- h(1)->chalk
  d(2)->board -- m(2)->storm -- h(1)->chalk -- i(1)->brain
tenword: courthouse/sweetheart
  c(1)->court -- u(2)->house -- w(1)->sweet -- e(2)->heart
  c(1)->court -- u(2)->house -- e(2)->heart -- w(1)->sweet
  c(1)->court -- u(2)->house -- e(2)->heart -- w(2)->sweet
  c(1)->court -- w(1)->sweet -- u(2)->house -- e(2)->heart
  c(1)->court -- w(1)->sweet -- e(2)->heart -- u(2)->house
  c(1)->court -- e(2)->heart -- u(2)->house -- w(1)->sweet
  c(1)->court -- e(2)->heart -- u(2)->house -- w(2)->sweet
  c(1)->court -- e(2)->heart -- w(1)->sweet -- u(2)->house
  c(1)->court -- u(2)->house -- w(1)->sweet -- e(2)->heart
  c(1)->court -- u(2)->house -- e(2)->heart -- w(1)->sweet
  c(1)->court -- u(2)->house -- e(2)->heart -- w(2)->sweet
  c(1)->court -- w(1)->sweet -- u(2)->house -- e(2)->heart
  c(1)->court -- w(1)->sweet -- e(2)->heart -- u(2)->house
  c(1)->court -- e(2)->heart -- u(2)->house -- w(1)->sweet
  c(1)->court -- e(2)->heart -- u(2)->house -- w(2)->sweet
  c(1)->court -- e(2)->heart -- w(1)->sweet -- u(2)->house
  u(2)->house -- c(1)->court -- w(1)->sweet -- e(2)->heart
  u(2)->house -- c(1)->court -- e(2)->heart -- w(1)->sweet
  u(2)->house -- c(1)->court -- e(2)->heart -- w(2)->sweet
  u(2)->house -- c(1)->court -- w(1)->sweet -- e(2)->heart
  u(2)->house -- c(1)->court -- e(2)->heart -- w(1)->sweet
  u(2)->house -- c(1)->court -- e(2)->heart -- w(2)->sweet
  u(2)->house -- w(1)->sweet -- c(1)->court -- e(2)->heart
  u(2)->house -- w(1)->sweet -- c(1)->court -- e(2)->heart
  u(2)->house -- w(1)->sweet -- e(2)->heart -- c(1)->court
  u(2)->house -- w(1)->sweet -- e(2)->heart -- c(1)->court
  u(2)->house -- e(2)->heart -- c(1)->court -- w(1)->sweet
  u(2)->house -- e(2)->heart -- c(1)->court -- w(2)->sweet
  u(2)->house -- e(2)->heart -- c(1)->court -- w(1)->sweet
  u(2)->house -- e(2)->heart -- c(1)->court -- w(2)->sweet
  u(2)->house -- e(2)->heart -- w(1)->sweet -- c(1)->court
  u(2)->house -- e(2)->heart -- w(1)->sweet -- c(1)->court
  u(2)->house -- e(2)->heart -- w(2)->sweet -- c(1)->court
  u(2)->house -- e(2)->heart -- w(2)->sweet -- c(1)->court
tenword: smokestack/blacksmith
  k(2)->smoke -- c(1)->black -- m(1)->smith -- t(2)->stack
  k(2)->smoke -- c(1)->black -- m(2)->smith -- t(2)->stack
  k(2)->smoke -- c(1)->black -- t(2)->stack -- m(1)->smith
  k(2)->smoke -- c(1)->black -- t(2)->stack -- m(2)->smith
  k(2)->smoke -- c(1)->black -- m(1)->smith -- t(2)->stack
  k(2)->smoke -- c(1)->black -- m(2)->smith -- t(2)->stack
  k(2)->smoke -- c(1)->black -- t(2)->stack -- m(1)->smith
  k(2)->smoke -- c(1)->black -- t(2)->stack -- m(2)->smith
  k(2)->smoke -- m(1)->smith -- c(1)->black -- t(2)->stack
  k(2)->smoke -- m(1)->smith -- c(1)->black -- t(2)->stack
  k(2)->smoke -- m(1)->smith -- t(2)->stack -- c(1)->black
  k(2)->smoke -- m(1)->smith -- t(2)->stack -- c(1)->black
  k(2)->smoke -- m(2)->smith -- c(1)->black -- t(2)->stack
  k(2)->smoke -- m(2)->smith -- c(1)->black -- t(2)->stack
  k(2)->smoke -- m(2)->smith -- t(2)->stack -- c(1)->black
  k(2)->smoke -- m(2)->smith -- t(2)->stack -- c(1)->black
  k(2)->smoke -- t(2)->stack -- c(1)->black -- m(1)->smith
  k(2)->smoke -- t(2)->stack -- c(1)->black -- m(2)->smith
  k(2)->smoke -- t(2)->stack -- c(1)->black -- m(1)->smith
  k(2)->smoke -- t(2)->stack -- c(1)->black -- m(2)->smith
  k(2)->smoke -- t(2)->stack -- m(1)->smith -- c(1)->black
  k(2)->smoke -- t(2)->stack -- m(1)->smith -- c(1)->black
  k(2)->smoke -- t(2)->stack -- m(2)->smith -- c(1)->black
  k(2)->smoke -- t(2)->stack -- m(2)->smith -- c(1)->black
  t(2)->stack -- c(1)->black -- m(1)->smith -- k(2)->smoke
  t(2)->stack -- c(1)->black -- m(2)->smith -- k(2)->smoke
  t(2)->stack -- c(1)->black -- k(2)->smoke -- m(1)->smith
  t(2)->stack -- c(1)->black -- k(2)->smoke -- m(2)->smith
  t(2)->stack -- c(1)->black -- m(1)->smith -- k(2)->smoke
  t(2)->stack -- c(1)->black -- m(2)->smith -- k(2)->smoke
  t(2)->stack -- c(1)->black -- k(2)->smoke -- m(1)->smith
  t(2)->stack -- c(1)->black -- k(2)->smoke -- m(2)->smith
  t(2)->stack -- m(1)->smith -- c(1)->black -- k(2)->smoke
  t(2)->stack -- m(1)->smith -- c(1)->black -- k(2)->smoke
  t(2)->stack -- m(1)->smith -- k(2)->smoke -- c(1)->black
  t(2)->stack -- m(1)->smith -- k(2)->smoke -- c(1)->black
  t(2)->stack -- m(2)->smith -- c(1)->black -- k(2)->smoke
  t(2)->stack -- m(2)->smith -- c(1)->black -- k(2)->smoke
  t(2)->stack -- m(2)->smith -- k(2)->smoke -- c(1)->black
  t(2)->stack -- m(2)->smith -- k(2)->smoke -- c(1)->black
  t(2)->stack -- k(2)->smoke -- c(1)->black -- m(1)->smith
  t(2)->stack -- k(2)->smoke -- c(1)->black -- m(2)->smith
  t(2)->stack -- k(2)->smoke -- c(1)->black -- m(1)->smith
  t(2)->stack -- k(2)->smoke -- c(1)->black -- m(2)->smith
  t(2)->stack -- k(2)->smoke -- m(1)->smith -- c(1)->black
  t(2)->stack -- k(2)->smoke -- m(1)->smith -- c(1)->black
  t(2)->stack -- k(2)->smoke -- m(2)->smith -- c(1)->black
  t(2)->stack -- k(2)->smoke -- m(2)->smith -- c(1)->black
tenword: sweetheart/courthouse
  w(1)->sweet -- c(1)->court -- u(2)->house -- e(2)->heart
  w(1)->sweet -- c(1)->court -- e(2)->heart -- u(2)->house
  w(1)->sweet -- c(1)->court -- u(2)->house -- e(2)->heart
  w(1)->sweet -- c(1)->court -- e(2)->heart -- u(2)->house
  w(1)->sweet -- u(2)->house -- c(1)->court -- e(2)->heart
  w(1)->sweet -- u(2)->house -- c(1)->court -- e(2)->heart
  w(1)->sweet -- u(2)->house -- e(2)->heart -- c(1)->court
  w(1)->sweet -- u(2)->house -- e(2)->heart -- c(1)->court
  w(1)->sweet -- e(2)->heart -- c(1)->court -- u(2)->house
  w(1)->sweet -- e(2)->heart -- c(1)->court -- u(2)->house
  w(1)->sweet -- e(2)->heart -- u(2)->house -- c(1)->court
  w(1)->sweet -- e(2)->heart -- u(2)->house -- c(1)->court
  e(2)->heart -- c(1)->court -- u(2)->house -- w(1)->sweet
  e(2)->heart -- c(1)->court -- u(2)->house -- w(2)->sweet
  e(2)->heart -- c(1)->court -- w(1)->sweet -- u(2)->house
  e(2)->heart -- c(1)->court -- u(2)->house -- w(1)->sweet
  e(2)->heart -- c(1)->court -- u(2)->house -- w(2)->sweet
  e(2)->heart -- c(1)->court -- w(1)->sweet -- u(2)->house
  e(2)->heart -- u(2)->house -- c(1)->court -- w(1)->sweet
  e(2)->heart -- u(2)->house -- c(1)->court -- w(2)->sweet
  e(2)->heart -- u(2)->house -- c(1)->court -- w(1)->sweet
  e(2)->heart -- u(2)->house -- c(1)->court -- w(2)->sweet
  e(2)->heart -- u(2)->house -- w(1)->sweet -- c(1)->court
  e(2)->heart -- u(2)->house -- w(1)->sweet -- c(1)->court
  e(2)->heart -- u(2)->house -- w(2)->sweet -- c(1)->court
  e(2)->heart -- u(2)->house -- w(2)->sweet -- c(1)->court
  e(2)->heart -- w(1)->sweet -- c(1)->court -- u(2)->house
  e(2)->heart -- w(1)->sweet -- c(1)->court -- u(2)->house
  e(2)->heart -- w(1)->sweet -- u(2)->house -- c(1)->court
  e(2)->heart -- w(1)->sweet -- u(2)->house -- c(1)->court
