6919 5-letter words loaded
11882 10-letter words loaded, 995 after compound filtering
905 5-letter words are part of a 10-letter word
tenword: blacksmith/smokestack
  c(1)->black -- m(1)->smith -- k(2)->smoke -- t(2)->stack
  c(1)->black -- m(1)->smith -- t(2)->stack -- k(2)->smoke
  c(1)->black -- m(1)->smith -- t(2)->stack -- k(2)->smoke
  c(1)->black -- m(2)->smith -- k(2)->smoke -- t(2)->stack
  c(1)->black -- m(2)->smith -- k(2)->smoke -- t(2)->stack
  c(1)->black -- m(2)->smith -- t(2)->stack -- k(2)->smoke
  c(1)->black -- m(2)->smith -- t(2)->stack -- k(2)->smoke
  c(1)->black -- k(2)->smoke -- m(1)->smith -- t(2)->stack
  c(1)->black -- k(2)->smoke -- m(2)->smith -- t(2)->stack
  c(1)->black -- k(2)->smoke -- t(2)->stack -- m(1)->smith
  c(1)->black -- k(2)->smoke -- t(2)->stack -- m(2)->smith
  c(1)->black -- t(2)->stack -- m(1)->smith -- k(2)->smoke
  c(1)->black -- t(2)->stack -- m(1)->smith -- k(2)->smoke
  c(1)->black -- t(2)->stack -- m(2)->smith -- k(2)->smoke
  c(1)->black -- t(2)->stack -- m(2)->smith -- k(2)->smoke
  c(1)->black -- t(2)->stack -- k(2)->smoke -- m(1)->smith
  c(1)->black -- t(2)->stack -- k(2)->smoke -- m(2)->smith
  c(1)->black -- t(2)->stack -- k(2)->smoke -- m(1)->smith
  c(1)->black -- t(2)->stack -- k(2)->smoke -- m(2)->smith
  m(1)->smith -- c(1)->black -- k(2)->smoke -- t(2)->stack
  m(1)->smith -- c(1)->black -- t(2)->stack -- k(2)->smoke
  m(1)->smith -- c(1)->black -- t(2)->stack -- k(2)->smoke
  m(1)->smith -- k(2)->smoke -- c(1)->black -- t(2)->stack
  m(1)->smith -- k(2)->smoke -- t(2)->stack -- c(1)->black
  m(1)->smith -- t(2)->stack -- c(1)->black -- k(2)->smoke
  m(1)->smith -- t(2)->stack -- c(1)->black -- k(2)->smoke
  m(1)->smith -- t(2)->stack -- k(2)->smoke -- c(1)->black
  m(1)->smith -- t(2)->stack -- k(2)->smoke -- c(1)->black
  m(2)->smith -- c(1)->black -- k(2)->smoke -- t(2)->stack
  m(2)->smith -- c(1)->black -- k(2)->smoke -- t(2)->stack
  m(2)->smith -- c(1)->black -- t(2)->stack -- k(2)->smoke
  m(2)->smith -- c(1)->black -- t(2)->stack -- k(2)->smoke
  m(2)->smith -- k(2)->smoke -- c(1)->black -- t(2)->stack
  m(2)->smith -- k(2)->smoke -- t(2)->stack -- c(1)->black
  m(2)->smith -- k(2)->smoke -- c(1)->black -- t(2)->stack
  m(2)->smith -- k(2)->smoke -- t(2)->stack -- c(1)->black
  m(2)->smith -- t(2)->stack -- c(1)->black -- k(2)->smoke
  m(2)->smith -- t(2)->stack -- c(1)->black -- k(2)->smoke
  m(2)->smith -- t(2)->stack -- k(2)->smoke -- c(1)->black
  m(2)->smith -- t(2)->stack -- k(2)->smoke -- c(1)->black
tenword: brainstorm/chalkboard
  i(1)->brain -- h(1)->chalk -- d(1)->board -- m(1)->storm
  i(1)->brain -- h(1)->chalk -- d(1)->board -- m(2)->storm
  i(1)->brain -- h(1)->chalk -- d(2)->board -- m(1)->storm
  i(1)->brain -- h(1)->chalk -- d(2)->board -- m(2)->storm
  i(1)->brain -- h(1)->chalk -- m(1)->storm -- d(1)->board
  i(1)->brain -- h(1)->chalk -- m(1)->storm -- d(1)->board
  i(1)->brain -- h(1)->chalk -- m(1)->storm -- d(2)->board
  i(1)->brain -- h(1)->chalk -- m(2)->storm -- d(1)->board
  i(1)->brain -- h(1)->chalk -- m(2)->storm -- d(2)->board
  i(1)->brain -- d(2)->board -- h(1)->chalk -- m(1)->storm
  i(1)->brain -- d(2)->board -- h(1)->chalk -- m(2)->storm
  i(1)->brain -- d(2)->board -- m(1)->storm -- h(1)->chalk
  i(1)->brain -- d(2)->board -- m(2)->storm -- h(1)->chalk
  i(1)->brain -- m(1)->storm -- h(1)->chalk -- d(1)->board
  i(1)->brain -- m(1)->storm -- h(1)->chalk -- d(1)->board
  i(1)->brain -- m(1)->storm -- h(1)->chalk -- d(2)->board
  i(1)->brain -- m(1)->storm -- d(1)->board -- h(1)->chalk
  i(1)->brain -- m(1)->storm -- d(2)->board -- h(1)->chalk
  i(1)->brain -- m(2)->storm -- h(1)->chalk -- d(1)->board
  i(1)->brain -- m(2)->storm -- h(1)->chalk -- d(2)->board
  i(1)->brain -- m(2)->storm -- d(2)->board -- h(1)->chalk
  m(1)->storm -- h(1)->chalk -- d(1)->board -- i(1)->brain
  m(1)->storm -- h(1)->chalk -- d(2)->board -- i(1)->brain
  m(1)->storm -- h(1)->chalk -- i(1)->brain -- d(1)->board
  m(1)->storm -- h(1)->chalk -- i(1)->brain -- d(1)->board
  m(1)->storm -- h(1)->chalk -- i(1)->brain -- d(2)->board
  m(1)->storm -- d(2)->board -- h(1)->chalk -- i(1)->brain
  m(1)->storm -- d(2)->board -- i(1)->brain -- h(1)->chalk
  m(1)->storm -- i(1)->brain -- h(1)->chalk -- d(1)->board
  m(1)->storm -- i(1)->brain -- h(1)->chalk -- d(1)->board
  m(1)->storm -- i(1)->brain -- h(1)->chalk -- d(2)->board
  m(1)->storm -- i(1)->brain -- d(1)->board -- h(1)->chalk
  m(1)->storm -- i(1)->brain -- d(2)->board -- h(1)->chalk
  m(2)->storm -- h(1)->chalk -- d(2)->board -- i(1)->brain
  m(2)->storm -- h(1)->chalk -- i(1)->brain -- d(1)->board
  m(2)->storm -- h(1)->chalk -- i(1)->brain -- d(2)->board
  m(2)->storm -- d(2)->board -- h(1)->chalk -- i(1)->brain
  m(2)->storm -- d(2)->board -- i(1)->brain -- h(1)->chalk
  m(2)->storm -- i(1)->brain -- h(1)->chalk -- d(1)->board
  m(2)->storm -- i(1)->brain -- h(1)->chalk -- d(2)->board
  m(2)->storm -- i(1)->brain -- d(2)->board -- h(1)->chalk
tenword: chalkboard/brainstorm
  h(1)->chalk -- d(2)->board -- i(1)->brain -- m(1)->storm
  h(1)->chalk -- d(2)->board -- i(1)->brain -- m(2)->storm
  h(1)->chalk -- d(2)->board -- m(1)->storm -- i(1)->brain
  h(1)->chalk -- d(2)->board -- m(2)->storm -- i(1)->brain
  h(1)->chalk -- i(1)->brain -- d(1)->board -- m(1)->storm
  h(1)->chalk -- i(1)->brain -- d(1)->board -- m(2)->storm
  h(1)->chalk -- i(1)->brain -- d(2)->board -- m(1)->storm
  h(1)->chalk -- i(1)->brain -- d(2)->board -- m(2)->storm
  h(1)->chalk -- i(1)->brain -- m(1)->storm -- d(1)->board
  h(1)->chalk -- i(1)->brain -- m(1)->storm -- d(1)->board
  h(1)->chalk -- i(1)->brain -- m(1)->storm -- d(2)->board
  h(1)->chalk -- i(1)->brain -- m(2)->storm -- d(1)->board
  h(1)->chalk -- i(1)->brain -- m(2)->storm -- d(2)->board
  h(1)->chalk -- m(1)->storm -- d(1)->board -- i(1)->brain
  h(1)->chalk -- m(1)->storm -- d(2)->board -- i(1)->brain
  h(1)->chalk -- m(1)->storm -- i(1)->brain -- d(1)->board
  h(1)->chalk -- m(1)->storm -- i(1)->brain -- d(1)->board
  h(1)->chalk -- m(1)->storm -- i(1)->brain -- d(2)->board
  h(1)->chalk -- m(2)->storm -- d(2)->board -- i(1)->brain
  h(1)->chalk -- m(2)->storm -- i(1)->brain -- d(1)->board
  h(1)->chalk -- m(2)->storm -- i(1)->brain -- d(2)->board
  d(2)->board -- h(1)->chalk -- i(1)->brain -- m(1)->storm
  d(2)->board -- h(1)->chalk -- i(1)->brain -- m(2)->storm
  d(2)->board -- h(1)->chalk -- m(1)->storm -- i(1)->brain
  d(2)->board -- h(1)->chalk -- m(2)->storm -- i(1)->brain
  d(2)->board -- i(1)->brain -- h(1)->chalk -- m(1)->storm
  d(2)->board -- i(1)->brain -- h(1)->chalk -- m(2)->storm
  d(2)->board -- i(1)->brain -- m(1)->storm -- h(1)->chalk
  d(2)->board -- i(1)->brain -- m(2)->storm -- h(1)->chalk
  d(2)->board -- m(1)->storm -- h(1)->chalk -- i(1)->brain
  d(2)->board -- m(1)->storm -- i(1)->brain -- h(1)->chalk
  d(2)->board -- m(2)->storm -- h(1)->chalk -- i(1)->brain
  d(2)->board -- m(2)->storm -- i(1)->brain -- h(1)->chalk
tenword: earthquake/watchtower
  k(2)->quake -- w(1)->watch -- w(2)->tower -- r(1)->earth
  k(2)->quake -- w(1)->watch -- r(1)->earth -- w(2)->tower
  k(2)->quake -- w(2)->watch -- w(1)->tower -- r(1)->earth
  k(2)->quake -- w(1)->tower -- w(2)->watch -- r(1)->earth
  k(2)->quake -- w(1)->tower -- r(1)->earth -- w(2)->watch
  k(2)->quake -- w(2)->tower -- w(1)->watch -- r(1)->earth
tenword: smokestack/blacksmith
  k(2)->smoke -- c(1)->black -- m(1)->smith -- t(2)->stack
  k(2)->smoke -- c(1)->black -- m(2)->smith -- t(2)->stack
  k(2)->smoke -- c(1)->black -- t(2)->stack -- m(1)->smith
  k(2)->smoke -- c(1)->black -- t(2)->stack -- m(2)->smith
  k(2)->smoke -- m(1)->smith -- c(1)->black -- t(2)->stack
  k(2)->smoke -- m(1)->smith -- t(2)->stack -- c(1)->black
  k(2)->smoke -- m(2)->smith -- c(1)->black -- t(2)->stack
  k(2)->smoke -- m(2)->smith -- t(2)->stack -- c(1)->black
  k(2)->smoke -- t(2)->stack -- c(1)->black -- m(1)->smith
  k(2)->smoke -- t(2)->stack -- c(1)->black -- m(2)->smith
  k(2)->smoke -- t(2)->stack -- m(1)->smith -- c(1)->black
  k(2)->smoke -- t(2)->stack -- m(2)->smith -- c(1)->black
  t(2)->stack -- c(1)->black -- m(1)->smith -- k(2)->smoke
  t(2)->stack -- c(1)->black -- m(1)->smith -- k(2)->smoke
  t(2)->stack -- c(1)->black -- m(2)->smith -- k(2)->smoke
  t(2)->stack -- c(1)->black -- m(2)->smith -- k(2)->smoke
  t(2)->stack -- c(1)->black -- k(2)->smoke -- m(1)->smith
  t(2)->stack -- c(1)->black -- k(2)->smoke -- m(2)->smith
  t(2)->stack -- c(1)->black -- k(2)->smoke -- m(1)->smith
  t(2)->stack -- c(1)->black -- k(2)->smoke -- m(2)->smith
  t(2)->stack -- m(1)->smith -- c(1)->black -- k(2)->smoke
  t(2)->stack -- m(1)->smith -- c(1)->black -- k(2)->smoke
  t(2)->stack -- m(1)->smith -- k(2)->smoke -- c(1)->black
  t(2)->stack -- m(1)->smith -- k(2)->smoke -- c(1)->black
  t(2)->stack -- m(2)->smith -- c(1)->black -- k(2)->smoke
  t(2)->stack -- m(2)->smith -- c(1)->black -- k(2)->smoke
  t(2)->stack -- m(2)->smith -- k(2)->smoke -- c(1)->black
  t(2)->stack -- m(2)->smith -- k(2)->smoke -- c(1)->black
  t(2)->stack -- k(2)->smoke -- c(1)->black -- m(1)->smith
  t(2)->stack -- k(2)->smoke -- c(1)->black -- m(2)->smith
  t(2)->stack -- k(2)->smoke -- m(1)->smith -- c(1)->black
  t(2)->stack -- k(2)->smoke -- m(2)->smith -- c(1)->black
  t(2)->stack -- k(2)->smoke -- c(1)->black -- m(1)->smith
  t(2)->stack -- k(2)->smoke -- c(1)->black -- m(2)->smith
  t(2)->stack -- k(2)->smoke -- m(1)->smith -- c(1)->black
  t(2)->stack -- k(2)->smoke -- m(2)->smith -- c(1)->black
tenword: watchtower/earthquake
  w(1)->watch -- w(2)->tower -- r(1)->earth -- k(2)->quake
  w(1)->watch -- w(2)->tower -- r(1)->earth -- k(2)->quake
  w(1)->watch -- w(2)->tower -- k(2)->quake -- r(1)->earth
  w(1)->watch -- w(2)->tower -- k(2)->quake -- r(1)->earth
  w(1)->watch -- r(1)->earth -- w(2)->tower -- k(2)->quake
  w(1)->watch -- r(1)->earth -- w(2)->tower -- k(2)->quake
  w(1)->watch -- r(1)->earth -- k(2)->quake -- w(2)->tower
  w(1)->watch -- k(2)->quake -- w(2)->tower -- r(1)->earth
  w(1)->watch -- k(2)->quake -- r(1)->earth -- w(2)->tower
  w(2)->watch -- w(1)->tower -- r(1)->earth -- k(2)->quake
  w(2)->watch -- w(1)->tower -- r(1)->earth -- k(2)->quake
  w(2)->watch -- w(1)->tower -- k(2)->quake -- r(1)->earth
  w(2)->watch -- w(1)->tower -- k(2)->quake -- r(1)->earth
  w(2)->watch -- k(2)->quake -- w(1)->tower -- r(1)->earth
  w(2)->watch -- k(2)->quake -- w(1)->tower -- r(1)->earth
  w(1)->tower -- w(2)->watch -- r(1)->earth -- k(2)->quake
  w(1)->tower -- w(2)->watch -- r(1)->earth -- k(2)->quake
  w(1)->tower -- w(2)->watch -- k(2)->quake -- r(1)->earth
  w(1)->tower -- w(2)->watch -- k(2)->quake -- r(1)->earth
  w(1)->tower -- r(1)->earth -- w(2)->watch -- k(2)->quake
  w(1)->tower -- r(1)->earth -- w(2)->watch -- k(2)->quake
  w(1)->tower -- r(1)->earth -- k(2)->quake -- w(2)->watch
  w(1)->tower -- k(2)->quake -- w(2)->watch -- r(1)->earth
  w(1)->tower -- k(2)->quake -- r(1)->earth -- w(2)->watch
  w(2)->tower -- w(1)->watch -- r(1)->earth -- k(2)->quake
  w(2)->tower -- w(1)->watch -- r(1)->earth -- k(2)->quake
  w(2)->tower -- w(1)->watch -- k(2)->quake -- r(1)->earth
  w(2)->tower -- w(1)->watch -- k(2)->quake -- r(1)->earth
  w(2)->tower -- k(2)->quake -- w(1)->watch -- r(1)->earth
  w(2)->tower -- k(2)->quake -- w(1)->watch -- r(1)->earth
