QQQ
QQB
QQV
QQI
QQR
QQP
QQX
QBQ
QBB
QBV
QBI
QBR
QBP
QBX
QVQ
QVB
QVV
QVI
QVR
QVP
QVX
QIQ
QIB
QIV
QII
QIR
QIP
QIX
QRQ
QRB
QRV
QRI
QRR
QRP
QRX
QPQ
QPB
QPV
QPI
QPR
QPP
QPX
QXQ
QXB
QXV
QXI
QXR
QXP
QXX
BQQ
BQB
BQV
BQI
BQR
BQP
BQX
BBQ
BBB
BBV
BBI
BBR
BBP
BBX
BVQ
BVB
BVV
BVI
BVR
BVP
BVX
BIQ
BIB
BIV
BII
BIR
BIP
BIX
BRQ
BRB
BRV
BRI
BRR
BRP
BRX
BPQ
BPB
BPV
BPI
BPR
BPP
BPX
BXQ
BXB
BXV
BXI
BXR
BXP
BXX
VQQ
VQB
VQV
VQI
VQR
VQP
VQX
VBQ
VBB
VBV
VBI
VBR
VBP
VBX
VVQ
VVB
VVV
VVI
VVR
VVP
VVX
VIQ
VIB
VIV
VII
VIR
VIP
VIX
VRQ
VRB
VRV
VRI
VRR
VRP
VRX
VPQ
VPB
VPV
VPI
VPR
VPP
VPX
VXQ
VXB
VXV
VXI
VXR
VXP
VXX
IQQ
IQB
IQV
IQI
IQR
IQP
IQX
IBQ
IBB
IBV
IBI
IBR
IBP
IBX
IVQ
IVB
IVV
IVI
IVR
IVP
IVX
IIQ
IIB
IIV
III
IIR
IIP
IIX
IRQ
IRB
IRV
IRI
IRR
IRP
IRX
IPQ
IPB
IPV
IPI
IPR
IPP
IPX
IXQ
IXB
IXV
IXI
IXR
IXP
IXX
RQQ
RQB
RQV
RQI
RQR
RQP
RQX
RBQ
RBB
RBV
RBI
RBR
RBP
RBX
RVQ
RVB
RVV
RVI
RVR
RVP
RVX
RIQ
RIB
RIV
RII
RIR
RIP
RIX
RRQ
RRB
RRV
RRI
RRR
RRP
RRX
RPQ
RPB
RPV
RPI
RPR
RPP
RPX
RXQ
RXB
RXV
RXI
RXR
RXP
RXX
PQQ
PQB
PQV
PQI
PQR
PQP
PQX
PBQ
PBB
PBV
PBI
PBR
PBP
PBX
PVQ
PVB
PVV
PVI
PVR
PVP
PVX
PIQ
PIB
PIV
PII
PIR
PIP
PIX
PRQ
PRB
PRV
PRI
PRR
PRP
PRX
PPQ
PPB
PPV
PPI
PPR
PPP
PPX
PXQ
PXB
PXV
PXI
PXR
PXP
PXX
XQQ
XQB
XQV
XQI
XQR
XQP
XQX
XBQ
XBB
XBV
XBI
XBR
XBP
XBX
XVQ
XVB
XVV
XVI
XVR
XVP
XVX
XIQ
XIB
XIV
XII
XIR
XIP
XIX
XRQ
XRB
XRV
XRI
XRR
XRP
XRX
XPQ
XPB
XPV
XPI
XPR
XPP
XPX
XXQ
XXB
XXV
XXI
XXR
XXP
XXX
