V
VV
VVV
VVO
VVS
VVG
VVM
VVF
VVW
VVA
VVR
VVJ
VO
VOV
VOO
VOS
VOG
VOM
VOF
VOW
VOA
VOR
VOJ
VS
VSV
VSO
VSS
VSG
VSM
VSF
VSW
VSA
VSR
VSJ
VG
VGV
VGO
VGS
VGG
VGM
VGF
VGW
VGA
VGR
VGJ
VM
VMV
VMO
VMS
VMG
VMM
VMF
VMW
VMA
VMR
VMJ
VF
VFV
VFO
VFS
VFG
VFM
VFF
VFW
VFA
VFR
VFJ
VW
VWV
VWO
VWS
VWG
VWM
VWF
VWW
VWA
VWR
VWJ
VA
VAV
VAO
VAS
VAG
VAM
VAF
VAW
VAA
VAR
VAJ
VR
VRV
VRO
VRS
VRG
VRM
VRF
VRW
VRA
VRR
VRJ
VJ
VJV
VJO
VJS
VJG
VJM
VJF
VJW
VJA
VJR
VJJ
O
OV
OVV
OVO
OVS
OVG
OVM
OVF
OVW
OVA
OVR
OVJ
OO
OOV
OOO
OOS
OOG
OOM
OOF
OOW
OOA
OOR
OOJ
OS
OSV
OSO
OSS
OSG
OSM
OSF
OSW
OSA
OSR
OSJ
OG
OGV
OGO
OGS
OGG
OGM
OGF
OGW
OGA
OGR
OGJ
OM
OMV
OMO
OMS
OMG
OMM
OMF
OMW
OMA
OMR
OMJ
OF
OFV
OFO
OFS
OFG
OFM
OFF
OFW
OFA
OFR
OFJ
OW
OWV
OWO
OWS
OWG
OWM
OWF
OWW
OWA
OWR
OWJ
OA
OAV
OAO
OAS
OAG
OAM
OAF
OAW
OAA
OAR
OAJ
OR
ORV
ORO
ORS
ORG
ORM
ORF
ORW
ORA
ORR
ORJ
OJ
OJV
OJO
OJS
OJG
OJM
OJF
OJW
OJA
OJR
OJJ
S
SV
SVV
SVO
SVS
SVG
SVM
SVF
SVW
SVA
SVR
SVJ
SO
SOV
SOO
SOS
SOG
SOM
SOF
SOW
SOA
SOR
SOJ
SS
SSV
SSO
SSS
SSG
SSM
SSF
SSW
SSA
SSR
SSJ
SG
SGV
SGO
SGS
SGG
SGM
SGF
SGW
SGA
SGR
SGJ
SM
SMV
SMO
SMS
SMG
SMM
SMF
SMW
SMA
SMR
SMJ
SF
SFV
SFO
SFS
SFG
SFM
SFF
SFW
SFA
SFR
SFJ
SW
SWV
SWO
SWS
SWG
SWM
SWF
SWW
SWA
SWR
SWJ
SA
SAV
SAO
SAS
SAG
SAM
SAF
SAW
SAA
SAR
SAJ
SR
SRV
SRO
SRS
SRG
SRM
SRF
SRW
SRA
SRR
SRJ
SJ
SJV
SJO
SJS
SJG
SJM
SJF
SJW
SJA
SJR
SJJ
G
GV
GVV
GVO
GVS
GVG
GVM
GVF
GVW
GVA
GVR
GVJ
GO
GOV
GOO
GOS
GOG
GOM
GOF
GOW
GOA
GOR
GOJ
GS
GSV
GSO
GSS
GSG
GSM
GSF
GSW
GSA
GSR
GSJ
GG
GGV
GGO
GGS
GGG
GGM
GGF
GGW
GGA
GGR
GGJ
GM
GMV
GMO
GMS
GMG
GMM
GMF
GMW
GMA
GMR
GMJ
GF
GFV
GFO
GFS
GFG
GFM
GFF
GFW
GFA
GFR
GFJ
GW
GWV
GWO
GWS
GWG
GWM
GWF
GWW
GWA
GWR
GWJ
GA
GAV
GAO
GAS
GAG
GAM
GAF
GAW
GAA
GAR
GAJ
GR
GRV
GRO
GRS
GRG
GRM
GRF
GRW
GRA
GRR
GRJ
GJ
GJV
GJO
GJS
GJG
GJM
GJF
GJW
GJA
GJR
GJJ
M
MV
MVV
MVO
MVS
MVG
MVM
MVF
MVW
MVA
MVR
MVJ
MO
MOV
MOO
MOS
MOG
MOM
MOF
MOW
MOA
MOR
MOJ
MS
MSV
MSO
MSS
MSG
MSM
MSF
MSW
MSA
MSR
MSJ
MG
MGV
MGO
MGS
MGG
MGM
MGF
MGW
MGA
MGR
MGJ
MM
MMV
MMO
MMS
MMG
MMM
MMF
MMW
MMA
MMR
MMJ
MF
MFV
MFO
MFS
MFG
MFM
MFF
MFW
MFA
MFR
MFJ
MW
MWV
MWO
MWS
MWG
MWM
MWF
MWW
MWA
MWR
MWJ
MA
MAV
MAO
MAS
MAG
MAM
MAF
MAW
MAA
MAR
MAJ
MR
MRV
MRO
MRS
MRG
MRM
MRF
MRW
MRA
MRR
MRJ
MJ
MJV
MJO
MJS
MJG
MJM
MJF
MJW
MJA
MJR
MJJ
F
FV
FVV
FVO
FVS
FVG
FVM
FVF
FVW
FVA
FVR
FVJ
FO
FOV
FOO
FOS
FOG
FOM
FOF
FOW
FOA
FOR
FOJ
FS
FSV
FSO
FSS
FSG
FSM
FSF
FSW
FSA
FSR
FSJ
FG
FGV
FGO
FGS
FGG
FGM
FGF
FGW
FGA
FGR
FGJ
FM
FMV
FMO
FMS
FMG
FMM
FMF
FMW
FMA
FMR
FMJ
FF
FFV
FFO
FFS
FFG
FFM
FFF
FFW
FFA
FFR
FFJ
FW
FWV
FWO
FWS
FWG
FWM
FWF
FWW
FWA
FWR
FWJ
FA
FAV
FAO
FAS
FAG
FAM
FAF
FAW
FAA
FAR
FAJ
FR
FRV
FRO
FRS
FRG
FRM
FRF
FRW
FRA
FRR
FRJ
FJ
FJV
FJO
FJS
FJG
FJM
FJF
FJW
FJA
FJR
FJJ
W
WV
WVV
WVO
WVS
WVG
WVM
WVF
WVW
WVA
WVR
WVJ
WO
WOV
WOO
WOS
WOG
WOM
WOF
WOW
WOA
WOR
WOJ
WS
WSV
WSO
WSS
WSG
WSM
WSF
WSW
WSA
WSR
WSJ
WG
WGV
WGO
WGS
WGG
WGM
WGF
WGW
WGA
WGR
WGJ
WM
WMV
WMO
WMS
WMG
WMM
WMF
WMW
WMA
WMR
WMJ
WF
WFV
WFO
WFS
WFG
WFM
WFF
WFW
WFA
WFR
WFJ
WW
WWV
WWO
WWS
WWG
WWM
WWF
WWW
WWA
WWR
WWJ
WA
WAV
WAO
WAS
WAG
WAM
WAF
WAW
WAA
WAR
WAJ
WR
WRV
WRO
WRS
WRG
WRM
WRF
WRW
WRA
WRR
WRJ
WJ
WJV
WJO
WJS
WJG
WJM
WJF
WJW
WJA
WJR
WJJ
A
AV
AVV
AVO
AVS
AVG
AVM
AVF
AVW
AVA
AVR
AVJ
AO
AOV
AOO
AOS
AOG
AOM
AOF
AOW
AOA
AOR
AOJ
AS
ASV
ASO
ASS
ASG
ASM
ASF
ASW
ASA
ASR
ASJ
AG
AGV
AGO
AGS
AGG
AGM
AGF
AGW
AGA
AGR
AGJ
AM
AMV
AMO
AMS
AMG
AMM
AMF
AMW
AMA
AMR
AMJ
AF
AFV
AFO
AFS
AFG
AFM
AFF
AFW
AFA
AFR
AFJ
AW
AWV
AWO
AWS
AWG
AWM
AWF
AWW
AWA
AWR
AWJ
AA
AAV
AAO
AAS
AAG
AAM
AAF
AAW
AAA
AAR
AAJ
AR
ARV
ARO
ARS
ARG
ARM
ARF
ARW
ARA
ARR
ARJ
AJ
AJV
AJO
AJS
AJG
AJM
AJF
AJW
AJA
AJR
AJJ
R
RV
RVV
RVO
RVS
RVG
RVM
RVF
RVW
RVA
RVR
RVJ
RO
ROV
ROO
ROS
ROG
ROM
ROF
ROW
ROA
ROR
ROJ
RS
RSV
RSO
RSS
RSG
RSM
RSF
RSW
RSA
RSR
RSJ
RG
RGV
RGO
RGS
RGG
RGM
RGF
RGW
RGA
RGR
RGJ
RM
RMV
RMO
RMS
RMG
RMM
RMF
RMW
RMA
RMR
RMJ
RF
RFV
RFO
RFS
RFG
RFM
RFF
RFW
RFA
RFR
RFJ
RW
RWV
RWO
RWS
RWG
RWM
RWF
RWW
RWA
RWR
RWJ
RA
RAV
RAO
RAS
RAG
RAM
RAF
RAW
RAA
RAR
RAJ
RR
RRV
RRO
RRS
RRG
RRM
RRF
RRW
RRA
RRR
RRJ
RJ
RJV
RJO
RJS
RJG
RJM
RJF
RJW
RJA
RJR
RJJ
J
JV
JVV
JVO
JVS
JVG
JVM
JVF
JVW
JVA
JVR
JVJ
JO
JOV
JOO
JOS
JOG
JOM
JOF
JOW
JOA
JOR
JOJ
JS
JSV
JSO
JSS
JSG
JSM
JSF
JSW
JSA
JSR
JSJ
JG
JGV
JGO
JGS
JGG
JGM
JGF
JGW
JGA
JGR
JGJ
JM
JMV
JMO
JMS
JMG
JMM
JMF
JMW
JMA
JMR
JMJ
JF
JFV
JFO
JFS
JFG
JFM
JFF
JFW
JFA
JFR
JFJ
JW
JWV
JWO
JWS
JWG
JWM
JWF
JWW
JWA
JWR
JWJ
JA
JAV
JAO
JAS
JAG
JAM
JAF
JAW
JAA
JAR
JAJ
JR
JRV
JRO
JRS
JRG
JRM
JRF
JRW
JRA
JRR
JRJ
JJ
JJV
JJO
JJS
JJG
JJM
JJF
JJW
JJA
JJR
JJJ
